{"E:\\projects\\aeroflow\\build\\coverage.js":{"path":"E:\\projects\\aeroflow\\build\\coverage.js","s":{"1":1,"2":1,"3":1},"b":{},"f":{},"fnMap":{},"statementMap":{"1":{"start":{"line":1,"column":-15},"end":{"line":1,"column":-11}},"2":{"start":{"line":2,"column":0},"end":{"line":2,"column":0}},"3":{"start":{"line":4,"column":0},"end":{"line":4,"column":0}}},"branchMap":{}},"E:\\projects\\aeroflow\\build\\legacy\\aeroflow.tests.js":{"path":"E:\\projects\\aeroflow\\build\\legacy\\aeroflow.tests.js","s":{"1":1,"2":1,"3":0,"4":1,"5":1,"6":0,"7":0,"8":0,"9":1,"10":1,"11":1,"12":1,"13":1,"14":1,"15":1,"16":1,"17":1,"18":1,"19":1,"20":1,"21":1,"22":1,"23":1,"24":1,"25":1,"26":1,"27":1,"28":1,"29":1,"30":3,"31":1,"32":1,"33":1,"34":1,"35":1,"36":1,"37":1,"38":1,"39":1,"40":1,"41":1,"42":1,"43":1,"44":1,"45":1,"46":1,"47":1,"48":1,"49":1,"50":1,"51":1,"52":1,"53":1,"54":1,"55":1,"56":1,"57":1,"58":1,"59":1,"60":1,"61":1,"62":1,"63":1,"64":1,"65":1,"66":1,"67":1,"68":1,"69":1,"70":1,"71":1,"72":1,"73":1,"74":1,"75":1,"76":1,"77":1,"78":1,"79":1,"80":1,"81":1,"82":1,"83":1,"84":1,"85":1,"86":1,"87":1,"88":1,"89":1,"90":1,"91":1,"92":1,"93":1,"94":1,"95":1,"96":1,"97":1,"98":1,"99":1,"100":1,"101":7,"102":1,"103":1,"104":1,"105":1,"106":1,"107":1,"108":1,"109":1,"110":1,"111":1,"112":1,"113":1,"114":1,"115":1,"116":1,"117":1,"118":1,"119":4,"120":1,"121":1,"122":1,"123":1,"124":1,"125":1,"126":1,"127":1,"128":8,"129":1,"130":1,"131":1,"132":1,"133":1,"134":4,"135":1,"136":1,"137":1,"138":1,"139":1,"140":3,"141":1,"142":1,"143":1,"144":1,"145":1,"146":1,"147":1,"148":1,"149":1,"150":1,"151":1,"152":1,"153":1,"154":1,"155":1,"156":1,"157":1,"158":1,"159":1,"160":1,"161":1,"162":1,"163":1,"164":1,"165":1,"166":1,"167":1,"168":2,"169":1,"170":1,"171":1,"172":1,"173":1,"174":1,"175":1,"176":1,"177":1,"178":1,"179":1,"180":1,"181":1,"182":1,"183":1,"184":1,"185":1,"186":1,"187":1,"188":1,"189":1,"190":1,"191":1,"192":1,"193":1,"194":1,"195":1,"196":2,"197":1,"198":1,"199":1,"200":1,"201":1,"202":1,"203":1,"204":1,"205":1,"206":1,"207":1,"208":1,"209":1,"210":1,"211":1,"212":1,"213":1,"214":1,"215":1,"216":1,"217":1,"218":1,"219":1,"220":1,"221":1,"222":1,"223":1,"224":1,"225":1,"226":1,"227":1,"228":1,"229":1,"230":1,"231":0,"232":1,"233":1,"234":1,"235":1,"236":2,"237":1,"238":1,"239":1,"240":1,"241":1,"242":4,"243":1,"244":1,"245":1,"246":1,"247":1,"248":3,"249":1,"250":1,"251":1,"252":1,"253":1,"254":1,"255":1,"256":1,"257":1,"258":1,"259":1,"260":1,"261":1,"262":1,"263":1,"264":1,"265":1,"266":1,"267":1,"268":1,"269":1,"270":1,"271":1,"272":1,"273":1,"274":1,"275":1,"276":1,"277":1,"278":1,"279":1,"280":1,"281":1,"282":1,"283":1,"284":1,"285":1,"286":1,"287":1,"288":1,"289":1,"290":1,"291":1,"292":1,"293":1,"294":1,"295":1,"296":1,"297":1,"298":1,"299":1,"300":1,"301":1,"302":1,"303":1,"304":1,"305":1,"306":1,"307":1,"308":1,"309":1,"310":1,"311":1,"312":1,"313":1,"314":1,"315":1,"316":1,"317":1,"318":1,"319":1,"320":1,"321":1,"322":1,"323":1,"324":1,"325":1,"326":1,"327":1,"328":1,"329":1,"330":1,"331":1,"332":1,"333":1,"334":1,"335":1,"336":1,"337":1,"338":1,"339":1,"340":1,"341":1,"342":1,"343":1,"344":1,"345":1,"346":1,"347":1,"348":1,"349":1,"350":1,"351":1,"352":1,"353":1,"354":1,"355":1,"356":1,"357":1,"358":1,"359":1,"360":1,"361":1,"362":1,"363":1,"364":1,"365":1,"366":1,"367":1,"368":1,"369":1,"370":1,"371":1,"372":1,"373":1,"374":1,"375":1,"376":1,"377":1,"378":1,"379":1,"380":1,"381":1,"382":1,"383":1,"384":1,"385":1,"386":1,"387":1,"388":6,"389":1,"390":1,"391":1,"392":1,"393":1,"394":2,"395":1,"396":1,"397":1,"398":1,"399":1,"400":4,"401":1,"402":1,"403":1,"404":1,"405":1,"406":1,"407":1,"408":1,"409":1,"410":1,"411":1,"412":1,"413":1,"414":1,"415":1,"416":1,"417":1,"418":1,"419":2,"420":1,"421":1,"422":1,"423":1,"424":1,"425":1,"426":1,"427":1,"428":1,"429":1,"430":1,"431":1,"432":1,"433":1,"434":1,"435":1,"436":1,"437":1,"438":1,"439":1,"440":1,"441":1,"442":1,"443":1,"444":1,"445":1,"446":1,"447":1,"448":1,"449":1,"450":1,"451":1,"452":1,"453":1,"454":1,"455":1,"456":1,"457":1,"458":1,"459":1,"460":1,"461":1,"462":1,"463":1,"464":1,"465":1,"466":1,"467":1,"468":1,"469":1,"470":1,"471":1,"472":1,"473":4,"474":1,"475":1,"476":1,"477":1,"478":1,"479":1,"480":1,"481":1,"482":1,"483":1,"484":1,"485":1,"486":1,"487":1,"488":1,"489":1,"490":1,"491":1,"492":1,"493":1,"494":1,"495":1,"496":1,"497":1,"498":1,"499":1,"500":1,"501":1,"502":1,"503":1,"504":1,"505":1,"506":4,"507":1,"508":1,"509":1,"510":1,"511":1,"512":1,"513":1,"514":1,"515":1,"516":1,"517":1,"518":1,"519":1,"520":1,"521":1,"522":1,"523":1,"524":1,"525":1,"526":1,"527":1,"528":1,"529":1,"530":1,"531":1,"532":1,"533":1,"534":1,"535":1,"536":1,"537":1,"538":1,"539":1,"540":1,"541":1,"542":1,"543":1,"544":1,"545":1,"546":1,"547":1,"548":1,"549":1,"550":1,"551":1,"552":1,"553":1,"554":1,"555":1,"556":1,"557":1,"558":1,"559":1,"560":1,"561":1,"562":1,"563":1,"564":1,"565":1,"566":4,"567":1,"568":1,"569":1,"570":1,"571":1,"572":0,"573":1,"574":1,"575":1,"576":1,"577":1,"578":1,"579":1,"580":1,"581":1,"582":1,"583":1,"584":1,"585":1,"586":1,"587":1,"588":1,"589":1,"590":1,"591":1,"592":1,"593":1,"594":1,"595":1,"596":1,"597":1,"598":1,"599":1,"600":1,"601":1,"602":1,"603":1,"604":8,"605":1,"606":1,"607":1,"608":1,"609":1,"610":4,"611":1,"612":1,"613":1,"614":1,"615":1,"616":1,"617":1,"618":1,"619":1,"620":1,"621":1,"622":1,"623":1,"624":1,"625":1,"626":1,"627":1,"628":1,"629":1,"630":1,"631":1,"632":1,"633":1,"634":1,"635":1,"636":1,"637":1,"638":1,"639":1,"640":1,"641":1,"642":1,"643":1,"644":1,"645":1,"646":1,"647":1,"648":1,"649":1,"650":1,"651":1,"652":1,"653":1,"654":1,"655":1,"656":1,"657":1,"658":1,"659":1,"660":1,"661":1,"662":1,"663":1,"664":1,"665":1,"666":1,"667":1,"668":1,"669":1,"670":1,"671":1,"672":1,"673":1,"674":1,"675":1,"676":1,"677":1,"678":1,"679":1,"680":1,"681":1,"682":1,"683":1,"684":1,"685":1,"686":1,"687":3,"688":1,"689":1,"690":1,"691":1,"692":1,"693":1,"694":1,"695":1,"696":1,"697":1,"698":1,"699":1,"700":1,"701":1,"702":1,"703":1,"704":1,"705":1,"706":1,"707":1,"708":1,"709":1,"710":1,"711":1,"712":20,"713":1,"714":1},"b":{"1":[0,1],"2":[1,0],"3":[1,0],"4":[1,3],"5":[1,1],"6":[0,2],"7":[1,2]},"f":{"1":1,"2":1,"3":1,"4":1,"5":1,"6":1,"7":1,"8":1,"9":1,"10":1,"11":1,"12":1,"13":1,"14":1,"15":3,"16":1,"17":1,"18":1,"19":1,"20":1,"21":1,"22":1,"23":1,"24":1,"25":1,"26":1,"27":1,"28":1,"29":1,"30":1,"31":1,"32":1,"33":1,"34":1,"35":1,"36":1,"37":1,"38":1,"39":1,"40":1,"41":1,"42":1,"43":1,"44":1,"45":1,"46":1,"47":1,"48":1,"49":1,"50":1,"51":1,"52":1,"53":1,"54":1,"55":1,"56":1,"57":1,"58":1,"59":1,"60":7,"61":1,"62":1,"63":1,"64":1,"65":1,"66":1,"67":1,"68":1,"69":1,"70":1,"71":4,"72":1,"73":1,"74":1,"75":1,"76":8,"77":1,"78":1,"79":1,"80":4,"81":1,"82":1,"83":1,"84":3,"85":1,"86":1,"87":1,"88":1,"89":1,"90":1,"91":1,"92":1,"93":1,"94":1,"95":1,"96":1,"97":1,"98":1,"99":1,"100":2,"101":1,"102":1,"103":1,"104":1,"105":1,"106":1,"107":1,"108":1,"109":1,"110":1,"111":1,"112":1,"113":1,"114":1,"115":1,"116":2,"117":1,"118":1,"119":1,"120":1,"121":1,"122":1,"123":1,"124":1,"125":1,"126":1,"127":1,"128":1,"129":1,"130":1,"131":1,"132":1,"133":1,"134":1,"135":1,"136":1,"137":1,"138":1,"139":0,"140":1,"141":1,"142":2,"143":1,"144":1,"145":1,"146":1,"147":1,"148":3,"149":1,"150":1,"151":1,"152":1,"153":1,"154":1,"155":0,"156":1,"157":1,"158":1,"159":1,"160":1,"161":0,"162":1,"163":1,"164":1,"165":1,"166":1,"167":1,"168":1,"169":1,"170":1,"171":1,"172":1,"173":1,"174":1,"175":1,"176":1,"177":1,"178":1,"179":1,"180":1,"181":1,"182":1,"183":1,"184":1,"185":1,"186":1,"187":1,"188":1,"189":1,"190":1,"191":1,"192":1,"193":1,"194":1,"195":1,"196":1,"197":1,"198":1,"199":1,"200":1,"201":1,"202":1,"203":1,"204":1,"205":1,"206":1,"207":1,"208":1,"209":1,"210":1,"211":1,"212":1,"213":1,"214":1,"215":1,"216":1,"217":1,"218":1,"219":1,"220":1,"221":1,"222":1,"223":1,"224":1,"225":1,"226":1,"227":1,"228":1,"229":1,"230":1,"231":1,"232":1,"233":1,"234":1,"235":6,"236":1,"237":1,"238":1,"239":2,"240":1,"241":1,"242":1,"243":4,"244":1,"245":1,"246":1,"247":1,"248":1,"249":1,"250":1,"251":1,"252":1,"253":1,"254":1,"255":1,"256":2,"257":1,"258":1,"259":1,"260":1,"261":1,"262":1,"263":1,"264":1,"265":1,"266":1,"267":1,"268":1,"269":1,"270":1,"271":1,"272":1,"273":1,"274":1,"275":1,"276":1,"277":1,"278":1,"279":1,"280":1,"281":1,"282":1,"283":1,"284":1,"285":1,"286":1,"287":1,"288":1,"289":1,"290":1,"291":4,"292":1,"293":1,"294":1,"295":1,"296":1,"297":1,"298":1,"299":1,"300":1,"301":1,"302":1,"303":1,"304":1,"305":1,"306":1,"307":1,"308":1,"309":1,"310":1,"311":1,"312":4,"313":1,"314":1,"315":1,"316":1,"317":1,"318":1,"319":1,"320":1,"321":1,"322":1,"323":1,"324":1,"325":1,"326":1,"327":1,"328":1,"329":1,"330":1,"331":1,"332":1,"333":1,"334":1,"335":1,"336":1,"337":1,"338":1,"339":1,"340":1,"341":1,"342":1,"343":1,"344":1,"345":1,"346":1,"347":1,"348":4,"349":1,"350":1,"351":1,"352":0,"353":1,"354":1,"355":1,"356":1,"357":1,"358":1,"359":1,"360":1,"361":1,"362":1,"363":1,"364":1,"365":1,"366":1,"367":1,"368":1,"369":1,"370":1,"371":1,"372":8,"373":1,"374":1,"375":1,"376":4,"377":1,"378":1,"379":1,"380":1,"381":1,"382":1,"383":1,"384":1,"385":1,"386":1,"387":1,"388":1,"389":1,"390":1,"391":1,"392":1,"393":1,"394":1,"395":1,"396":1,"397":1,"398":1,"399":1,"400":1,"401":1,"402":1,"403":1,"404":1,"405":1,"406":1,"407":1,"408":1,"409":1,"410":1,"411":1,"412":1,"413":1,"414":1,"415":1,"416":1,"417":1,"418":1,"419":1,"420":1,"421":1,"422":1,"423":3,"424":1,"425":1,"426":1,"427":1,"428":1,"429":1,"430":1,"431":1,"432":1,"433":1,"434":1,"435":1,"436":1,"437":1,"438":20},"fnMap":{"1":{"name":"(anonymous_1)","line":1,"loc":{"start":{"line":1,"column":-14},"end":{"line":1,"column":13}}},"2":{"name":"(anonymous_2)","line":13,"loc":{"start":{"line":13,"column":9},"end":{"line":13,"column":36}}},"3":{"name":"averageTests","line":19,"loc":{"start":{"line":19,"column":21},"end":{"line":19,"column":61}}},"4":{"name":"(anonymous_4)","line":20,"loc":{"start":{"line":20,"column":31},"end":{"line":20,"column":43}}},"5":{"name":"(anonymous_5)","line":21,"loc":{"start":{"line":21,"column":31},"end":{"line":21,"column":43}}},"6":{"name":"(anonymous_6)","line":25,"loc":{"start":{"line":25,"column":28},"end":{"line":25,"column":40}}},"7":{"name":"(anonymous_7)","line":26,"loc":{"start":{"line":26,"column":43},"end":{"line":26,"column":55}}},"8":{"name":"(anonymous_8)","line":30,"loc":{"start":{"line":30,"column":44},"end":{"line":30,"column":56}}},"9":{"name":"(anonymous_9)","line":31,"loc":{"start":{"line":31,"column":48},"end":{"line":31,"column":70}}},"10":{"name":"(anonymous_10)","line":36,"loc":{"start":{"line":36,"column":68},"end":{"line":36,"column":80}}},"11":{"name":"(anonymous_11)","line":39,"loc":{"start":{"line":39,"column":59},"end":{"line":39,"column":81}}},"12":{"name":"(anonymous_12)","line":44,"loc":{"start":{"line":44,"column":69},"end":{"line":44,"column":81}}},"13":{"name":"(anonymous_13)","line":46,"loc":{"start":{"line":46,"column":53},"end":{"line":46,"column":75}}},"14":{"name":"(anonymous_14)","line":51,"loc":{"start":{"line":51,"column":84},"end":{"line":51,"column":96}}},"15":{"name":"(anonymous_15)","line":53,"loc":{"start":{"line":53,"column":42},"end":{"line":53,"column":64}}},"16":{"name":"(anonymous_16)","line":56,"loc":{"start":{"line":56,"column":59},"end":{"line":56,"column":81}}},"17":{"name":"(anonymous_17)","line":61,"loc":{"start":{"line":61,"column":84},"end":{"line":61,"column":96}}},"18":{"name":"(anonymous_18)","line":63,"loc":{"start":{"line":63,"column":53},"end":{"line":63,"column":75}}},"19":{"name":"catchTests","line":71,"loc":{"start":{"line":71,"column":19},"end":{"line":71,"column":57}}},"20":{"name":"(anonymous_20)","line":72,"loc":{"start":{"line":72,"column":29},"end":{"line":72,"column":41}}},"21":{"name":"(anonymous_21)","line":73,"loc":{"start":{"line":73,"column":31},"end":{"line":73,"column":43}}},"22":{"name":"(anonymous_22)","line":77,"loc":{"start":{"line":77,"column":26},"end":{"line":77,"column":38}}},"23":{"name":"(anonymous_23)","line":78,"loc":{"start":{"line":78,"column":43},"end":{"line":78,"column":55}}},"24":{"name":"(anonymous_24)","line":82,"loc":{"start":{"line":82,"column":47},"end":{"line":82,"column":59}}},"25":{"name":"(anonymous_25)","line":83,"loc":{"start":{"line":83,"column":48},"end":{"line":83,"column":70}}},"26":{"name":"(anonymous_26)","line":88,"loc":{"start":{"line":88,"column":46},"end":{"line":88,"column":58}}},"27":{"name":"(anonymous_27)","line":89,"loc":{"start":{"line":89,"column":57},"end":{"line":89,"column":79}}},"28":{"name":"(anonymous_28)","line":95,"loc":{"start":{"line":95,"column":47},"end":{"line":95,"column":59}}},"29":{"name":"(anonymous_29)","line":96,"loc":{"start":{"line":96,"column":60},"end":{"line":96,"column":72}}},"30":{"name":"(anonymous_30)","line":97,"loc":{"start":{"line":97,"column":48},"end":{"line":97,"column":70}}},"31":{"name":"(anonymous_31)","line":102,"loc":{"start":{"line":102,"column":71},"end":{"line":102,"column":83}}},"32":{"name":"(anonymous_32)","line":103,"loc":{"start":{"line":103,"column":48},"end":{"line":103,"column":70}}},"33":{"name":"(anonymous_33)","line":108,"loc":{"start":{"line":108,"column":55},"end":{"line":108,"column":67}}},"34":{"name":"(anonymous_34)","line":109,"loc":{"start":{"line":109,"column":48},"end":{"line":109,"column":70}}},"35":{"name":"(anonymous_35)","line":114,"loc":{"start":{"line":114,"column":73},"end":{"line":114,"column":85}}},"36":{"name":"(anonymous_36)","line":116,"loc":{"start":{"line":116,"column":59},"end":{"line":116,"column":81}}},"37":{"name":"(anonymous_37)","line":117,"loc":{"start":{"line":117,"column":53},"end":{"line":117,"column":65}}},"38":{"name":"(anonymous_38)","line":124,"loc":{"start":{"line":124,"column":48},"end":{"line":124,"column":60}}},"39":{"name":"(anonymous_39)","line":125,"loc":{"start":{"line":125,"column":61},"end":{"line":125,"column":73}}},"40":{"name":"(anonymous_40)","line":127,"loc":{"start":{"line":127,"column":59},"end":{"line":127,"column":81}}},"41":{"name":"countTests","line":135,"loc":{"start":{"line":135,"column":19},"end":{"line":135,"column":57}}},"42":{"name":"(anonymous_42)","line":136,"loc":{"start":{"line":136,"column":29},"end":{"line":136,"column":41}}},"43":{"name":"(anonymous_43)","line":137,"loc":{"start":{"line":137,"column":31},"end":{"line":137,"column":43}}},"44":{"name":"(anonymous_44)","line":141,"loc":{"start":{"line":141,"column":26},"end":{"line":141,"column":38}}},"45":{"name":"(anonymous_45)","line":142,"loc":{"start":{"line":142,"column":43},"end":{"line":142,"column":55}}},"46":{"name":"(anonymous_46)","line":146,"loc":{"start":{"line":146,"column":38},"end":{"line":146,"column":50}}},"47":{"name":"(anonymous_47)","line":148,"loc":{"start":{"line":148,"column":59},"end":{"line":148,"column":81}}},"48":{"name":"(anonymous_48)","line":153,"loc":{"start":{"line":153,"column":54},"end":{"line":153,"column":66}}},"49":{"name":"(anonymous_49)","line":155,"loc":{"start":{"line":155,"column":59},"end":{"line":155,"column":81}}},"50":{"name":"(anonymous_50)","line":160,"loc":{"start":{"line":160,"column":73},"end":{"line":160,"column":85}}},"51":{"name":"(anonymous_51)","line":163,"loc":{"start":{"line":163,"column":59},"end":{"line":163,"column":81}}},"52":{"name":"filterTests","line":171,"loc":{"start":{"line":171,"column":20},"end":{"line":171,"column":59}}},"53":{"name":"(anonymous_53)","line":172,"loc":{"start":{"line":172,"column":30},"end":{"line":172,"column":42}}},"54":{"name":"(anonymous_54)","line":173,"loc":{"start":{"line":173,"column":31},"end":{"line":173,"column":43}}},"55":{"name":"(anonymous_55)","line":177,"loc":{"start":{"line":177,"column":27},"end":{"line":177,"column":39}}},"56":{"name":"(anonymous_56)","line":178,"loc":{"start":{"line":178,"column":43},"end":{"line":178,"column":55}}},"57":{"name":"(anonymous_57)","line":182,"loc":{"start":{"line":182,"column":47},"end":{"line":182,"column":59}}},"58":{"name":"(anonymous_58)","line":183,"loc":{"start":{"line":183,"column":48},"end":{"line":183,"column":70}}},"59":{"name":"(anonymous_59)","line":188,"loc":{"start":{"line":188,"column":39},"end":{"line":188,"column":51}}},"60":{"name":"(anonymous_60)","line":190,"loc":{"start":{"line":190,"column":42},"end":{"line":190,"column":59}}},"61":{"name":"(anonymous_61)","line":193,"loc":{"start":{"line":193,"column":55},"end":{"line":193,"column":77}}},"62":{"name":"(anonymous_62)","line":199,"loc":{"start":{"line":199,"column":46},"end":{"line":199,"column":58}}},"63":{"name":"(anonymous_63)","line":200,"loc":{"start":{"line":200,"column":58},"end":{"line":200,"column":70}}},"64":{"name":"(anonymous_64)","line":201,"loc":{"start":{"line":201,"column":48},"end":{"line":201,"column":70}}},"65":{"name":"(anonymous_65)","line":206,"loc":{"start":{"line":206,"column":54},"end":{"line":206,"column":66}}},"66":{"name":"(anonymous_66)","line":207,"loc":{"start":{"line":207,"column":48},"end":{"line":207,"column":70}}},"67":{"name":"(anonymous_67)","line":212,"loc":{"start":{"line":212,"column":75},"end":{"line":212,"column":87}}},"68":{"name":"(anonymous_68)","line":214,"loc":{"start":{"line":214,"column":52},"end":{"line":214,"column":74}}},"69":{"name":"(anonymous_69)","line":219,"loc":{"start":{"line":219,"column":84},"end":{"line":219,"column":96}}},"70":{"name":"(anonymous_70)","line":222,"loc":{"start":{"line":222,"column":48},"end":{"line":222,"column":70}}},"71":{"name":"(anonymous_71)","line":223,"loc":{"start":{"line":223,"column":43},"end":{"line":223,"column":63}}},"72":{"name":"(anonymous_72)","line":229,"loc":{"start":{"line":229,"column":66},"end":{"line":229,"column":78}}},"73":{"name":"(anonymous_73)","line":231,"loc":{"start":{"line":231,"column":59},"end":{"line":231,"column":81}}},"74":{"name":"(anonymous_74)","line":232,"loc":{"start":{"line":232,"column":43},"end":{"line":232,"column":66}}},"75":{"name":"(anonymous_75)","line":238,"loc":{"start":{"line":238,"column":56},"end":{"line":238,"column":68}}},"76":{"name":"condition","line":240,"loc":{"start":{"line":240,"column":26},"end":{"line":240,"column":52}}},"77":{"name":"(anonymous_77)","line":244,"loc":{"start":{"line":244,"column":55},"end":{"line":244,"column":77}}},"78":{"name":"(anonymous_78)","line":250,"loc":{"start":{"line":250,"column":43},"end":{"line":250,"column":55}}},"79":{"name":"(anonymous_79)","line":251,"loc":{"start":{"line":251,"column":56},"end":{"line":251,"column":68}}},"80":{"name":"(anonymous_80)","line":254,"loc":{"start":{"line":254,"column":42},"end":{"line":254,"column":59}}},"81":{"name":"(anonymous_81)","line":257,"loc":{"start":{"line":257,"column":55},"end":{"line":257,"column":77}}},"82":{"name":"(anonymous_82)","line":263,"loc":{"start":{"line":263,"column":53},"end":{"line":263,"column":65}}},"83":{"name":"(anonymous_83)","line":264,"loc":{"start":{"line":264,"column":52},"end":{"line":264,"column":64}}},"84":{"name":"(anonymous_84)","line":267,"loc":{"start":{"line":267,"column":42},"end":{"line":267,"column":59}}},"85":{"name":"(anonymous_85)","line":270,"loc":{"start":{"line":270,"column":55},"end":{"line":270,"column":77}}},"86":{"name":"maxTests","line":278,"loc":{"start":{"line":278,"column":17},"end":{"line":278,"column":53}}},"87":{"name":"(anonymous_87)","line":279,"loc":{"start":{"line":279,"column":27},"end":{"line":279,"column":39}}},"88":{"name":"(anonymous_88)","line":280,"loc":{"start":{"line":280,"column":31},"end":{"line":280,"column":43}}},"89":{"name":"(anonymous_89)","line":284,"loc":{"start":{"line":284,"column":24},"end":{"line":284,"column":36}}},"90":{"name":"(anonymous_90)","line":285,"loc":{"start":{"line":285,"column":43},"end":{"line":285,"column":55}}},"91":{"name":"(anonymous_91)","line":289,"loc":{"start":{"line":289,"column":44},"end":{"line":289,"column":56}}},"92":{"name":"(anonymous_92)","line":290,"loc":{"start":{"line":290,"column":48},"end":{"line":290,"column":70}}},"93":{"name":"(anonymous_93)","line":295,"loc":{"start":{"line":295,"column":68},"end":{"line":295,"column":80}}},"94":{"name":"(anonymous_94)","line":298,"loc":{"start":{"line":298,"column":59},"end":{"line":298,"column":81}}},"95":{"name":"(anonymous_95)","line":303,"loc":{"start":{"line":303,"column":72},"end":{"line":303,"column":84}}},"96":{"name":"(anonymous_96)","line":306,"loc":{"start":{"line":306,"column":59},"end":{"line":306,"column":81}}},"97":{"name":"(anonymous_97)","line":311,"loc":{"start":{"line":311,"column":82},"end":{"line":311,"column":94}}},"98":{"name":"(anonymous_98)","line":316,"loc":{"start":{"line":316,"column":59},"end":{"line":316,"column":81}}},"99":{"name":"(anonymous_99)","line":321,"loc":{"start":{"line":321,"column":86},"end":{"line":321,"column":98}}},"100":{"name":"(anonymous_100)","line":323,"loc":{"start":{"line":323,"column":42},"end":{"line":323,"column":64}}},"101":{"name":"(anonymous_101)","line":326,"loc":{"start":{"line":326,"column":59},"end":{"line":326,"column":81}}},"102":{"name":"minTests","line":334,"loc":{"start":{"line":334,"column":17},"end":{"line":334,"column":53}}},"103":{"name":"(anonymous_103)","line":335,"loc":{"start":{"line":335,"column":27},"end":{"line":335,"column":39}}},"104":{"name":"(anonymous_104)","line":336,"loc":{"start":{"line":336,"column":31},"end":{"line":336,"column":43}}},"105":{"name":"(anonymous_105)","line":340,"loc":{"start":{"line":340,"column":24},"end":{"line":340,"column":36}}},"106":{"name":"(anonymous_106)","line":341,"loc":{"start":{"line":341,"column":43},"end":{"line":341,"column":55}}},"107":{"name":"(anonymous_107)","line":345,"loc":{"start":{"line":345,"column":44},"end":{"line":345,"column":56}}},"108":{"name":"(anonymous_108)","line":346,"loc":{"start":{"line":346,"column":48},"end":{"line":346,"column":70}}},"109":{"name":"(anonymous_109)","line":351,"loc":{"start":{"line":351,"column":60},"end":{"line":351,"column":72}}},"110":{"name":"(anonymous_110)","line":354,"loc":{"start":{"line":354,"column":59},"end":{"line":354,"column":81}}},"111":{"name":"(anonymous_111)","line":359,"loc":{"start":{"line":359,"column":72},"end":{"line":359,"column":84}}},"112":{"name":"(anonymous_112)","line":362,"loc":{"start":{"line":362,"column":59},"end":{"line":362,"column":81}}},"113":{"name":"(anonymous_113)","line":367,"loc":{"start":{"line":367,"column":82},"end":{"line":367,"column":94}}},"114":{"name":"(anonymous_114)","line":372,"loc":{"start":{"line":372,"column":59},"end":{"line":372,"column":81}}},"115":{"name":"(anonymous_115)","line":377,"loc":{"start":{"line":377,"column":86},"end":{"line":377,"column":98}}},"116":{"name":"(anonymous_116)","line":379,"loc":{"start":{"line":379,"column":42},"end":{"line":379,"column":64}}},"117":{"name":"(anonymous_117)","line":382,"loc":{"start":{"line":382,"column":59},"end":{"line":382,"column":81}}},"118":{"name":"reduceTests","line":390,"loc":{"start":{"line":390,"column":20},"end":{"line":390,"column":59}}},"119":{"name":"(anonymous_119)","line":391,"loc":{"start":{"line":391,"column":30},"end":{"line":391,"column":42}}},"120":{"name":"(anonymous_120)","line":392,"loc":{"start":{"line":392,"column":31},"end":{"line":392,"column":43}}},"121":{"name":"(anonymous_121)","line":396,"loc":{"start":{"line":396,"column":27},"end":{"line":396,"column":39}}},"122":{"name":"(anonymous_122)","line":397,"loc":{"start":{"line":397,"column":43},"end":{"line":397,"column":55}}},"123":{"name":"(anonymous_123)","line":401,"loc":{"start":{"line":401,"column":47},"end":{"line":401,"column":59}}},"124":{"name":"(anonymous_124)","line":402,"loc":{"start":{"line":402,"column":48},"end":{"line":402,"column":70}}},"125":{"name":"(anonymous_125)","line":407,"loc":{"start":{"line":407,"column":51},"end":{"line":407,"column":63}}},"126":{"name":"(anonymous_126)","line":408,"loc":{"start":{"line":408,"column":48},"end":{"line":408,"column":70}}},"127":{"name":"(anonymous_127)","line":414,"loc":{"start":{"line":414,"column":44},"end":{"line":414,"column":56}}},"128":{"name":"(anonymous_128)","line":415,"loc":{"start":{"line":415,"column":56},"end":{"line":415,"column":68}}},"129":{"name":"(anonymous_129)","line":416,"loc":{"start":{"line":416,"column":48},"end":{"line":416,"column":70}}},"130":{"name":"(anonymous_130)","line":421,"loc":{"start":{"line":421,"column":66},"end":{"line":421,"column":78}}},"131":{"name":"(anonymous_131)","line":422,"loc":{"start":{"line":422,"column":48},"end":{"line":422,"column":70}}},"132":{"name":"(anonymous_132)","line":427,"loc":{"start":{"line":427,"column":60},"end":{"line":427,"column":72}}},"133":{"name":"(anonymous_133)","line":428,"loc":{"start":{"line":428,"column":48},"end":{"line":428,"column":70}}},"134":{"name":"(anonymous_134)","line":433,"loc":{"start":{"line":433,"column":45},"end":{"line":433,"column":57}}},"135":{"name":"(anonymous_135)","line":435,"loc":{"start":{"line":435,"column":59},"end":{"line":435,"column":81}}},"136":{"name":"(anonymous_136)","line":436,"loc":{"start":{"line":436,"column":41},"end":{"line":436,"column":53}}},"137":{"name":"(anonymous_137)","line":442,"loc":{"start":{"line":442,"column":71},"end":{"line":442,"column":83}}},"138":{"name":"(anonymous_138)","line":444,"loc":{"start":{"line":444,"column":59},"end":{"line":444,"column":81}}},"139":{"name":"(anonymous_139)","line":445,"loc":{"start":{"line":445,"column":42},"end":{"line":445,"column":54}}},"140":{"name":"(anonymous_140)","line":451,"loc":{"start":{"line":451,"column":78},"end":{"line":451,"column":90}}},"141":{"name":"(anonymous_141)","line":453,"loc":{"start":{"line":453,"column":59},"end":{"line":453,"column":81}}},"142":{"name":"(anonymous_142)","line":454,"loc":{"start":{"line":454,"column":44},"end":{"line":454,"column":56}}},"143":{"name":"(anonymous_143)","line":460,"loc":{"start":{"line":460,"column":122},"end":{"line":460,"column":134}}},"144":{"name":"(anonymous_144)","line":462,"loc":{"start":{"line":462,"column":62},"end":{"line":462,"column":84}}},"145":{"name":"(anonymous_145)","line":463,"loc":{"start":{"line":463,"column":43},"end":{"line":463,"column":55}}},"146":{"name":"(anonymous_146)","line":473,"loc":{"start":{"line":473,"column":81},"end":{"line":473,"column":93}}},"147":{"name":"(anonymous_147)","line":476,"loc":{"start":{"line":476,"column":48},"end":{"line":476,"column":70}}},"148":{"name":"(anonymous_148)","line":477,"loc":{"start":{"line":477,"column":43},"end":{"line":477,"column":67}}},"149":{"name":"(anonymous_149)","line":483,"loc":{"start":{"line":483,"column":64},"end":{"line":483,"column":76}}},"150":{"name":"(anonymous_150)","line":485,"loc":{"start":{"line":485,"column":59},"end":{"line":485,"column":81}}},"151":{"name":"(anonymous_151)","line":486,"loc":{"start":{"line":486,"column":41},"end":{"line":486,"column":69}}},"152":{"name":"(anonymous_152)","line":493,"loc":{"start":{"line":493,"column":55},"end":{"line":493,"column":67}}},"153":{"name":"(anonymous_153)","line":494,"loc":{"start":{"line":494,"column":47},"end":{"line":494,"column":59}}},"154":{"name":"(anonymous_154)","line":495,"loc":{"start":{"line":495,"column":48},"end":{"line":495,"column":70}}},"155":{"name":"(anonymous_155)","line":496,"loc":{"start":{"line":496,"column":41},"end":{"line":496,"column":53}}},"156":{"name":"(anonymous_156)","line":500,"loc":{"start":{"line":500,"column":76},"end":{"line":500,"column":88}}},"157":{"name":"(anonymous_157)","line":502,"loc":{"start":{"line":502,"column":59},"end":{"line":502,"column":81}}},"158":{"name":"(anonymous_158)","line":508,"loc":{"start":{"line":508,"column":61},"end":{"line":508,"column":73}}},"159":{"name":"(anonymous_159)","line":509,"loc":{"start":{"line":509,"column":45},"end":{"line":509,"column":57}}},"160":{"name":"(anonymous_160)","line":511,"loc":{"start":{"line":511,"column":59},"end":{"line":511,"column":81}}},"161":{"name":"(anonymous_161)","line":512,"loc":{"start":{"line":512,"column":41},"end":{"line":512,"column":53}}},"162":{"name":"(anonymous_162)","line":517,"loc":{"start":{"line":517,"column":42},"end":{"line":517,"column":54}}},"163":{"name":"(anonymous_163)","line":518,"loc":{"start":{"line":518,"column":45},"end":{"line":518,"column":57}}},"164":{"name":"(anonymous_164)","line":520,"loc":{"start":{"line":520,"column":59},"end":{"line":520,"column":81}}},"165":{"name":"(anonymous_165)","line":525,"loc":{"start":{"line":525,"column":49},"end":{"line":525,"column":61}}},"166":{"name":"(anonymous_166)","line":527,"loc":{"start":{"line":527,"column":59},"end":{"line":527,"column":81}}},"167":{"name":"toArrayTests","line":535,"loc":{"start":{"line":535,"column":21},"end":{"line":535,"column":61}}},"168":{"name":"(anonymous_168)","line":536,"loc":{"start":{"line":536,"column":31},"end":{"line":536,"column":43}}},"169":{"name":"(anonymous_169)","line":537,"loc":{"start":{"line":537,"column":31},"end":{"line":537,"column":43}}},"170":{"name":"(anonymous_170)","line":541,"loc":{"start":{"line":541,"column":28},"end":{"line":541,"column":40}}},"171":{"name":"(anonymous_171)","line":542,"loc":{"start":{"line":542,"column":43},"end":{"line":542,"column":55}}},"172":{"name":"(anonymous_172)","line":546,"loc":{"start":{"line":546,"column":47},"end":{"line":546,"column":59}}},"173":{"name":"(anonymous_173)","line":547,"loc":{"start":{"line":547,"column":48},"end":{"line":547,"column":70}}},"174":{"name":"(anonymous_174)","line":552,"loc":{"start":{"line":552,"column":69},"end":{"line":552,"column":81}}},"175":{"name":"(anonymous_175)","line":555,"loc":{"start":{"line":555,"column":62},"end":{"line":555,"column":84}}},"176":{"name":"(anonymous_176)","line":561,"loc":{"start":{"line":561,"column":32},"end":{"line":561,"column":44}}},"177":{"name":"(anonymous_177)","line":562,"loc":{"start":{"line":562,"column":48},"end":{"line":562,"column":60}}},"178":{"name":"(anonymous_178)","line":564,"loc":{"start":{"line":564,"column":54},"end":{"line":564,"column":76}}},"179":{"name":"(anonymous_179)","line":568,"loc":{"start":{"line":568,"column":51},"end":{"line":568,"column":63}}},"180":{"name":"(anonymous_180)","line":570,"loc":{"start":{"line":570,"column":56},"end":{"line":570,"column":78}}},"181":{"name":"toSetTests","line":578,"loc":{"start":{"line":578,"column":19},"end":{"line":578,"column":57}}},"182":{"name":"(anonymous_182)","line":579,"loc":{"start":{"line":579,"column":29},"end":{"line":579,"column":41}}},"183":{"name":"(anonymous_183)","line":580,"loc":{"start":{"line":580,"column":31},"end":{"line":580,"column":43}}},"184":{"name":"(anonymous_184)","line":584,"loc":{"start":{"line":584,"column":26},"end":{"line":584,"column":38}}},"185":{"name":"(anonymous_185)","line":585,"loc":{"start":{"line":585,"column":43},"end":{"line":585,"column":55}}},"186":{"name":"(anonymous_186)","line":589,"loc":{"start":{"line":589,"column":47},"end":{"line":589,"column":59}}},"187":{"name":"(anonymous_187)","line":590,"loc":{"start":{"line":590,"column":48},"end":{"line":590,"column":70}}},"188":{"name":"(anonymous_188)","line":595,"loc":{"start":{"line":595,"column":74},"end":{"line":595,"column":86}}},"189":{"name":"(anonymous_189)","line":598,"loc":{"start":{"line":598,"column":62},"end":{"line":598,"column":84}}},"190":{"name":"(anonymous_190)","line":599,"loc":{"start":{"line":599,"column":48},"end":{"line":599,"column":63}}},"191":{"name":"(anonymous_191)","line":606,"loc":{"start":{"line":606,"column":30},"end":{"line":606,"column":42}}},"192":{"name":"(anonymous_192)","line":607,"loc":{"start":{"line":607,"column":45},"end":{"line":607,"column":57}}},"193":{"name":"(anonymous_193)","line":609,"loc":{"start":{"line":609,"column":54},"end":{"line":609,"column":76}}},"194":{"name":"(anonymous_194)","line":613,"loc":{"start":{"line":613,"column":49},"end":{"line":613,"column":61}}},"195":{"name":"(anonymous_195)","line":615,"loc":{"start":{"line":615,"column":59},"end":{"line":615,"column":81}}},"196":{"name":"toStringTests","line":623,"loc":{"start":{"line":623,"column":22},"end":{"line":623,"column":63}}},"197":{"name":"(anonymous_197)","line":624,"loc":{"start":{"line":624,"column":32},"end":{"line":624,"column":44}}},"198":{"name":"(anonymous_198)","line":625,"loc":{"start":{"line":625,"column":31},"end":{"line":625,"column":43}}},"199":{"name":"(anonymous_199)","line":629,"loc":{"start":{"line":629,"column":29},"end":{"line":629,"column":41}}},"200":{"name":"(anonymous_200)","line":630,"loc":{"start":{"line":630,"column":43},"end":{"line":630,"column":55}}},"201":{"name":"(anonymous_201)","line":634,"loc":{"start":{"line":634,"column":47},"end":{"line":634,"column":59}}},"202":{"name":"(anonymous_202)","line":635,"loc":{"start":{"line":635,"column":48},"end":{"line":635,"column":70}}},"203":{"name":"(anonymous_203)","line":640,"loc":{"start":{"line":640,"column":59},"end":{"line":640,"column":71}}},"204":{"name":"(anonymous_204)","line":643,"loc":{"start":{"line":643,"column":59},"end":{"line":643,"column":81}}},"205":{"name":"(anonymous_205)","line":648,"loc":{"start":{"line":648,"column":79},"end":{"line":648,"column":91}}},"206":{"name":"(anonymous_206)","line":651,"loc":{"start":{"line":651,"column":59},"end":{"line":651,"column":81}}},"207":{"name":"(anonymous_207)","line":656,"loc":{"start":{"line":656,"column":93},"end":{"line":656,"column":105}}},"208":{"name":"(anonymous_208)","line":659,"loc":{"start":{"line":659,"column":59},"end":{"line":659,"column":81}}},"209":{"name":"(anonymous_209)","line":664,"loc":{"start":{"line":664,"column":118},"end":{"line":664,"column":130}}},"210":{"name":"(anonymous_210)","line":667,"loc":{"start":{"line":667,"column":59},"end":{"line":667,"column":81}}},"211":{"name":"(anonymous_211)","line":673,"loc":{"start":{"line":673,"column":33},"end":{"line":673,"column":45}}},"212":{"name":"(anonymous_212)","line":674,"loc":{"start":{"line":674,"column":43},"end":{"line":674,"column":55}}},"213":{"name":"(anonymous_213)","line":676,"loc":{"start":{"line":676,"column":54},"end":{"line":676,"column":76}}},"214":{"name":"(anonymous_214)","line":680,"loc":{"start":{"line":680,"column":52},"end":{"line":680,"column":64}}},"215":{"name":"(anonymous_215)","line":682,"loc":{"start":{"line":682,"column":56},"end":{"line":682,"column":78}}},"216":{"name":"(anonymous_216)","line":688,"loc":{"start":{"line":688,"column":36},"end":{"line":688,"column":48}}},"217":{"name":"(anonymous_217)","line":689,"loc":{"start":{"line":689,"column":47},"end":{"line":689,"column":59}}},"218":{"name":"(anonymous_218)","line":690,"loc":{"start":{"line":690,"column":48},"end":{"line":690,"column":70}}},"219":{"name":"(anonymous_219)","line":695,"loc":{"start":{"line":695,"column":97},"end":{"line":695,"column":109}}},"220":{"name":"(anonymous_220)","line":699,"loc":{"start":{"line":699,"column":59},"end":{"line":699,"column":81}}},"221":{"name":"(anonymous_221)","line":705,"loc":{"start":{"line":705,"column":42},"end":{"line":705,"column":54}}},"222":{"name":"(anonymous_222)","line":706,"loc":{"start":{"line":706,"column":52},"end":{"line":706,"column":64}}},"223":{"name":"(anonymous_223)","line":709,"loc":{"start":{"line":709,"column":56},"end":{"line":709,"column":78}}},"224":{"name":"everyTests","line":717,"loc":{"start":{"line":717,"column":19},"end":{"line":717,"column":57}}},"225":{"name":"(anonymous_225)","line":718,"loc":{"start":{"line":718,"column":29},"end":{"line":718,"column":41}}},"226":{"name":"(anonymous_226)","line":719,"loc":{"start":{"line":719,"column":31},"end":{"line":719,"column":43}}},"227":{"name":"(anonymous_227)","line":723,"loc":{"start":{"line":723,"column":26},"end":{"line":723,"column":38}}},"228":{"name":"(anonymous_228)","line":724,"loc":{"start":{"line":724,"column":43},"end":{"line":724,"column":55}}},"229":{"name":"(anonymous_229)","line":728,"loc":{"start":{"line":728,"column":44},"end":{"line":728,"column":56}}},"230":{"name":"(anonymous_230)","line":729,"loc":{"start":{"line":729,"column":54},"end":{"line":729,"column":76}}},"231":{"name":"(anonymous_231)","line":734,"loc":{"start":{"line":734,"column":48},"end":{"line":734,"column":60}}},"232":{"name":"(anonymous_232)","line":735,"loc":{"start":{"line":735,"column":54},"end":{"line":735,"column":76}}},"233":{"name":"(anonymous_233)","line":741,"loc":{"start":{"line":741,"column":45},"end":{"line":741,"column":57}}},"234":{"name":"(anonymous_234)","line":742,"loc":{"start":{"line":742,"column":75},"end":{"line":742,"column":87}}},"235":{"name":"condition","line":744,"loc":{"start":{"line":744,"column":26},"end":{"line":744,"column":51}}},"236":{"name":"(anonymous_236)","line":748,"loc":{"start":{"line":748,"column":59},"end":{"line":748,"column":81}}},"237":{"name":"(anonymous_237)","line":754,"loc":{"start":{"line":754,"column":42},"end":{"line":754,"column":54}}},"238":{"name":"(anonymous_238)","line":755,"loc":{"start":{"line":755,"column":75},"end":{"line":755,"column":87}}},"239":{"name":"(anonymous_239)","line":758,"loc":{"start":{"line":758,"column":41},"end":{"line":758,"column":58}}},"240":{"name":"(anonymous_240)","line":761,"loc":{"start":{"line":761,"column":59},"end":{"line":761,"column":81}}},"241":{"name":"(anonymous_241)","line":767,"loc":{"start":{"line":767,"column":52},"end":{"line":767,"column":64}}},"242":{"name":"(anonymous_242)","line":768,"loc":{"start":{"line":768,"column":75},"end":{"line":768,"column":87}}},"243":{"name":"(anonymous_243)","line":771,"loc":{"start":{"line":771,"column":41},"end":{"line":771,"column":58}}},"244":{"name":"(anonymous_244)","line":774,"loc":{"start":{"line":774,"column":59},"end":{"line":774,"column":81}}},"245":{"name":"someTests","line":782,"loc":{"start":{"line":782,"column":18},"end":{"line":782,"column":55}}},"246":{"name":"(anonymous_246)","line":783,"loc":{"start":{"line":783,"column":28},"end":{"line":783,"column":40}}},"247":{"name":"(anonymous_247)","line":784,"loc":{"start":{"line":784,"column":31},"end":{"line":784,"column":43}}},"248":{"name":"(anonymous_248)","line":788,"loc":{"start":{"line":788,"column":25},"end":{"line":788,"column":37}}},"249":{"name":"(anonymous_249)","line":789,"loc":{"start":{"line":789,"column":43},"end":{"line":789,"column":55}}},"250":{"name":"(anonymous_250)","line":793,"loc":{"start":{"line":793,"column":45},"end":{"line":793,"column":57}}},"251":{"name":"(anonymous_251)","line":794,"loc":{"start":{"line":794,"column":55},"end":{"line":794,"column":77}}},"252":{"name":"(anonymous_252)","line":799,"loc":{"start":{"line":799,"column":48},"end":{"line":799,"column":60}}},"253":{"name":"(anonymous_253)","line":800,"loc":{"start":{"line":800,"column":54},"end":{"line":800,"column":76}}},"254":{"name":"(anonymous_254)","line":806,"loc":{"start":{"line":806,"column":45},"end":{"line":806,"column":57}}},"255":{"name":"(anonymous_255)","line":807,"loc":{"start":{"line":807,"column":80},"end":{"line":807,"column":92}}},"256":{"name":"condition","line":809,"loc":{"start":{"line":809,"column":26},"end":{"line":809,"column":51}}},"257":{"name":"(anonymous_257)","line":813,"loc":{"start":{"line":813,"column":59},"end":{"line":813,"column":81}}},"258":{"name":"(anonymous_258)","line":819,"loc":{"start":{"line":819,"column":41},"end":{"line":819,"column":53}}},"259":{"name":"(anonymous_259)","line":820,"loc":{"start":{"line":820,"column":80},"end":{"line":820,"column":92}}},"260":{"name":"(anonymous_260)","line":823,"loc":{"start":{"line":823,"column":40},"end":{"line":823,"column":57}}},"261":{"name":"(anonymous_261)","line":826,"loc":{"start":{"line":826,"column":59},"end":{"line":826,"column":81}}},"262":{"name":"(anonymous_262)","line":832,"loc":{"start":{"line":832,"column":51},"end":{"line":832,"column":63}}},"263":{"name":"(anonymous_263)","line":833,"loc":{"start":{"line":833,"column":80},"end":{"line":833,"column":92}}},"264":{"name":"(anonymous_264)","line":836,"loc":{"start":{"line":836,"column":40},"end":{"line":836,"column":57}}},"265":{"name":"(anonymous_265)","line":839,"loc":{"start":{"line":839,"column":59},"end":{"line":839,"column":81}}},"266":{"name":"distinctTests","line":847,"loc":{"start":{"line":847,"column":22},"end":{"line":847,"column":63}}},"267":{"name":"(anonymous_267)","line":848,"loc":{"start":{"line":848,"column":32},"end":{"line":848,"column":44}}},"268":{"name":"(anonymous_268)","line":849,"loc":{"start":{"line":849,"column":31},"end":{"line":849,"column":43}}},"269":{"name":"(anonymous_269)","line":853,"loc":{"start":{"line":853,"column":29},"end":{"line":853,"column":41}}},"270":{"name":"(anonymous_270)","line":854,"loc":{"start":{"line":854,"column":43},"end":{"line":854,"column":55}}},"271":{"name":"(anonymous_271)","line":858,"loc":{"start":{"line":858,"column":47},"end":{"line":858,"column":59}}},"272":{"name":"(anonymous_272)","line":859,"loc":{"start":{"line":859,"column":48},"end":{"line":859,"column":70}}},"273":{"name":"(anonymous_273)","line":864,"loc":{"start":{"line":864,"column":78},"end":{"line":864,"column":90}}},"274":{"name":"(anonymous_274)","line":867,"loc":{"start":{"line":867,"column":62},"end":{"line":867,"column":84}}},"275":{"name":"(anonymous_275)","line":872,"loc":{"start":{"line":872,"column":82},"end":{"line":872,"column":94}}},"276":{"name":"(anonymous_276)","line":875,"loc":{"start":{"line":875,"column":62},"end":{"line":875,"column":84}}},"277":{"name":"(anonymous_277)","line":881,"loc":{"start":{"line":881,"column":33},"end":{"line":881,"column":45}}},"278":{"name":"(anonymous_278)","line":882,"loc":{"start":{"line":882,"column":75},"end":{"line":882,"column":87}}},"279":{"name":"(anonymous_279)","line":885,"loc":{"start":{"line":885,"column":62},"end":{"line":885,"column":84}}},"280":{"name":"takeTests","line":893,"loc":{"start":{"line":893,"column":18},"end":{"line":893,"column":55}}},"281":{"name":"(anonymous_281)","line":894,"loc":{"start":{"line":894,"column":28},"end":{"line":894,"column":40}}},"282":{"name":"(anonymous_282)","line":895,"loc":{"start":{"line":895,"column":31},"end":{"line":895,"column":43}}},"283":{"name":"(anonymous_283)","line":899,"loc":{"start":{"line":899,"column":25},"end":{"line":899,"column":37}}},"284":{"name":"(anonymous_284)","line":900,"loc":{"start":{"line":900,"column":43},"end":{"line":900,"column":55}}},"285":{"name":"(anonymous_285)","line":904,"loc":{"start":{"line":904,"column":47},"end":{"line":904,"column":59}}},"286":{"name":"(anonymous_286)","line":905,"loc":{"start":{"line":905,"column":48},"end":{"line":905,"column":70}}},"287":{"name":"(anonymous_287)","line":910,"loc":{"start":{"line":910,"column":51},"end":{"line":910,"column":63}}},"288":{"name":"(anonymous_288)","line":911,"loc":{"start":{"line":911,"column":48},"end":{"line":911,"column":70}}},"289":{"name":"(anonymous_289)","line":917,"loc":{"start":{"line":917,"column":44},"end":{"line":917,"column":56}}},"290":{"name":"(anonymous_290)","line":918,"loc":{"start":{"line":918,"column":61},"end":{"line":918,"column":73}}},"291":{"name":"condition","line":920,"loc":{"start":{"line":920,"column":26},"end":{"line":920,"column":52}}},"292":{"name":"(anonymous_292)","line":924,"loc":{"start":{"line":924,"column":59},"end":{"line":924,"column":81}}},"293":{"name":"(anonymous_293)","line":930,"loc":{"start":{"line":930,"column":42},"end":{"line":930,"column":54}}},"294":{"name":"(anonymous_294)","line":931,"loc":{"start":{"line":931,"column":64},"end":{"line":931,"column":76}}},"295":{"name":"(anonymous_295)","line":935,"loc":{"start":{"line":935,"column":59},"end":{"line":935,"column":81}}},"296":{"name":"(anonymous_296)","line":940,"loc":{"start":{"line":940,"column":62},"end":{"line":940,"column":74}}},"297":{"name":"(anonymous_297)","line":944,"loc":{"start":{"line":944,"column":59},"end":{"line":944,"column":81}}},"298":{"name":"(anonymous_298)","line":950,"loc":{"start":{"line":950,"column":52},"end":{"line":950,"column":64}}},"299":{"name":"(anonymous_299)","line":951,"loc":{"start":{"line":951,"column":63},"end":{"line":951,"column":75}}},"300":{"name":"(anonymous_300)","line":954,"loc":{"start":{"line":954,"column":59},"end":{"line":954,"column":81}}},"301":{"name":"skipTests","line":962,"loc":{"start":{"line":962,"column":18},"end":{"line":962,"column":55}}},"302":{"name":"(anonymous_302)","line":963,"loc":{"start":{"line":963,"column":28},"end":{"line":963,"column":40}}},"303":{"name":"(anonymous_303)","line":964,"loc":{"start":{"line":964,"column":31},"end":{"line":964,"column":43}}},"304":{"name":"(anonymous_304)","line":968,"loc":{"start":{"line":968,"column":25},"end":{"line":968,"column":37}}},"305":{"name":"(anonymous_305)","line":969,"loc":{"start":{"line":969,"column":43},"end":{"line":969,"column":55}}},"306":{"name":"(anonymous_306)","line":973,"loc":{"start":{"line":973,"column":47},"end":{"line":973,"column":59}}},"307":{"name":"(anonymous_307)","line":974,"loc":{"start":{"line":974,"column":48},"end":{"line":974,"column":70}}},"308":{"name":"(anonymous_308)","line":979,"loc":{"start":{"line":979,"column":51},"end":{"line":979,"column":63}}},"309":{"name":"(anonymous_309)","line":980,"loc":{"start":{"line":980,"column":48},"end":{"line":980,"column":70}}},"310":{"name":"(anonymous_310)","line":986,"loc":{"start":{"line":986,"column":44},"end":{"line":986,"column":56}}},"311":{"name":"(anonymous_311)","line":987,"loc":{"start":{"line":987,"column":65},"end":{"line":987,"column":77}}},"312":{"name":"condition","line":989,"loc":{"start":{"line":989,"column":26},"end":{"line":989,"column":52}}},"313":{"name":"(anonymous_313)","line":993,"loc":{"start":{"line":993,"column":59},"end":{"line":993,"column":81}}},"314":{"name":"(anonymous_314)","line":999,"loc":{"start":{"line":999,"column":42},"end":{"line":999,"column":54}}},"315":{"name":"(anonymous_315)","line":1000,"loc":{"start":{"line":1000,"column":78},"end":{"line":1000,"column":90}}},"316":{"name":"(anonymous_316)","line":1004,"loc":{"start":{"line":1004,"column":59},"end":{"line":1004,"column":81}}},"317":{"name":"(anonymous_317)","line":1009,"loc":{"start":{"line":1009,"column":78},"end":{"line":1009,"column":90}}},"318":{"name":"(anonymous_318)","line":1013,"loc":{"start":{"line":1013,"column":59},"end":{"line":1013,"column":81}}},"319":{"name":"(anonymous_319)","line":1019,"loc":{"start":{"line":1019,"column":52},"end":{"line":1019,"column":64}}},"320":{"name":"(anonymous_320)","line":1020,"loc":{"start":{"line":1020,"column":59},"end":{"line":1020,"column":71}}},"321":{"name":"(anonymous_321)","line":1021,"loc":{"start":{"line":1021,"column":48},"end":{"line":1021,"column":70}}},"322":{"name":"sortTests","line":1029,"loc":{"start":{"line":1029,"column":18},"end":{"line":1029,"column":55}}},"323":{"name":"(anonymous_323)","line":1030,"loc":{"start":{"line":1030,"column":28},"end":{"line":1030,"column":40}}},"324":{"name":"(anonymous_324)","line":1031,"loc":{"start":{"line":1031,"column":31},"end":{"line":1031,"column":43}}},"325":{"name":"(anonymous_325)","line":1035,"loc":{"start":{"line":1035,"column":25},"end":{"line":1035,"column":37}}},"326":{"name":"(anonymous_326)","line":1036,"loc":{"start":{"line":1036,"column":43},"end":{"line":1036,"column":55}}},"327":{"name":"(anonymous_327)","line":1040,"loc":{"start":{"line":1040,"column":47},"end":{"line":1040,"column":59}}},"328":{"name":"(anonymous_328)","line":1041,"loc":{"start":{"line":1041,"column":48},"end":{"line":1041,"column":70}}},"329":{"name":"(anonymous_329)","line":1046,"loc":{"start":{"line":1046,"column":70},"end":{"line":1046,"column":82}}},"330":{"name":"(anonymous_330)","line":1049,"loc":{"start":{"line":1049,"column":59},"end":{"line":1049,"column":81}}},"331":{"name":"(anonymous_331)","line":1055,"loc":{"start":{"line":1055,"column":41},"end":{"line":1055,"column":53}}},"332":{"name":"(anonymous_332)","line":1056,"loc":{"start":{"line":1056,"column":77},"end":{"line":1056,"column":89}}},"333":{"name":"(anonymous_333)","line":1060,"loc":{"start":{"line":1060,"column":59},"end":{"line":1060,"column":81}}},"334":{"name":"(anonymous_334)","line":1065,"loc":{"start":{"line":1065,"column":81},"end":{"line":1065,"column":93}}},"335":{"name":"(anonymous_335)","line":1069,"loc":{"start":{"line":1069,"column":59},"end":{"line":1069,"column":81}}},"336":{"name":"(anonymous_336)","line":1075,"loc":{"start":{"line":1075,"column":42},"end":{"line":1075,"column":54}}},"337":{"name":"(anonymous_337)","line":1076,"loc":{"start":{"line":1076,"column":66},"end":{"line":1076,"column":78}}},"338":{"name":"(anonymous_338)","line":1080,"loc":{"start":{"line":1080,"column":59},"end":{"line":1080,"column":81}}},"339":{"name":"(anonymous_339)","line":1085,"loc":{"start":{"line":1085,"column":65},"end":{"line":1085,"column":77}}},"340":{"name":"(anonymous_340)","line":1089,"loc":{"start":{"line":1089,"column":59},"end":{"line":1089,"column":81}}},"341":{"name":"(anonymous_341)","line":1095,"loc":{"start":{"line":1095,"column":41},"end":{"line":1095,"column":53}}},"342":{"name":"(anonymous_342)","line":1096,"loc":{"start":{"line":1096,"column":75},"end":{"line":1096,"column":87}}},"343":{"name":"(anonymous_343)","line":1100,"loc":{"start":{"line":1100,"column":59},"end":{"line":1100,"column":81}}},"344":{"name":"(anonymous_344)","line":1105,"loc":{"start":{"line":1105,"column":86},"end":{"line":1105,"column":98}}},"345":{"name":"(anonymous_345)","line":1109,"loc":{"start":{"line":1109,"column":59},"end":{"line":1109,"column":81}}},"346":{"name":"(anonymous_346)","line":1115,"loc":{"start":{"line":1115,"column":43},"end":{"line":1115,"column":55}}},"347":{"name":"(anonymous_347)","line":1116,"loc":{"start":{"line":1116,"column":68},"end":{"line":1116,"column":80}}},"348":{"name":"comparer","line":1118,"loc":{"start":{"line":1118,"column":25},"end":{"line":1118,"column":49}}},"349":{"name":"(anonymous_349)","line":1122,"loc":{"start":{"line":1122,"column":59},"end":{"line":1122,"column":81}}},"350":{"name":"(anonymous_350)","line":1128,"loc":{"start":{"line":1128,"column":41},"end":{"line":1128,"column":53}}},"351":{"name":"(anonymous_351)","line":1129,"loc":{"start":{"line":1129,"column":67},"end":{"line":1129,"column":79}}},"352":{"name":"(anonymous_352)","line":1131,"loc":{"start":{"line":1131,"column":27},"end":{"line":1131,"column":44}}},"353":{"name":"(anonymous_353)","line":1134,"loc":{"start":{"line":1134,"column":40},"end":{"line":1134,"column":57}}},"354":{"name":"(anonymous_354)","line":1137,"loc":{"start":{"line":1137,"column":63},"end":{"line":1137,"column":85}}},"355":{"name":"toMapTests","line":1145,"loc":{"start":{"line":1145,"column":19},"end":{"line":1145,"column":57}}},"356":{"name":"(anonymous_356)","line":1146,"loc":{"start":{"line":1146,"column":29},"end":{"line":1146,"column":41}}},"357":{"name":"(anonymous_357)","line":1147,"loc":{"start":{"line":1147,"column":31},"end":{"line":1147,"column":43}}},"358":{"name":"(anonymous_358)","line":1151,"loc":{"start":{"line":1151,"column":26},"end":{"line":1151,"column":38}}},"359":{"name":"(anonymous_359)","line":1152,"loc":{"start":{"line":1152,"column":43},"end":{"line":1152,"column":55}}},"360":{"name":"(anonymous_360)","line":1156,"loc":{"start":{"line":1156,"column":45},"end":{"line":1156,"column":57}}},"361":{"name":"(anonymous_361)","line":1158,"loc":{"start":{"line":1158,"column":54},"end":{"line":1158,"column":76}}},"362":{"name":"(anonymous_362)","line":1163,"loc":{"start":{"line":1163,"column":49},"end":{"line":1163,"column":61}}},"363":{"name":"(anonymous_363)","line":1165,"loc":{"start":{"line":1165,"column":59},"end":{"line":1165,"column":81}}},"364":{"name":"(anonymous_364)","line":1170,"loc":{"start":{"line":1170,"column":47},"end":{"line":1170,"column":59}}},"365":{"name":"(anonymous_365)","line":1172,"loc":{"start":{"line":1172,"column":59},"end":{"line":1172,"column":81}}},"366":{"name":"(anonymous_366)","line":1173,"loc":{"start":{"line":1173,"column":48},"end":{"line":1173,"column":63}}},"367":{"name":"(anonymous_367)","line":1179,"loc":{"start":{"line":1179,"column":49},"end":{"line":1179,"column":61}}},"368":{"name":"(anonymous_368)","line":1181,"loc":{"start":{"line":1181,"column":59},"end":{"line":1181,"column":81}}},"369":{"name":"(anonymous_369)","line":1182,"loc":{"start":{"line":1182,"column":48},"end":{"line":1182,"column":63}}},"370":{"name":"(anonymous_370)","line":1189,"loc":{"start":{"line":1189,"column":40},"end":{"line":1189,"column":52}}},"371":{"name":"(anonymous_371)","line":1190,"loc":{"start":{"line":1190,"column":52},"end":{"line":1190,"column":64}}},"372":{"name":"keyTransform","line":1192,"loc":{"start":{"line":1192,"column":29},"end":{"line":1192,"column":56}}},"373":{"name":"(anonymous_373)","line":1196,"loc":{"start":{"line":1196,"column":59},"end":{"line":1196,"column":81}}},"374":{"name":"(anonymous_374)","line":1197,"loc":{"start":{"line":1197,"column":60},"end":{"line":1197,"column":75}}},"375":{"name":"(anonymous_375)","line":1203,"loc":{"start":{"line":1203,"column":73},"end":{"line":1203,"column":85}}},"376":{"name":"keyTransform","line":1205,"loc":{"start":{"line":1205,"column":29},"end":{"line":1205,"column":56}}},"377":{"name":"(anonymous_377)","line":1208,"loc":{"start":{"line":1208,"column":59},"end":{"line":1208,"column":81}}},"378":{"name":"(anonymous_378)","line":1209,"loc":{"start":{"line":1209,"column":60},"end":{"line":1209,"column":75}}},"379":{"name":"(anonymous_379)","line":1216,"loc":{"start":{"line":1216,"column":41},"end":{"line":1216,"column":53}}},"380":{"name":"(anonymous_380)","line":1217,"loc":{"start":{"line":1217,"column":46},"end":{"line":1217,"column":58}}},"381":{"name":"(anonymous_381)","line":1221,"loc":{"start":{"line":1221,"column":59},"end":{"line":1221,"column":81}}},"382":{"name":"(anonymous_382)","line":1226,"loc":{"start":{"line":1226,"column":57},"end":{"line":1226,"column":69}}},"383":{"name":"(anonymous_383)","line":1229,"loc":{"start":{"line":1229,"column":59},"end":{"line":1229,"column":81}}},"384":{"name":"(anonymous_384)","line":1230,"loc":{"start":{"line":1230,"column":69},"end":{"line":1230,"column":84}}},"385":{"name":"(anonymous_385)","line":1236,"loc":{"start":{"line":1236,"column":85},"end":{"line":1236,"column":97}}},"386":{"name":"(anonymous_386)","line":1240,"loc":{"start":{"line":1240,"column":59},"end":{"line":1240,"column":81}}},"387":{"name":"(anonymous_387)","line":1241,"loc":{"start":{"line":1241,"column":69},"end":{"line":1241,"column":84}}},"388":{"name":"(anonymous_388)","line":1248,"loc":{"start":{"line":1248,"column":49},"end":{"line":1248,"column":61}}},"389":{"name":"(anonymous_389)","line":1250,"loc":{"start":{"line":1250,"column":50},"end":{"line":1250,"column":62}}},"390":{"name":"sliceTests","line":1254,"loc":{"start":{"line":1254,"column":19},"end":{"line":1254,"column":57}}},"391":{"name":"(anonymous_391)","line":1255,"loc":{"start":{"line":1255,"column":29},"end":{"line":1255,"column":41}}},"392":{"name":"(anonymous_392)","line":1256,"loc":{"start":{"line":1256,"column":31},"end":{"line":1256,"column":43}}},"393":{"name":"(anonymous_393)","line":1260,"loc":{"start":{"line":1260,"column":26},"end":{"line":1260,"column":38}}},"394":{"name":"(anonymous_394)","line":1261,"loc":{"start":{"line":1261,"column":43},"end":{"line":1261,"column":55}}},"395":{"name":"(anonymous_395)","line":1265,"loc":{"start":{"line":1265,"column":47},"end":{"line":1265,"column":59}}},"396":{"name":"(anonymous_396)","line":1266,"loc":{"start":{"line":1266,"column":48},"end":{"line":1266,"column":70}}},"397":{"name":"(anonymous_397)","line":1271,"loc":{"start":{"line":1271,"column":54},"end":{"line":1271,"column":66}}},"398":{"name":"(anonymous_398)","line":1273,"loc":{"start":{"line":1273,"column":52},"end":{"line":1273,"column":74}}},"399":{"name":"(anonymous_399)","line":1279,"loc":{"start":{"line":1279,"column":39},"end":{"line":1279,"column":51}}},"400":{"name":"(anonymous_400)","line":1280,"loc":{"start":{"line":1280,"column":60},"end":{"line":1280,"column":72}}},"401":{"name":"(anonymous_401)","line":1284,"loc":{"start":{"line":1284,"column":59},"end":{"line":1284,"column":81}}},"402":{"name":"(anonymous_402)","line":1289,"loc":{"start":{"line":1289,"column":58},"end":{"line":1289,"column":70}}},"403":{"name":"(anonymous_403)","line":1293,"loc":{"start":{"line":1293,"column":59},"end":{"line":1293,"column":81}}},"404":{"name":"(anonymous_404)","line":1299,"loc":{"start":{"line":1299,"column":40},"end":{"line":1299,"column":52}}},"405":{"name":"(anonymous_405)","line":1300,"loc":{"start":{"line":1300,"column":61},"end":{"line":1300,"column":73}}},"406":{"name":"(anonymous_406)","line":1302,"loc":{"start":{"line":1302,"column":59},"end":{"line":1302,"column":81}}},"407":{"name":"(anonymous_407)","line":1308,"loc":{"start":{"line":1308,"column":52},"end":{"line":1308,"column":64}}},"408":{"name":"(anonymous_408)","line":1309,"loc":{"start":{"line":1309,"column":74},"end":{"line":1309,"column":86}}},"409":{"name":"(anonymous_409)","line":1313,"loc":{"start":{"line":1313,"column":59},"end":{"line":1313,"column":81}}},"410":{"name":"(anonymous_410)","line":1320,"loc":{"start":{"line":1320,"column":72},"end":{"line":1320,"column":84}}},"411":{"name":"(anonymous_411)","line":1324,"loc":{"start":{"line":1324,"column":59},"end":{"line":1324,"column":81}}},"412":{"name":"(anonymous_412)","line":1332,"loc":{"start":{"line":1332,"column":53},"end":{"line":1332,"column":65}}},"413":{"name":"(anonymous_413)","line":1333,"loc":{"start":{"line":1333,"column":59},"end":{"line":1333,"column":71}}},"414":{"name":"(anonymous_414)","line":1337,"loc":{"start":{"line":1337,"column":59},"end":{"line":1337,"column":81}}},"415":{"name":"sumTests","line":1345,"loc":{"start":{"line":1345,"column":17},"end":{"line":1345,"column":53}}},"416":{"name":"(anonymous_416)","line":1346,"loc":{"start":{"line":1346,"column":27},"end":{"line":1346,"column":39}}},"417":{"name":"(anonymous_417)","line":1347,"loc":{"start":{"line":1347,"column":31},"end":{"line":1347,"column":43}}},"418":{"name":"(anonymous_418)","line":1351,"loc":{"start":{"line":1351,"column":24},"end":{"line":1351,"column":36}}},"419":{"name":"(anonymous_419)","line":1352,"loc":{"start":{"line":1352,"column":43},"end":{"line":1352,"column":55}}},"420":{"name":"(anonymous_420)","line":1356,"loc":{"start":{"line":1356,"column":44},"end":{"line":1356,"column":56}}},"421":{"name":"(anonymous_421)","line":1357,"loc":{"start":{"line":1357,"column":48},"end":{"line":1357,"column":70}}},"422":{"name":"(anonymous_422)","line":1362,"loc":{"start":{"line":1362,"column":78},"end":{"line":1362,"column":90}}},"423":{"name":"(anonymous_423)","line":1364,"loc":{"start":{"line":1364,"column":42},"end":{"line":1364,"column":64}}},"424":{"name":"(anonymous_424)","line":1367,"loc":{"start":{"line":1367,"column":59},"end":{"line":1367,"column":81}}},"425":{"name":"(anonymous_425)","line":1372,"loc":{"start":{"line":1372,"column":71},"end":{"line":1372,"column":83}}},"426":{"name":"(anonymous_426)","line":1373,"loc":{"start":{"line":1373,"column":53},"end":{"line":1373,"column":75}}},"427":{"name":"(anonymous_427)","line":1379,"loc":{"start":{"line":1379,"column":28},"end":{"line":1379,"column":40}}},"428":{"name":"(anonymous_428)","line":1380,"loc":{"start":{"line":1380,"column":43},"end":{"line":1380,"column":55}}},"429":{"name":"(anonymous_429)","line":1382,"loc":{"start":{"line":1382,"column":59},"end":{"line":1382,"column":81}}},"430":{"name":"expandTests","line":1392,"loc":{"start":{"line":1392,"column":20},"end":{"line":1392,"column":59}}},"431":{"name":"(anonymous_431)","line":1393,"loc":{"start":{"line":1393,"column":39},"end":{"line":1393,"column":51}}},"432":{"name":"(anonymous_432)","line":1394,"loc":{"start":{"line":1394,"column":29},"end":{"line":1394,"column":41}}},"433":{"name":"(anonymous_433)","line":1398,"loc":{"start":{"line":1398,"column":21},"end":{"line":1398,"column":33}}},"434":{"name":"(anonymous_434)","line":1399,"loc":{"start":{"line":1399,"column":43},"end":{"line":1399,"column":55}}},"435":{"name":"(anonymous_435)","line":1404,"loc":{"start":{"line":1404,"column":30},"end":{"line":1404,"column":42}}},"436":{"name":"(anonymous_436)","line":1406,"loc":{"start":{"line":1406,"column":31},"end":{"line":1406,"column":43}}},"437":{"name":"aeroflow","line":1414,"loc":{"start":{"line":1414,"column":17},"end":{"line":1414,"column":55}}},"438":{"name":"(anonymous_438)","line":1415,"loc":{"start":{"line":1415,"column":25},"end":{"line":1415,"column":41}}}},"statementMap":{"1":{"start":{"line":1,"column":-15},"end":{"line":1,"column":-15}},"2":{"start":{"line":2,"column":2},"end":{"line":4,"column":9}},"3":{"start":{"line":3,"column":4},"end":{"line":2,"column":50}},"4":{"start":{"line":4,"column":9},"end":{"line":4,"column":9}},"5":{"start":{"line":5,"column":4},"end":{"line":4,"column":45}},"6":{"start":{"line":7,"column":4},"end":{"line":6,"column":9}},"7":{"start":{"line":10,"column":4},"end":{"line":6,"column":9}},"8":{"start":{"line":11,"column":4},"end":{"line":6,"column":9}},"9":{"start":{"line":16,"column":2},"end":{"line":13,"column":36}},"10":{"start":{"line":19,"column":2},"end":{"line":13,"column":36}},"11":{"start":{"line":20,"column":4},"end":{"line":19,"column":61}},"12":{"start":{"line":21,"column":6},"end":{"line":20,"column":43}},"13":{"start":{"line":22,"column":8},"end":{"line":21,"column":43}},"14":{"start":{"line":25,"column":6},"end":{"line":20,"column":43}},"15":{"start":{"line":26,"column":8},"end":{"line":25,"column":40}},"16":{"start":{"line":27,"column":10},"end":{"line":26,"column":55}},"17":{"start":{"line":30,"column":8},"end":{"line":25,"column":40}},"18":{"start":{"line":31,"column":10},"end":{"line":30,"column":56}},"19":{"start":{"line":32,"column":12},"end":{"line":31,"column":70}},"20":{"start":{"line":36,"column":8},"end":{"line":25,"column":40}},"21":{"start":{"line":37,"column":10},"end":{"line":36,"column":80}},"22":{"start":{"line":39,"column":10},"end":{"line":36,"column":80}},"23":{"start":{"line":40,"column":12},"end":{"line":39,"column":81}},"24":{"start":{"line":44,"column":8},"end":{"line":25,"column":40}},"25":{"start":{"line":45,"column":10},"end":{"line":44,"column":81}},"26":{"start":{"line":46,"column":10},"end":{"line":44,"column":81}},"27":{"start":{"line":47,"column":12},"end":{"line":46,"column":75}},"28":{"start":{"line":51,"column":8},"end":{"line":25,"column":40}},"29":{"start":{"line":52,"column":10},"end":{"line":51,"column":96}},"30":{"start":{"line":54,"column":12},"end":{"line":53,"column":64}},"31":{"start":{"line":56,"column":10},"end":{"line":51,"column":96}},"32":{"start":{"line":57,"column":12},"end":{"line":56,"column":81}},"33":{"start":{"line":61,"column":8},"end":{"line":25,"column":40}},"34":{"start":{"line":62,"column":10},"end":{"line":61,"column":96}},"35":{"start":{"line":63,"column":10},"end":{"line":61,"column":96}},"36":{"start":{"line":64,"column":12},"end":{"line":63,"column":75}},"37":{"start":{"line":71,"column":2},"end":{"line":13,"column":36}},"38":{"start":{"line":72,"column":4},"end":{"line":71,"column":57}},"39":{"start":{"line":73,"column":6},"end":{"line":72,"column":41}},"40":{"start":{"line":74,"column":8},"end":{"line":73,"column":43}},"41":{"start":{"line":77,"column":6},"end":{"line":72,"column":41}},"42":{"start":{"line":78,"column":8},"end":{"line":77,"column":38}},"43":{"start":{"line":79,"column":10},"end":{"line":78,"column":55}},"44":{"start":{"line":82,"column":8},"end":{"line":77,"column":38}},"45":{"start":{"line":83,"column":10},"end":{"line":82,"column":59}},"46":{"start":{"line":84,"column":12},"end":{"line":83,"column":70}},"47":{"start":{"line":88,"column":8},"end":{"line":77,"column":38}},"48":{"start":{"line":89,"column":10},"end":{"line":88,"column":58}},"49":{"start":{"line":90,"column":12},"end":{"line":89,"column":79}},"50":{"start":{"line":95,"column":6},"end":{"line":72,"column":41}},"51":{"start":{"line":96,"column":8},"end":{"line":95,"column":59}},"52":{"start":{"line":97,"column":10},"end":{"line":96,"column":72}},"53":{"start":{"line":98,"column":12},"end":{"line":97,"column":70}},"54":{"start":{"line":102,"column":8},"end":{"line":95,"column":59}},"55":{"start":{"line":103,"column":10},"end":{"line":102,"column":83}},"56":{"start":{"line":104,"column":12},"end":{"line":103,"column":70}},"57":{"start":{"line":108,"column":8},"end":{"line":95,"column":59}},"58":{"start":{"line":109,"column":10},"end":{"line":108,"column":67}},"59":{"start":{"line":110,"column":12},"end":{"line":109,"column":70}},"60":{"start":{"line":114,"column":8},"end":{"line":95,"column":59}},"61":{"start":{"line":115,"column":10},"end":{"line":114,"column":85}},"62":{"start":{"line":116,"column":10},"end":{"line":114,"column":85}},"63":{"start":{"line":117,"column":12},"end":{"line":116,"column":81}},"64":{"start":{"line":118,"column":14},"end":{"line":117,"column":65}},"65":{"start":{"line":124,"column":6},"end":{"line":72,"column":41}},"66":{"start":{"line":125,"column":8},"end":{"line":124,"column":60}},"67":{"start":{"line":126,"column":10},"end":{"line":125,"column":73}},"68":{"start":{"line":127,"column":10},"end":{"line":125,"column":73}},"69":{"start":{"line":128,"column":12},"end":{"line":127,"column":81}},"70":{"start":{"line":135,"column":2},"end":{"line":13,"column":36}},"71":{"start":{"line":136,"column":4},"end":{"line":135,"column":57}},"72":{"start":{"line":137,"column":6},"end":{"line":136,"column":41}},"73":{"start":{"line":138,"column":8},"end":{"line":137,"column":43}},"74":{"start":{"line":141,"column":6},"end":{"line":136,"column":41}},"75":{"start":{"line":142,"column":8},"end":{"line":141,"column":38}},"76":{"start":{"line":143,"column":10},"end":{"line":142,"column":55}},"77":{"start":{"line":146,"column":8},"end":{"line":141,"column":38}},"78":{"start":{"line":147,"column":10},"end":{"line":146,"column":50}},"79":{"start":{"line":148,"column":10},"end":{"line":146,"column":50}},"80":{"start":{"line":149,"column":12},"end":{"line":148,"column":81}},"81":{"start":{"line":153,"column":8},"end":{"line":141,"column":38}},"82":{"start":{"line":154,"column":10},"end":{"line":153,"column":66}},"83":{"start":{"line":155,"column":10},"end":{"line":153,"column":66}},"84":{"start":{"line":156,"column":12},"end":{"line":155,"column":81}},"85":{"start":{"line":160,"column":8},"end":{"line":141,"column":38}},"86":{"start":{"line":161,"column":10},"end":{"line":160,"column":85}},"87":{"start":{"line":163,"column":10},"end":{"line":160,"column":85}},"88":{"start":{"line":164,"column":12},"end":{"line":163,"column":81}},"89":{"start":{"line":171,"column":2},"end":{"line":13,"column":36}},"90":{"start":{"line":172,"column":4},"end":{"line":171,"column":59}},"91":{"start":{"line":173,"column":6},"end":{"line":172,"column":42}},"92":{"start":{"line":174,"column":8},"end":{"line":173,"column":43}},"93":{"start":{"line":177,"column":6},"end":{"line":172,"column":42}},"94":{"start":{"line":178,"column":8},"end":{"line":177,"column":39}},"95":{"start":{"line":179,"column":10},"end":{"line":178,"column":55}},"96":{"start":{"line":182,"column":8},"end":{"line":177,"column":39}},"97":{"start":{"line":183,"column":10},"end":{"line":182,"column":59}},"98":{"start":{"line":184,"column":12},"end":{"line":183,"column":70}},"99":{"start":{"line":188,"column":8},"end":{"line":177,"column":39}},"100":{"start":{"line":189,"column":10},"end":{"line":188,"column":51}},"101":{"start":{"line":191,"column":12},"end":{"line":190,"column":59}},"102":{"start":{"line":193,"column":10},"end":{"line":188,"column":51}},"103":{"start":{"line":194,"column":12},"end":{"line":193,"column":77}},"104":{"start":{"line":199,"column":6},"end":{"line":172,"column":42}},"105":{"start":{"line":200,"column":8},"end":{"line":199,"column":58}},"106":{"start":{"line":201,"column":10},"end":{"line":200,"column":70}},"107":{"start":{"line":202,"column":12},"end":{"line":201,"column":70}},"108":{"start":{"line":206,"column":8},"end":{"line":199,"column":58}},"109":{"start":{"line":207,"column":10},"end":{"line":206,"column":66}},"110":{"start":{"line":208,"column":12},"end":{"line":207,"column":70}},"111":{"start":{"line":212,"column":8},"end":{"line":199,"column":58}},"112":{"start":{"line":213,"column":10},"end":{"line":212,"column":87}},"113":{"start":{"line":214,"column":10},"end":{"line":212,"column":87}},"114":{"start":{"line":215,"column":12},"end":{"line":214,"column":74}},"115":{"start":{"line":219,"column":8},"end":{"line":199,"column":58}},"116":{"start":{"line":220,"column":10},"end":{"line":219,"column":96}},"117":{"start":{"line":222,"column":10},"end":{"line":219,"column":96}},"118":{"start":{"line":223,"column":12},"end":{"line":222,"column":70}},"119":{"start":{"line":224,"column":14},"end":{"line":224,"column":14}},"120":{"start":{"line":224,"column":41},"end":{"line":224,"column":14}},"121":{"start":{"line":229,"column":8},"end":{"line":199,"column":58}},"122":{"start":{"line":230,"column":10},"end":{"line":229,"column":78}},"123":{"start":{"line":231,"column":10},"end":{"line":229,"column":78}},"124":{"start":{"line":232,"column":12},"end":{"line":231,"column":81}},"125":{"start":{"line":233,"column":14},"end":{"line":232,"column":66}},"126":{"start":{"line":238,"column":8},"end":{"line":199,"column":58}},"127":{"start":{"line":239,"column":10},"end":{"line":238,"column":68}},"128":{"start":{"line":241,"column":12},"end":{"line":240,"column":52}},"129":{"start":{"line":244,"column":10},"end":{"line":238,"column":68}},"130":{"start":{"line":245,"column":12},"end":{"line":244,"column":77}},"131":{"start":{"line":250,"column":6},"end":{"line":172,"column":42}},"132":{"start":{"line":251,"column":8},"end":{"line":250,"column":55}},"133":{"start":{"line":252,"column":10},"end":{"line":251,"column":68}},"134":{"start":{"line":255,"column":12},"end":{"line":254,"column":59}},"135":{"start":{"line":257,"column":10},"end":{"line":251,"column":68}},"136":{"start":{"line":258,"column":12},"end":{"line":257,"column":77}},"137":{"start":{"line":263,"column":6},"end":{"line":172,"column":42}},"138":{"start":{"line":264,"column":8},"end":{"line":263,"column":65}},"139":{"start":{"line":265,"column":10},"end":{"line":264,"column":64}},"140":{"start":{"line":268,"column":12},"end":{"line":267,"column":59}},"141":{"start":{"line":270,"column":10},"end":{"line":264,"column":64}},"142":{"start":{"line":271,"column":12},"end":{"line":270,"column":77}},"143":{"start":{"line":278,"column":2},"end":{"line":13,"column":36}},"144":{"start":{"line":279,"column":4},"end":{"line":278,"column":53}},"145":{"start":{"line":280,"column":6},"end":{"line":279,"column":39}},"146":{"start":{"line":281,"column":8},"end":{"line":280,"column":43}},"147":{"start":{"line":284,"column":6},"end":{"line":279,"column":39}},"148":{"start":{"line":285,"column":8},"end":{"line":284,"column":36}},"149":{"start":{"line":286,"column":10},"end":{"line":285,"column":55}},"150":{"start":{"line":289,"column":8},"end":{"line":284,"column":36}},"151":{"start":{"line":290,"column":10},"end":{"line":289,"column":56}},"152":{"start":{"line":291,"column":12},"end":{"line":290,"column":70}},"153":{"start":{"line":295,"column":8},"end":{"line":284,"column":36}},"154":{"start":{"line":296,"column":10},"end":{"line":295,"column":80}},"155":{"start":{"line":298,"column":10},"end":{"line":295,"column":80}},"156":{"start":{"line":299,"column":12},"end":{"line":298,"column":81}},"157":{"start":{"line":303,"column":8},"end":{"line":284,"column":36}},"158":{"start":{"line":304,"column":10},"end":{"line":303,"column":84}},"159":{"start":{"line":306,"column":10},"end":{"line":303,"column":84}},"160":{"start":{"line":307,"column":12},"end":{"line":306,"column":81}},"161":{"start":{"line":311,"column":8},"end":{"line":284,"column":36}},"162":{"start":{"line":312,"column":10},"end":{"line":311,"column":94}},"163":{"start":{"line":314,"column":10},"end":{"line":311,"column":94}},"164":{"start":{"line":316,"column":10},"end":{"line":311,"column":94}},"165":{"start":{"line":317,"column":12},"end":{"line":316,"column":81}},"166":{"start":{"line":321,"column":8},"end":{"line":284,"column":36}},"167":{"start":{"line":322,"column":10},"end":{"line":321,"column":98}},"168":{"start":{"line":324,"column":12},"end":{"line":323,"column":64}},"169":{"start":{"line":326,"column":10},"end":{"line":321,"column":98}},"170":{"start":{"line":327,"column":12},"end":{"line":326,"column":81}},"171":{"start":{"line":334,"column":2},"end":{"line":13,"column":36}},"172":{"start":{"line":335,"column":4},"end":{"line":334,"column":53}},"173":{"start":{"line":336,"column":6},"end":{"line":335,"column":39}},"174":{"start":{"line":337,"column":8},"end":{"line":336,"column":43}},"175":{"start":{"line":340,"column":6},"end":{"line":335,"column":39}},"176":{"start":{"line":341,"column":8},"end":{"line":340,"column":36}},"177":{"start":{"line":342,"column":10},"end":{"line":341,"column":55}},"178":{"start":{"line":345,"column":8},"end":{"line":340,"column":36}},"179":{"start":{"line":346,"column":10},"end":{"line":345,"column":56}},"180":{"start":{"line":347,"column":12},"end":{"line":346,"column":70}},"181":{"start":{"line":351,"column":8},"end":{"line":340,"column":36}},"182":{"start":{"line":352,"column":10},"end":{"line":351,"column":72}},"183":{"start":{"line":354,"column":10},"end":{"line":351,"column":72}},"184":{"start":{"line":355,"column":12},"end":{"line":354,"column":81}},"185":{"start":{"line":359,"column":8},"end":{"line":340,"column":36}},"186":{"start":{"line":360,"column":10},"end":{"line":359,"column":84}},"187":{"start":{"line":362,"column":10},"end":{"line":359,"column":84}},"188":{"start":{"line":363,"column":12},"end":{"line":362,"column":81}},"189":{"start":{"line":367,"column":8},"end":{"line":340,"column":36}},"190":{"start":{"line":368,"column":10},"end":{"line":367,"column":94}},"191":{"start":{"line":370,"column":10},"end":{"line":367,"column":94}},"192":{"start":{"line":372,"column":10},"end":{"line":367,"column":94}},"193":{"start":{"line":373,"column":12},"end":{"line":372,"column":81}},"194":{"start":{"line":377,"column":8},"end":{"line":340,"column":36}},"195":{"start":{"line":378,"column":10},"end":{"line":377,"column":98}},"196":{"start":{"line":380,"column":12},"end":{"line":379,"column":64}},"197":{"start":{"line":382,"column":10},"end":{"line":377,"column":98}},"198":{"start":{"line":383,"column":12},"end":{"line":382,"column":81}},"199":{"start":{"line":390,"column":2},"end":{"line":13,"column":36}},"200":{"start":{"line":391,"column":4},"end":{"line":390,"column":59}},"201":{"start":{"line":392,"column":6},"end":{"line":391,"column":42}},"202":{"start":{"line":393,"column":8},"end":{"line":392,"column":43}},"203":{"start":{"line":396,"column":6},"end":{"line":391,"column":42}},"204":{"start":{"line":397,"column":8},"end":{"line":396,"column":39}},"205":{"start":{"line":398,"column":10},"end":{"line":397,"column":55}},"206":{"start":{"line":401,"column":8},"end":{"line":396,"column":39}},"207":{"start":{"line":402,"column":10},"end":{"line":401,"column":59}},"208":{"start":{"line":403,"column":12},"end":{"line":402,"column":70}},"209":{"start":{"line":407,"column":8},"end":{"line":396,"column":39}},"210":{"start":{"line":408,"column":10},"end":{"line":407,"column":63}},"211":{"start":{"line":409,"column":12},"end":{"line":408,"column":70}},"212":{"start":{"line":414,"column":6},"end":{"line":391,"column":42}},"213":{"start":{"line":415,"column":8},"end":{"line":414,"column":56}},"214":{"start":{"line":416,"column":10},"end":{"line":415,"column":68}},"215":{"start":{"line":417,"column":12},"end":{"line":416,"column":70}},"216":{"start":{"line":421,"column":8},"end":{"line":414,"column":56}},"217":{"start":{"line":422,"column":10},"end":{"line":421,"column":78}},"218":{"start":{"line":423,"column":12},"end":{"line":422,"column":70}},"219":{"start":{"line":427,"column":8},"end":{"line":414,"column":56}},"220":{"start":{"line":428,"column":10},"end":{"line":427,"column":72}},"221":{"start":{"line":429,"column":12},"end":{"line":428,"column":70}},"222":{"start":{"line":433,"column":8},"end":{"line":414,"column":56}},"223":{"start":{"line":434,"column":10},"end":{"line":433,"column":57}},"224":{"start":{"line":435,"column":10},"end":{"line":433,"column":57}},"225":{"start":{"line":436,"column":12},"end":{"line":435,"column":81}},"226":{"start":{"line":437,"column":14},"end":{"line":436,"column":53}},"227":{"start":{"line":442,"column":8},"end":{"line":414,"column":56}},"228":{"start":{"line":443,"column":10},"end":{"line":442,"column":83}},"229":{"start":{"line":444,"column":10},"end":{"line":442,"column":83}},"230":{"start":{"line":445,"column":12},"end":{"line":444,"column":81}},"231":{"start":{"line":446,"column":14},"end":{"line":445,"column":54}},"232":{"start":{"line":451,"column":8},"end":{"line":414,"column":56}},"233":{"start":{"line":452,"column":10},"end":{"line":451,"column":90}},"234":{"start":{"line":453,"column":10},"end":{"line":451,"column":90}},"235":{"start":{"line":454,"column":12},"end":{"line":453,"column":81}},"236":{"start":{"line":455,"column":14},"end":{"line":454,"column":56}},"237":{"start":{"line":460,"column":8},"end":{"line":414,"column":56}},"238":{"start":{"line":461,"column":10},"end":{"line":460,"column":134}},"239":{"start":{"line":462,"column":10},"end":{"line":460,"column":134}},"240":{"start":{"line":463,"column":12},"end":{"line":462,"column":84}},"241":{"start":{"line":464,"column":14},"end":{"line":464,"column":14}},"242":{"start":{"line":465,"column":16},"end":{"line":464,"column":99}},"243":{"start":{"line":468,"column":14},"end":{"line":463,"column":55}},"244":{"start":{"line":473,"column":8},"end":{"line":414,"column":56}},"245":{"start":{"line":474,"column":10},"end":{"line":473,"column":93}},"246":{"start":{"line":476,"column":10},"end":{"line":473,"column":93}},"247":{"start":{"line":477,"column":12},"end":{"line":476,"column":70}},"248":{"start":{"line":478,"column":14},"end":{"line":478,"column":14}},"249":{"start":{"line":478,"column":41},"end":{"line":478,"column":14}},"250":{"start":{"line":483,"column":8},"end":{"line":414,"column":56}},"251":{"start":{"line":484,"column":10},"end":{"line":483,"column":76}},"252":{"start":{"line":485,"column":10},"end":{"line":483,"column":76}},"253":{"start":{"line":486,"column":12},"end":{"line":485,"column":81}},"254":{"start":{"line":487,"column":14},"end":{"line":486,"column":69}},"255":{"start":{"line":493,"column":6},"end":{"line":391,"column":42}},"256":{"start":{"line":494,"column":8},"end":{"line":493,"column":67}},"257":{"start":{"line":495,"column":10},"end":{"line":494,"column":59}},"258":{"start":{"line":496,"column":12},"end":{"line":495,"column":70}},"259":{"start":{"line":500,"column":8},"end":{"line":493,"column":67}},"260":{"start":{"line":501,"column":10},"end":{"line":500,"column":88}},"261":{"start":{"line":502,"column":10},"end":{"line":500,"column":88}},"262":{"start":{"line":503,"column":12},"end":{"line":502,"column":81}},"263":{"start":{"line":508,"column":6},"end":{"line":391,"column":42}},"264":{"start":{"line":509,"column":8},"end":{"line":508,"column":73}},"265":{"start":{"line":510,"column":10},"end":{"line":509,"column":57}},"266":{"start":{"line":511,"column":10},"end":{"line":509,"column":57}},"267":{"start":{"line":512,"column":12},"end":{"line":511,"column":81}},"268":{"start":{"line":517,"column":6},"end":{"line":391,"column":42}},"269":{"start":{"line":518,"column":8},"end":{"line":517,"column":54}},"270":{"start":{"line":519,"column":10},"end":{"line":518,"column":57}},"271":{"start":{"line":520,"column":10},"end":{"line":518,"column":57}},"272":{"start":{"line":521,"column":12},"end":{"line":520,"column":81}},"273":{"start":{"line":525,"column":8},"end":{"line":517,"column":54}},"274":{"start":{"line":526,"column":10},"end":{"line":525,"column":61}},"275":{"start":{"line":527,"column":10},"end":{"line":525,"column":61}},"276":{"start":{"line":528,"column":12},"end":{"line":527,"column":81}},"277":{"start":{"line":535,"column":2},"end":{"line":13,"column":36}},"278":{"start":{"line":536,"column":4},"end":{"lin
[...]
start":{"line":368,"column":4},"end":{"line":368,"column":4}}]},"51":{"line":375,"type":"if","locations":[{"start":{"line":375,"column":10},"end":{"line":375,"column":10}},{"start":{"line":375,"column":10},"end":{"line":375,"column":10}}]},"52":{"line":377,"type":"if","locations":[{"start":{"line":377,"column":12},"end":{"line":377,"column":12}},{"start":{"line":377,"column":12},"end":{"line":377,"column":12}}]},"53":{"line":385,"type":"if","locations":[{"start":{"line":385,"column":10},"end":{"line":385,"column":10}},{"start":{"line":385,"column":10},"end":{"line":385,"column":10}}]},"54":{"line":385,"type":"binary-expr","locations":[{"start":{"line":385,"column":14},"end":{"line":385,"column":14}},{"start":{"line":385,"column":33},"end":{"line":385,"column":14}},{"start":{"line":385,"column":42},"end":{"line":385,"column":42}}]},"55":{"line":398,"type":"cond-expr","locations":[{"start":{"line":398,"column":45},"end":{"line":398,"column":20}},{"start":{"line":398,"column":104},"end":{"line":398,"column":20}}]},"56":{"line":402,"type":"cond-expr","locations":[{"start":{"line":402,"column":35},"end":{"line":402,"column":17}},{"start":{"line":402,"column":68},"end":{"line":402,"column":17}}]},"57":{"line":423,"type":"if","locations":[{"start":{"line":423,"column":16},"end":{"line":423,"column":16}},{"start":{"line":423,"column":16},"end":{"line":423,"column":16}}]},"58":{"line":436,"type":"cond-expr","locations":[{"start":{"line":436,"column":28},"end":{"line":436,"column":28}},{"start":{"line":445,"column":10},"end":{"line":445,"column":10}}]},"59":{"line":440,"type":"if","locations":[{"start":{"line":440,"column":10},"end":{"line":440,"column":10}},{"start":{"line":440,"column":10},"end":{"line":440,"column":10}}]},"60":{"line":440,"type":"binary-expr","locations":[{"start":{"line":440,"column":14},"end":{"line":440,"column":14}},{"start":{"line":440,"column":23},"end":{"line":440,"column":23}}]},"61":{"line":448,"type":"if","locations":[{"start":{"line":448,"column":10},"end":{"line":448,"column":10}},{"start":{"line":448,"column":10},"end":{"line":448,"column":10}}]},"62":{"line":463,"type":"cond-expr","locations":[{"start":{"line":463,"column":36},"end":{"line":463,"column":18}},{"start":{"line":463,"column":46},"end":{"line":463,"column":18}}]},"63":{"line":485,"type":"cond-expr","locations":[{"start":{"line":485,"column":32},"end":{"line":485,"column":11}},{"start":{"line":485,"column":67},"end":{"line":485,"column":127}}]},"64":{"line":485,"type":"cond-expr","locations":[{"start":{"line":485,"column":88},"end":{"line":485,"column":67}},{"start":{"line":485,"column":127},"end":{"line":485,"column":127}}]},"65":{"line":485,"type":"cond-expr","locations":[{"start":{"line":485,"column":149},"end":{"line":485,"column":127}},{"start":{"line":485,"column":177},"end":{"line":485,"column":127}}]},"66":{"line":490,"type":"switch","locations":[{"start":{"line":491,"column":6},"end":{"line":491,"column":6}},{"start":{"line":490,"column":4},"end":{"line":494,"column":6}},{"start":{"line":490,"column":4},"end":{"line":499,"column":6}},{"start":{"line":490,"column":4},"end":{"line":504,"column":6}}]},"67":{"line":516,"type":"if","locations":[{"start":{"line":516,"column":10},"end":{"line":516,"column":10}},{"start":{"line":516,"column":10},"end":{"line":516,"column":10}}]},"68":{"line":520,"type":"if","locations":[{"start":{"line":520,"column":10},"end":{"line":520,"column":10}},{"start":{"line":520,"column":10},"end":{"line":520,"column":10}}]},"69":{"line":520,"type":"binary-expr","locations":[{"start":{"line":520,"column":14},"end":{"line":520,"column":14}},{"start":{"line":520,"column":33},"end":{"line":520,"column":33}}]},"70":{"line":520,"type":"binary-expr","locations":[{"start":{"line":520,"column":46},"end":{"line":520,"column":46}},{"start":{"line":520,"column":55},"end":{"line":520,"column":46}}]},"71":{"line":528,"type":"switch","locations":[{"start":{"line":529,"column":6},"end":{"line":529,"column":6}},{"start":{"line":528,"column":4},"end":{"line":532,"column":6}},{"start":{"line":528,"column":4},"end":{"line":537,"column":6}},{"start":{"line":528,"column":4},"end":{"line":542,"column":6}}]},"72":{"line":552,"type":"binary-expr","locations":[{"start":{"line":552,"column":17},"end":{"line":552,"column":17}},{"start":{"line":552,"column":62},"end":{"line":552,"column":17}}]},"73":{"line":560,"type":"if","locations":[{"start":{"line":560,"column":4},"end":{"line":560,"column":4}},{"start":{"line":560,"column":4},"end":{"line":560,"column":4}}]},"74":{"line":565,"type":"if","locations":[{"start":{"line":565,"column":10},"end":{"line":565,"column":10}},{"start":{"line":565,"column":10},"end":{"line":565,"column":10}}]},"75":{"line":567,"type":"if","locations":[{"start":{"line":567,"column":10},"end":{"line":567,"column":10}},{"start":{"line":567,"column":10},"end":{"line":567,"column":10}}]},"76":{"line":583,"type":"cond-expr","locations":[{"start":{"line":583,"column":35},"end":{"line":583,"column":16}},{"start":{"line":585,"column":9},"end":{"line":583,"column":16}}]},"77":{"line":584,"type":"cond-expr","locations":[{"start":{"line":584,"column":36},"end":{"line":584,"column":13}},{"start":{"line":584,"column":47},"end":{"line":584,"column":13}}]},"78":{"line":597,"type":"if","locations":[{"start":{"line":597,"column":12},"end":{"line":597,"column":12}},{"start":{"line":597,"column":12},"end":{"line":597,"column":12}}]},"79":{"line":598,"type":"cond-expr","locations":[{"start":{"line":598,"column":41},"end":{"line":598,"column":27}},{"start":{"line":598,"column":46},"end":{"line":598,"column":27}}]},"80":{"line":606,"type":"if","locations":[{"start":{"line":606,"column":10},"end":{"line":606,"column":10}},{"start":{"line":606,"column":10},"end":{"line":606,"column":10}}]},"81":{"line":622,"type":"if","locations":[{"start":{"line":622,"column":10},"end":{"line":622,"column":10}},{"start":{"line":622,"column":10},"end":{"line":622,"column":10}}]},"82":{"line":622,"type":"binary-expr","locations":[{"start":{"line":622,"column":14},"end":{"line":622,"column":14}},{"start":{"line":622,"column":33},"end":{"line":622,"column":14}},{"start":{"line":622,"column":42},"end":{"line":622,"column":42}}]},"83":{"line":629,"type":"if","locations":[{"start":{"line":629,"column":4},"end":{"line":629,"column":4}},{"start":{"line":629,"column":4},"end":{"line":629,"column":4}}]},"84":{"line":630,"type":"cond-expr","locations":[{"start":{"line":630,"column":39},"end":{"line":630,"column":17}},{"start":{"line":630,"column":49},"end":{"line":630,"column":17}}]},"85":{"line":668,"type":"cond-expr","locations":[{"start":{"line":668,"column":32},"end":{"line":668,"column":13}},{"start":{"line":668,"column":41},"end":{"line":668,"column":13}}]},"86":{"line":676,"type":"if","locations":[{"start":{"line":676,"column":10},"end":{"line":676,"column":10}},{"start":{"line":676,"column":10},"end":{"line":676,"column":10}}]},"87":{"line":686,"type":"cond-expr","locations":[{"start":{"line":686,"column":32},"end":{"line":686,"column":13}},{"start":{"line":686,"column":41},"end":{"line":686,"column":13}}]},"88":{"line":696,"type":"cond-expr","locations":[{"start":{"line":696,"column":34},"end":{"line":696,"column":34}},{"start":{"line":701,"column":12},"end":{"line":701,"column":12}}]},"89":{"line":708,"type":"if","locations":[{"start":{"line":708,"column":10},"end":{"line":708,"column":10}},{"start":{"line":708,"column":10},"end":{"line":708,"column":10}}]},"90":{"line":712,"type":"if","locations":[{"start":{"line":712,"column":16},"end":{"line":712,"column":16}},{"start":{"line":712,"column":16},"end":{"line":712,"column":16}}]},"91":{"line":715,"type":"cond-expr","locations":[{"start":{"line":715,"column":35},"end":{"line":715,"column":35}},{"start":{"line":715,"column":53},"end":{"line":715,"column":53}}]},"92":{"line":716,"type":"cond-expr","locations":[{"start":{"line":716,"column":28},"end":{"line":716,"column":17}},{"start":{"line":716,"column":41},"end":{"line":716,"column":17}}]},"93":{"line":717,"type":"if","locations":[{"start":{"line":717,"column":18},"end":{"line":717,"column":18}},{"start":{"line":717,"column":18},"end":{"line":717,"column":18}}]},"94":{"line":729,"type":"if","locations":[{"start":{"line":729,"column":4},"end":{"line":729,"column":4}},{"start":{"line":729,"column":4},"end":{"line":729,"column":4}}]},"95":{"line":738,"type":"if","locations":[{"start":{"line":738,"column":10},"end":{"line":738,"column":10}},{"start":{"line":738,"column":10},"end":{"line":738,"column":10}}]},"96":{"line":738,"type":"binary-expr","locations":[{"start":{"line":738,"column":14},"end":{"line":738,"column":14}},{"start":{"line":738,"column":39},"end":{"line":738,"column":14}}]},"97":{"line":751,"type":"binary-expr","locations":[{"start":{"line":751,"column":21},"end":{"line":751,"column":21}},{"start":{"line":751,"column":37},"end":{"line":751,"column":37}}]},"98":{"line":773,"type":"binary-expr","locations":[{"start":{"line":773,"column":17},"end":{"line":773,"column":17}},{"start":{"line":773,"column":36},"end":{"line":773,"column":17}}]},"99":{"line":787,"type":"if","locations":[{"start":{"line":787,"column":10},"end":{"line":787,"column":10}},{"start":{"line":787,"column":10},"end":{"line":787,"column":10}}]},"100":{"line":787,"type":"if","locations":[{"start":{"line":787,"column":49},"end":{"line":787,"column":49}},{"start":{"line":787,"column":49},"end":{"line":787,"column":49}}]},"101":{"line":799,"type":"if","locations":[{"start":{"line":799,"column":10},"end":{"line":799,"column":10}},{"start":{"line":799,"column":10},"end":{"line":799,"column":10}}]},"102":{"line":799,"type":"binary-expr","locations":[{"start":{"line":799,"column":14},"end":{"line":799,"column":14}},{"start":{"line":799,"column":26},"end":{"line":799,"column":26}}]},"103":{"line":800,"type":"binary-expr","locations":[{"start":{"line":800,"column":17},"end":{"line":800,"column":17}},{"start":{"line":800,"column":29},"end":{"line":800,"column":17}}]},"104":{"line":807,"type":"switch","locations":[{"start":{"line":808,"column":6},"end":{"line":808,"column":6}},{"start":{"line":807,"column":4},"end":{"line":810,"column":6}},{"start":{"line":807,"column":4},"end":{"line":812,"column":6}},{"start":{"line":807,"column":4},"end":{"line":814,"column":6}}]},"105":{"line":809,"type":"cond-expr","locations":[{"start":{"line":809,"column":31},"end":{"line":809,"column":15}},{"start":{"line":809,"column":62},"end":{"line":809,"column":62}}]},"106":{"line":809,"type":"cond-expr","locations":[{"start":{"line":809,"column":78},"end":{"line":809,"column":62}},{"start":{"line":809,"column":109},"end":{"line":809,"column":62}}]},"107":{"line":815,"type":"cond-expr","locations":[{"start":{"line":815,"column":27},"end":{"line":815,"column":15}},{"start":{"line":815,"column":47},"end":{"line":815,"column":15}}]},"108":{"line":822,"type":"cond-expr","locations":[{"start":{"line":822,"column":34},"end":{"line":822,"column":34}},{"start":{"line":837,"column":8},"end":{"line":837,"column":8}}]},"109":{"line":822,"type":"binary-expr","locations":[{"start":{"line":822,"column":11},"end":{"line":822,"column":11}},{"start":{"line":822,"column":24},"end":{"line":822,"column":24}}]},"110":{"line":825,"type":"cond-expr","locations":[{"start":{"line":825,"column":34},"end":{"line":825,"column":34}},{"start":{"line":825,"column":58},"end":{"line":825,"column":22}}]},"111":{"line":826,"type":"cond-expr","locations":[{"start":{"line":826,"column":32},"end":{"line":826,"column":32}},{"start":{"line":826,"column":54},"end":{"line":826,"column":22}}]},"112":{"line":827,"type":"if","locations":[{"start":{"line":827,"column":10},"end":{"line":827,"column":10}},{"start":{"line":827,"column":10},"end":{"line":827,"column":10}}]},"113":{"line":828,"type":"if","locations":[{"start":{"line":828,"column":10},"end":{"line":828,"column":10}},{"start":{"line":828,"column":10},"end":{"line":828,"column":10}}]},"114":{"line":829,"type":"binary-expr","locations":[{"start":{"line":829,"column":17},"end":{"line":829,"column":17}},{"start":{"line":829,"column":35},"end":{"line":829,"column":17}}]},"115":{"line":831,"type":"binary-expr","locations":[{"start":{"line":831,"column":21},"end":{"line":831,"column":21}},{"start":{"line":831,"column":73},"end":{"line":831,"column":73}}]},"116":{"line":841,"type":"binary-expr","locations":[{"start":{"line":841,"column":17},"end":{"line":841,"column":17}},{"start":{"line":841,"column":36},"end":{"line":841,"column":36}},{"start":{"line":841,"column":51},"end":{"line":841,"column":36}}]},"117":{"line":849,"type":"switch","locations":[{"start":{"line":850,"column":6},"end":{"line":850,"column":6}},{"start":{"line":849,"column":4},"end":{"line":853,"column":6}},{"start":{"line":849,"column":4},"end":{"line":858,"column":6}},{"start":{"line":849,"column":4},"end":{"line":863,"column":6}}]},"118":{"line":873,"type":"if","locations":[{"start":{"line":873,"column":10},"end":{"line":873,"column":10}},{"start":{"line":873,"column":10},"end":{"line":873,"column":10}}]},"119":{"line":877,"type":"if","locations":[{"start":{"line":877,"column":10},"end":{"line":877,"column":10}},{"start":{"line":877,"column":10},"end":{"line":877,"column":10}}]},"120":{"line":877,"type":"binary-expr","locations":[{"start":{"line":877,"column":14},"end":{"line":877,"column":14}},{"start":{"line":877,"column":33},"end":{"line":877,"column":33}}]},"121":{"line":889,"type":"switch","locations":[{"start":{"line":890,"column":8},"end":{"line":890,"column":8}},{"start":{"line":889,"column":6},"end":{"line":894,"column":8}},{"start":{"line":889,"column":6},"end":{"line":897,"column":8}},{"start":{"line":889,"column":6},"end":{"line":900,"column":8}}]},"122":{"line":895,"type":"cond-expr","locations":[{"start":{"line":895,"column":38},"end":{"line":895,"column":22}},{"start":{"line":895,"column":42},"end":{"line":895,"column":42}}]},"123":{"line":898,"type":"cond-expr","locations":[{"start":{"line":898,"column":59},"end":{"line":898,"column":59}},{"start":{"line":898,"column":64},"end":{"line":898,"column":22}}]},"124":{"line":901,"type":"cond-expr","locations":[{"start":{"line":901,"column":34},"end":{"line":901,"column":22}},{"start":{"line":901,"column":38},"end":{"line":901,"column":38}}]},"125":{"line":904,"type":"if","locations":[{"start":{"line":904,"column":6},"end":{"line":904,"column":6}},{"start":{"line":904,"column":6},"end":{"line":904,"column":6}}]},"126":{"line":906,"type":"cond-expr","locations":[{"start":{"line":906,"column":38},"end":{"line":906,"column":38}},{"start":{"line":914,"column":8},"end":{"line":914,"column":8}}]},"127":{"line":911,"type":"if","locations":[{"start":{"line":911,"column":8},"end":{"line":911,"column":8}},{"start":{"line":911,"column":8},"end":{"line":911,"column":8}}]},"128":{"line":939,"type":"if","locations":[{"start":{"line":939,"column":10},"end":{"line":939,"column":10}},{"start":{"line":939,"column":10},"end":{"line":939,"column":10}}]},"129":{"line":941,"type":"if","locations":[{"start":{"line":941,"column":10},"end":{"line":941,"column":10}},{"start":{"line":941,"column":10},"end":{"line":941,"column":10}}]},"130":{"line":942,"type":"if","locations":[{"start":{"line":942,"column":10},"end":{"line":942,"column":10}},{"start":{"line":942,"column":10},"end":{"line":942,"column":10}}]},"131":{"line":954,"type":"if","locations":[{"start":{"line":954,"column":10},"end":{"line":954,"column":10}},{"start":{"line":954,"column":10},"end":{"line":954,"column":10}}]},"132":{"line":958,"type":"if","locations":[{"start":{"line":958,"column":10},"end":{"line":958,"column":10}},{"start":{"line":958,"column":10},"end":{"line":958,"column":10}}]},"133":{"line":969,"type":"binary-expr","locations":[{"start":{"line":969,"column":17},"end":{"line":969,"column":17}},{"start":{"line":969,"column":60},"end":{"line":969,"column":17}}]},"134":{"line":976,"type":"switch","locations":[{"start":{"line":977,"column":6},"end":{"line":977,"column":6}},{"start":{"line":976,"column":4},"end":{"line":979,"column":6}},{"start":{"line":976,"column":4},"end":{"line":981,"column":6}}]},"135":{"line":978,"type":"cond-expr","locations":[{"start":{"line":978,"column":31},"end":{"line":978,"column":15}},{"start":{"line":978,"column":62},"end":{"line":978,"column":62}}]},"136":{"line":978,"type":"cond-expr","locations":[{"start":{"line":978,"column":78},"end":{"line":978,"column":62}},{"start":{"line":978,"column":109},"end":{"line":978,"column":62}}]},"137":{"line":982,"type":"cond-expr","locations":[{"start":{"line":982,"column":27},"end":{"line":982,"column":15}},{"start":{"line":982,"column":38},"end":{"line":982,"column":15}}]},"138":{"line":988,"type":"cond-expr","locations":[{"start":{"line":988,"column":36},"end":{"line":988,"column":36}},{"start":{"line":994,"column":10},"end":{"line":988,"column":13}}]},"139":{"line":999,"type":"cond-expr","locations":[{"start":{"line":999,"column":58},"end":{"line":999,"column":25}},{"start":{"line":999,"column":69},"end":{"line":999,"column":69}}]},"140":{"line":999,"type":"cond-expr","locations":[{"start":{"line":999,"column":101},"end":{"line":999,"column":69}},{"start":{"line":999,"column":121},"end":{"line":999,"column":69}}]},"141":{"line":1000,"type":"cond-expr","locations":[{"start":{"line":1000,"column":62},"end":{"line":1000,"column":27}},{"start":{"line":1000,"column":73},"end":{"line":1000,"column":73}}]},"142":{"line":1000,"type":"cond-expr","locations":[{"start":{"line":1000,"column":107},"end":{"line":1000,"column":73}},{"start":{"line":1000,"column":129},"end":{"line":1000,"column":73}}]},"143":{"line":1009,"type":"if","locations":[{"start":{"line":1009,"column":10},"end":{"line":1009,"column":10}},{"start":{"line":1009,"column":10},"end":{"line":1009,"column":10}}]},"144":{"line":1009,"type":"binary-expr","locations":[{"start":{"line":1009,"column":14},"end":{"line":1009,"column":14}},{"start":{"line":1009,"column":33},"end":{"line":1009,"column":33}}]},"145":{"line":1025,"type":"if","locations":[{"start":{"line":1025,"column":10},"end":{"line":1025,"column":10}},{"start":{"line":1025,"column":10},"end":{"line":1025,"column":10}}]},"146":{"line":1025,"type":"binary-expr","locations":[{"start":{"line":1025,"column":14},"end":{"line":1025,"column":14}},{"start":{"line":1025,"column":33},"end":{"line":1025,"column":14}},{"start":{"line":1025,"column":42},"end":{"line":1025,"column":42}}]},"147":{"line":1034,"type":"switch","locations":[{"start":{"line":1035,"column":6},"end":{"line":1035,"column":6}},{"start":{"line":1034,"column":4},"end":{"line":1039,"column":8}},{"start":{"line":1034,"column":4},"end":{"line":1040,"column":6}},{"start":{"line":1034,"column":4},"end":{"line":1042,"column":6}}]},"148":{"line":1039,"type":"if","locations":[{"start":{"line":1039,"column":8},"end":{"line":1039,"column":8}},{"start":{"line":1039,"column":8},"end":{"line":1039,"column":8}}]},"149":{"line":1047,"type":"cond-expr","locations":[{"start":{"line":1047,"column":29},"end":{"line":1047,"column":29}},{"start":{"line":1047,"column":77},"end":{"line":1047,"column":77}}]},"150":{"line":1054,"type":"if","locations":[{"start":{"line":1054,"column":6},"end":{"line":1054,"column":6}},{"start":{"line":1054,"column":6},"end":{"line":1054,"column":6}}]},"151":{"line":1054,"type":"binary-expr","locations":[{"start":{"line":1054,"column":10},"end":{"line":1054,"column":10}},{"start":{"line":1054,"column":29},"end":{"line":1054,"column":40}}]},"152":{"line":1975,"type":"if","locations":[{"start":{"line":1975,"column":4},"end":{"line":1975,"column":4}},{"start":{"line":1975,"column":4},"end":{"line":1975,"column":4}}]},"153":{"line":1976,"type":"if","locations":[{"start":{"line":1976,"column":6},"end":{"line":1976,"column":6}},{"start":{"line":1976,"column":6},"end":{"line":1976,"column":6}}]},"154":{"line":1997,"type":"cond-expr","locations":[{"start":{"line":1997,"column":27},"end":{"line":1997,"column":9}},{"start":{"line":1997,"column":36},"end":{"line":1997,"column":9}}]}}}}