{"D:\\Project\\aeroflow\\build\\coverage.js":{"path":"D:\\Project\\aeroflow\\build\\coverage.js","s":{"1":1,"2":1,"3":1},"b":{},"f":{},"fnMap":{},"statementMap":{"1":{"start":{"line":1,"column":-15},"end":{"line":1,"column":-11}},"2":{"start":{"line":2,"column":0},"end":{"line":2,"column":0}},"3":{"start":{"line":4,"column":0},"end":{"line":4,"column":0}}},"branchMap":{}},"D:\\Project\\aeroflow\\build\\legacy\\aeroflow.tests.js":{"path":"D:\\Project\\aeroflow\\build\\legacy\\aeroflow.tests.js","s":{"1":1,"2":1,"3":0,"4":1,"5":1,"6":0,"7":0,"8":0,"9":1,"10":1,"11":1,"12":1,"13":1,"14":1,"15":1,"16":1,"17":1,"18":1,"19":1,"20":1,"21":1,"22":1,"23":1,"24":1,"25":1,"26":1,"27":1,"28":1,"29":1,"30":3,"31":1,"32":1,"33":1,"34":1,"35":1,"36":1,"37":1,"38":1,"39":1,"40":1,"41":1,"42":1,"43":1,"44":1,"45":1,"46":1,"47":1,"48":1,"49":1,"50":1,"51":1,"52":1,"53":1,"54":1,"55":1,"56":1,"57":1,"58":1,"59":1,"60":1,"61":1,"62":1,"63":1,"64":1,"65":1,"66":1,"67":1,"68":1,"69":1,"70":1,"71":1,"72":1,"73":1,"74":1,"75":1,"76":1,"77":1,"78":1,"79":1,"80":1,"81":1,"82":1,"83":1,"84":1,"85":1,"86":1,"87":1,"88":1,"89":1,"90":1,"91":1,"92":1,"93":1,"94":1,"95":1,"96":1,"97":1,"98":1,"99":1,"100":1,"101":7,"102":1,"103":1,"104":1,"105":1,"106":1,"107":1,"108":1,"109":1,"110":1,"111":1,"112":1,"113":1,"114":1,"115":1,"116":1,"117":1,"118":1,"119":4,"120":1,"121":1,"122":1,"123":1,"124":1,"125":1,"126":1,"127":1,"128":8,"129":1,"130":1,"131":1,"132":1,"133":1,"134":4,"135":1,"136":1,"137":1,"138":1,"139":1,"140":3,"141":1,"142":1,"143":1,"144":1,"145":1,"146":1,"147":1,"148":1,"149":1,"150":1,"151":1,"152":1,"153":1,"154":1,"155":1,"156":1,"157":1,"158":1,"159":1,"160":1,"161":1,"162":1,"163":1,"164":1,"165":1,"166":1,"167":1,"168":2,"169":1,"170":1,"171":1,"172":1,"173":1,"174":1,"175":1,"176":1,"177":1,"178":1,"179":1,"180":1,"181":1,"182":1,"183":1,"184":1,"185":1,"186":1,"187":1,"188":1,"189":1,"190":1,"191":1,"192":1,"193":1,"194":1,"195":1,"196":2,"197":1,"198":1,"199":1,"200":1,"201":1,"202":1,"203":1,"204":1,"205":1,"206":1,"207":1,"208":1,"209":1,"210":1,"211":1,"212":1,"213":1,"214":1,"215":1,"216":1,"217":1,"218":1,"219":1,"220":1,"221":1,"222":1,"223":1,"224":1,"225":1,"226":1,"227":1,"228":1,"229":1,"230":1,"231":0,"232":1,"233":1,"234":1,"235":1,"236":2,"237":1,"238":1,"239":1,"240":1,"241":1,"242":4,"243":1,"244":1,"245":1,"246":1,"247":1,"248":3,"249":1,"250":1,"251":1,"252":1,"253":1,"254":1,"255":1,"256":1,"257":1,"258":1,"259":1,"260":1,"261":1,"262":1,"263":1,"264":1,"265":1,"266":1,"267":1,"268":1,"269":1,"270":1,"271":1,"272":1,"273":1,"274":1,"275":1,"276":1,"277":1,"278":1,"279":1,"280":1,"281":1,"282":1,"283":1,"284":1,"285":1,"286":1,"287":1,"288":1,"289":1,"290":1,"291":1,"292":1,"293":1,"294":1,"295":1,"296":1,"297":1,"298":1,"299":1,"300":1,"301":1,"302":1,"303":1,"304":1,"305":1,"306":1,"307":1,"308":1,"309":1,"310":1,"311":1,"312":1,"313":1,"314":1,"315":1,"316":1,"317":1,"318":1,"319":1,"320":1,"321":1,"322":1,"323":1,"324":1,"325":1,"326":1,"327":1,"328":1,"329":1,"330":1,"331":1,"332":1,"333":1,"334":1,"335":1,"336":1,"337":1,"338":1,"339":1,"340":1,"341":1,"342":1,"343":1,"344":1,"345":1,"346":1,"347":1,"348":1,"349":1,"350":1,"351":1,"352":1,"353":1,"354":1,"355":1,"356":1,"357":1,"358":1,"359":1,"360":1,"361":1,"362":1,"363":1,"364":1,"365":1,"366":1,"367":1,"368":1,"369":1,"370":1,"371":1,"372":1,"373":1,"374":1,"375":10,"376":1,"377":1},"b":{"1":[0,1],"2":[1,0],"3":[1,0],"4":[1,3],"5":[1,1],"6":[0,2],"7":[1,2]},"f":{"1":1,"2":1,"3":1,"4":1,"5":1,"6":1,"7":1,"8":1,"9":1,"10":1,"11":1,"12":1,"13":1,"14":1,"15":3,"16":1,"17":1,"18":1,"19":1,"20":1,"21":1,"22":1,"23":1,"24":1,"25":1,"26":1,"27":1,"28":1,"29":1,"30":1,"31":1,"32":1,"33":1,"34":1,"35":1,"36":1,"37":1,"38":1,"39":1,"40":1,"41":1,"42":1,"43":1,"44":1,"45":1,"46":1,"47":1,"48":1,"49":1,"50":1,"51":1,"52":1,"53":1,"54":1,"55":1,"56":1,"57":1,"58":1,"59":1,"60":7,"61":1,"62":1,"63":1,"64":1,"65":1,"66":1,"67":1,"68":1,"69":1,"70":1,"71":4,"72":1,"73":1,"74":1,"75":1,"76":8,"77":1,"78":1,"79":1,"80":4,"81":1,"82":1,"83":1,"84":3,"85":1,"86":1,"87":1,"88":1,"89":1,"90":1,"91":1,"92":1,"93":1,"94":1,"95":1,"96":1,"97":1,"98":1,"99":1,"100":2,"101":1,"102":1,"103":1,"104":1,"105":1,"106":1,"107":1,"108":1,"109":1,"110":1,"111":1,"112":1,"113":1,"114":1,"115":1,"116":2,"117":1,"118":1,"119":1,"120":1,"121":1,"122":1,"123":1,"124":1,"125":1,"126":1,"127":1,"128":1,"129":1,"130":1,"131":1,"132":1,"133":1,"134":1,"135":1,"136":1,"137":1,"138":1,"139":0,"140":1,"141":1,"142":2,"143":1,"144":1,"145":1,"146":1,"147":1,"148":3,"149":1,"150":1,"151":1,"152":1,"153":1,"154":1,"155":0,"156":1,"157":1,"158":1,"159":1,"160":1,"161":0,"162":1,"163":1,"164":1,"165":1,"166":1,"167":1,"168":1,"169":1,"170":1,"171":1,"172":1,"173":1,"174":1,"175":1,"176":1,"177":1,"178":1,"179":1,"180":1,"181":1,"182":1,"183":1,"184":1,"185":1,"186":1,"187":1,"188":1,"189":1,"190":1,"191":1,"192":1,"193":1,"194":1,"195":1,"196":1,"197":1,"198":1,"199":1,"200":1,"201":1,"202":1,"203":1,"204":1,"205":1,"206":1,"207":1,"208":1,"209":1,"210":1,"211":1,"212":1,"213":1,"214":1,"215":1,"216":1,"217":1,"218":1,"219":1,"220":1,"221":1,"222":1,"223":1,"224":1,"225":10},"fnMap":{"1":{"name":"(anonymous_1)","line":1,"loc":{"start":{"line":1,"column":-14},"end":{"line":1,"column":13}}},"2":{"name":"(anonymous_2)","line":13,"loc":{"start":{"line":13,"column":9},"end":{"line":13,"column":36}}},"3":{"name":"averageOperatorTests","line":20,"loc":{"start":{"line":20,"column":29},"end":{"line":20,"column":77}}},"4":{"name":"(anonymous_4)","line":21,"loc":{"start":{"line":21,"column":40},"end":{"line":21,"column":52}}},"5":{"name":"(anonymous_5)","line":22,"loc":{"start":{"line":22,"column":31},"end":{"line":22,"column":43}}},"6":{"name":"(anonymous_6)","line":25,"loc":{"start":{"line":25,"column":21},"end":{"line":25,"column":33}}},"7":{"name":"(anonymous_7)","line":26,"loc":{"start":{"line":26,"column":43},"end":{"line":26,"column":55}}},"8":{"name":"(anonymous_8)","line":29,"loc":{"start":{"line":29,"column":44},"end":{"line":29,"column":56}}},"9":{"name":"(anonymous_9)","line":30,"loc":{"start":{"line":30,"column":48},"end":{"line":30,"column":70}}},"10":{"name":"(anonymous_10)","line":34,"loc":{"start":{"line":34,"column":68},"end":{"line":34,"column":80}}},"11":{"name":"(anonymous_11)","line":37,"loc":{"start":{"line":37,"column":59},"end":{"line":37,"column":81}}},"12":{"name":"(anonymous_12)","line":41,"loc":{"start":{"line":41,"column":69},"end":{"line":41,"column":81}}},"13":{"name":"(anonymous_13)","line":43,"loc":{"start":{"line":43,"column":53},"end":{"line":43,"column":75}}},"14":{"name":"(anonymous_14)","line":47,"loc":{"start":{"line":47,"column":84},"end":{"line":47,"column":96}}},"15":{"name":"(anonymous_15)","line":49,"loc":{"start":{"line":49,"column":42},"end":{"line":49,"column":64}}},"16":{"name":"(anonymous_16)","line":52,"loc":{"start":{"line":52,"column":59},"end":{"line":52,"column":81}}},"17":{"name":"(anonymous_17)","line":56,"loc":{"start":{"line":56,"column":84},"end":{"line":56,"column":96}}},"18":{"name":"(anonymous_18)","line":58,"loc":{"start":{"line":58,"column":53},"end":{"line":58,"column":75}}},"19":{"name":"catchOperatorTests","line":66,"loc":{"start":{"line":66,"column":27},"end":{"line":66,"column":73}}},"20":{"name":"(anonymous_20)","line":67,"loc":{"start":{"line":67,"column":38},"end":{"line":67,"column":50}}},"21":{"name":"(anonymous_21)","line":68,"loc":{"start":{"line":68,"column":31},"end":{"line":68,"column":43}}},"22":{"name":"(anonymous_22)","line":71,"loc":{"start":{"line":71,"column":21},"end":{"line":71,"column":33}}},"23":{"name":"(anonymous_23)","line":72,"loc":{"start":{"line":72,"column":43},"end":{"line":72,"column":55}}},"24":{"name":"(anonymous_24)","line":75,"loc":{"start":{"line":75,"column":47},"end":{"line":75,"column":59}}},"25":{"name":"(anonymous_25)","line":76,"loc":{"start":{"line":76,"column":48},"end":{"line":76,"column":70}}},"26":{"name":"(anonymous_26)","line":80,"loc":{"start":{"line":80,"column":46},"end":{"line":80,"column":58}}},"27":{"name":"(anonymous_27)","line":81,"loc":{"start":{"line":81,"column":57},"end":{"line":81,"column":79}}},"28":{"name":"(anonymous_28)","line":86,"loc":{"start":{"line":86,"column":42},"end":{"line":86,"column":54}}},"29":{"name":"(anonymous_29)","line":87,"loc":{"start":{"line":87,"column":60},"end":{"line":87,"column":72}}},"30":{"name":"(anonymous_30)","line":88,"loc":{"start":{"line":88,"column":48},"end":{"line":88,"column":70}}},"31":{"name":"(anonymous_31)","line":92,"loc":{"start":{"line":92,"column":71},"end":{"line":92,"column":83}}},"32":{"name":"(anonymous_32)","line":93,"loc":{"start":{"line":93,"column":48},"end":{"line":93,"column":70}}},"33":{"name":"(anonymous_33)","line":97,"loc":{"start":{"line":97,"column":55},"end":{"line":97,"column":67}}},"34":{"name":"(anonymous_34)","line":98,"loc":{"start":{"line":98,"column":48},"end":{"line":98,"column":70}}},"35":{"name":"(anonymous_35)","line":102,"loc":{"start":{"line":102,"column":73},"end":{"line":102,"column":85}}},"36":{"name":"(anonymous_36)","line":104,"loc":{"start":{"line":104,"column":59},"end":{"line":104,"column":81}}},"37":{"name":"(anonymous_37)","line":105,"loc":{"start":{"line":105,"column":53},"end":{"line":105,"column":65}}},"38":{"name":"(anonymous_38)","line":111,"loc":{"start":{"line":111,"column":43},"end":{"line":111,"column":55}}},"39":{"name":"(anonymous_39)","line":112,"loc":{"start":{"line":112,"column":61},"end":{"line":112,"column":73}}},"40":{"name":"(anonymous_40)","line":114,"loc":{"start":{"line":114,"column":59},"end":{"line":114,"column":81}}},"41":{"name":"countOperatorTests","line":122,"loc":{"start":{"line":122,"column":27},"end":{"line":122,"column":73}}},"42":{"name":"(anonymous_42)","line":123,"loc":{"start":{"line":123,"column":38},"end":{"line":123,"column":50}}},"43":{"name":"(anonymous_43)","line":124,"loc":{"start":{"line":124,"column":31},"end":{"line":124,"column":43}}},"44":{"name":"(anonymous_44)","line":127,"loc":{"start":{"line":127,"column":21},"end":{"line":127,"column":33}}},"45":{"name":"(anonymous_45)","line":128,"loc":{"start":{"line":128,"column":43},"end":{"line":128,"column":55}}},"46":{"name":"(anonymous_46)","line":131,"loc":{"start":{"line":131,"column":38},"end":{"line":131,"column":50}}},"47":{"name":"(anonymous_47)","line":133,"loc":{"start":{"line":133,"column":59},"end":{"line":133,"column":81}}},"48":{"name":"(anonymous_48)","line":137,"loc":{"start":{"line":137,"column":54},"end":{"line":137,"column":66}}},"49":{"name":"(anonymous_49)","line":139,"loc":{"start":{"line":139,"column":59},"end":{"line":139,"column":81}}},"50":{"name":"(anonymous_50)","line":143,"loc":{"start":{"line":143,"column":73},"end":{"line":143,"column":85}}},"51":{"name":"(anonymous_51)","line":146,"loc":{"start":{"line":146,"column":59},"end":{"line":146,"column":81}}},"52":{"name":"filterOperatorTests","line":154,"loc":{"start":{"line":154,"column":28},"end":{"line":154,"column":75}}},"53":{"name":"(anonymous_53)","line":155,"loc":{"start":{"line":155,"column":39},"end":{"line":155,"column":51}}},"54":{"name":"(anonymous_54)","line":156,"loc":{"start":{"line":156,"column":31},"end":{"line":156,"column":43}}},"55":{"name":"(anonymous_55)","line":159,"loc":{"start":{"line":159,"column":21},"end":{"line":159,"column":33}}},"56":{"name":"(anonymous_56)","line":160,"loc":{"start":{"line":160,"column":43},"end":{"line":160,"column":55}}},"57":{"name":"(anonymous_57)","line":163,"loc":{"start":{"line":163,"column":47},"end":{"line":163,"column":59}}},"58":{"name":"(anonymous_58)","line":164,"loc":{"start":{"line":164,"column":48},"end":{"line":164,"column":70}}},"59":{"name":"(anonymous_59)","line":168,"loc":{"start":{"line":168,"column":39},"end":{"line":168,"column":51}}},"60":{"name":"(anonymous_60)","line":170,"loc":{"start":{"line":170,"column":42},"end":{"line":170,"column":59}}},"61":{"name":"(anonymous_61)","line":173,"loc":{"start":{"line":173,"column":55},"end":{"line":173,"column":77}}},"62":{"name":"(anonymous_62)","line":178,"loc":{"start":{"line":178,"column":40},"end":{"line":178,"column":52}}},"63":{"name":"(anonymous_63)","line":179,"loc":{"start":{"line":179,"column":58},"end":{"line":179,"column":70}}},"64":{"name":"(anonymous_64)","line":180,"loc":{"start":{"line":180,"column":48},"end":{"line":180,"column":70}}},"65":{"name":"(anonymous_65)","line":184,"loc":{"start":{"line":184,"column":54},"end":{"line":184,"column":66}}},"66":{"name":"(anonymous_66)","line":185,"loc":{"start":{"line":185,"column":48},"end":{"line":185,"column":70}}},"67":{"name":"(anonymous_67)","line":189,"loc":{"start":{"line":189,"column":75},"end":{"line":189,"column":87}}},"68":{"name":"(anonymous_68)","line":191,"loc":{"start":{"line":191,"column":52},"end":{"line":191,"column":74}}},"69":{"name":"(anonymous_69)","line":195,"loc":{"start":{"line":195,"column":84},"end":{"line":195,"column":96}}},"70":{"name":"(anonymous_70)","line":198,"loc":{"start":{"line":198,"column":48},"end":{"line":198,"column":70}}},"71":{"name":"(anonymous_71)","line":199,"loc":{"start":{"line":199,"column":43},"end":{"line":199,"column":63}}},"72":{"name":"(anonymous_72)","line":204,"loc":{"start":{"line":204,"column":66},"end":{"line":204,"column":78}}},"73":{"name":"(anonymous_73)","line":206,"loc":{"start":{"line":206,"column":59},"end":{"line":206,"column":81}}},"74":{"name":"(anonymous_74)","line":207,"loc":{"start":{"line":207,"column":43},"end":{"line":207,"column":66}}},"75":{"name":"(anonymous_75)","line":212,"loc":{"start":{"line":212,"column":56},"end":{"line":212,"column":68}}},"76":{"name":"condition","line":214,"loc":{"start":{"line":214,"column":26},"end":{"line":214,"column":52}}},"77":{"name":"(anonymous_77)","line":219,"loc":{"start":{"line":219,"column":55},"end":{"line":219,"column":77}}},"78":{"name":"(anonymous_78)","line":224,"loc":{"start":{"line":224,"column":37},"end":{"line":224,"column":49}}},"79":{"name":"(anonymous_79)","line":225,"loc":{"start":{"line":225,"column":56},"end":{"line":225,"column":68}}},"80":{"name":"(anonymous_80)","line":228,"loc":{"start":{"line":228,"column":42},"end":{"line":228,"column":59}}},"81":{"name":"(anonymous_81)","line":231,"loc":{"start":{"line":231,"column":55},"end":{"line":231,"column":77}}},"82":{"name":"(anonymous_82)","line":236,"loc":{"start":{"line":236,"column":47},"end":{"line":236,"column":59}}},"83":{"name":"(anonymous_83)","line":237,"loc":{"start":{"line":237,"column":52},"end":{"line":237,"column":64}}},"84":{"name":"(anonymous_84)","line":240,"loc":{"start":{"line":240,"column":42},"end":{"line":240,"column":59}}},"85":{"name":"(anonymous_85)","line":243,"loc":{"start":{"line":243,"column":55},"end":{"line":243,"column":77}}},"86":{"name":"maxOperatorTests","line":251,"loc":{"start":{"line":251,"column":25},"end":{"line":251,"column":69}}},"87":{"name":"(anonymous_87)","line":252,"loc":{"start":{"line":252,"column":36},"end":{"line":252,"column":48}}},"88":{"name":"(anonymous_88)","line":253,"loc":{"start":{"line":253,"column":31},"end":{"line":253,"column":43}}},"89":{"name":"(anonymous_89)","line":256,"loc":{"start":{"line":256,"column":21},"end":{"line":256,"column":33}}},"90":{"name":"(anonymous_90)","line":257,"loc":{"start":{"line":257,"column":43},"end":{"line":257,"column":55}}},"91":{"name":"(anonymous_91)","line":260,"loc":{"start":{"line":260,"column":44},"end":{"line":260,"column":56}}},"92":{"name":"(anonymous_92)","line":261,"loc":{"start":{"line":261,"column":48},"end":{"line":261,"column":70}}},"93":{"name":"(anonymous_93)","line":265,"loc":{"start":{"line":265,"column":68},"end":{"line":265,"column":80}}},"94":{"name":"(anonymous_94)","line":268,"loc":{"start":{"line":268,"column":59},"end":{"line":268,"column":81}}},"95":{"name":"(anonymous_95)","line":272,"loc":{"start":{"line":272,"column":72},"end":{"line":272,"column":84}}},"96":{"name":"(anonymous_96)","line":275,"loc":{"start":{"line":275,"column":59},"end":{"line":275,"column":81}}},"97":{"name":"(anonymous_97)","line":279,"loc":{"start":{"line":279,"column":82},"end":{"line":279,"column":94}}},"98":{"name":"(anonymous_98)","line":285,"loc":{"start":{"line":285,"column":59},"end":{"line":285,"column":81}}},"99":{"name":"(anonymous_99)","line":289,"loc":{"start":{"line":289,"column":86},"end":{"line":289,"column":98}}},"100":{"name":"(anonymous_100)","line":291,"loc":{"start":{"line":291,"column":42},"end":{"line":291,"column":64}}},"101":{"name":"(anonymous_101)","line":294,"loc":{"start":{"line":294,"column":59},"end":{"line":294,"column":81}}},"102":{"name":"minOperatorTests","line":302,"loc":{"start":{"line":302,"column":25},"end":{"line":302,"column":69}}},"103":{"name":"(anonymous_103)","line":303,"loc":{"start":{"line":303,"column":36},"end":{"line":303,"column":48}}},"104":{"name":"(anonymous_104)","line":304,"loc":{"start":{"line":304,"column":31},"end":{"line":304,"column":43}}},"105":{"name":"(anonymous_105)","line":307,"loc":{"start":{"line":307,"column":21},"end":{"line":307,"column":33}}},"106":{"name":"(anonymous_106)","line":308,"loc":{"start":{"line":308,"column":43},"end":{"line":308,"column":55}}},"107":{"name":"(anonymous_107)","line":311,"loc":{"start":{"line":311,"column":44},"end":{"line":311,"column":56}}},"108":{"name":"(anonymous_108)","line":312,"loc":{"start":{"line":312,"column":48},"end":{"line":312,"column":70}}},"109":{"name":"(anonymous_109)","line":316,"loc":{"start":{"line":316,"column":60},"end":{"line":316,"column":72}}},"110":{"name":"(anonymous_110)","line":319,"loc":{"start":{"line":319,"column":59},"end":{"line":319,"column":81}}},"111":{"name":"(anonymous_111)","line":323,"loc":{"start":{"line":323,"column":72},"end":{"line":323,"column":84}}},"112":{"name":"(anonymous_112)","line":326,"loc":{"start":{"line":326,"column":59},"end":{"line":326,"column":81}}},"113":{"name":"(anonymous_113)","line":330,"loc":{"start":{"line":330,"column":82},"end":{"line":330,"column":94}}},"114":{"name":"(anonymous_114)","line":336,"loc":{"start":{"line":336,"column":59},"end":{"line":336,"column":81}}},"115":{"name":"(anonymous_115)","line":340,"loc":{"start":{"line":340,"column":86},"end":{"line":340,"column":98}}},"116":{"name":"(anonymous_116)","line":342,"loc":{"start":{"line":342,"column":42},"end":{"line":342,"column":64}}},"117":{"name":"(anonymous_117)","line":345,"loc":{"start":{"line":345,"column":59},"end":{"line":345,"column":81}}},"118":{"name":"reduceOperatorTests","line":353,"loc":{"start":{"line":353,"column":28},"end":{"line":353,"column":75}}},"119":{"name":"(anonymous_119)","line":354,"loc":{"start":{"line":354,"column":39},"end":{"line":354,"column":51}}},"120":{"name":"(anonymous_120)","line":355,"loc":{"start":{"line":355,"column":31},"end":{"line":355,"column":43}}},"121":{"name":"(anonymous_121)","line":358,"loc":{"start":{"line":358,"column":21},"end":{"line":358,"column":33}}},"122":{"name":"(anonymous_122)","line":359,"loc":{"start":{"line":359,"column":43},"end":{"line":359,"column":55}}},"123":{"name":"(anonymous_123)","line":362,"loc":{"start":{"line":362,"column":47},"end":{"line":362,"column":59}}},"124":{"name":"(anonymous_124)","line":363,"loc":{"start":{"line":363,"column":48},"end":{"line":363,"column":70}}},"125":{"name":"(anonymous_125)","line":367,"loc":{"start":{"line":367,"column":51},"end":{"line":367,"column":63}}},"126":{"name":"(anonymous_126)","line":368,"loc":{"start":{"line":368,"column":48},"end":{"line":368,"column":70}}},"127":{"name":"(anonymous_127)","line":373,"loc":{"start":{"line":373,"column":38},"end":{"line":373,"column":50}}},"128":{"name":"(anonymous_128)","line":374,"loc":{"start":{"line":374,"column":56},"end":{"line":374,"column":68}}},"129":{"name":"(anonymous_129)","line":375,"loc":{"start":{"line":375,"column":48},"end":{"line":375,"column":70}}},"130":{"name":"(anonymous_130)","line":379,"loc":{"start":{"line":379,"column":66},"end":{"line":379,"column":78}}},"131":{"name":"(anonymous_131)","line":380,"loc":{"start":{"line":380,"column":48},"end":{"line":380,"column":70}}},"132":{"name":"(anonymous_132)","line":384,"loc":{"start":{"line":384,"column":61},"end":{"line":384,"column":73}}},"133":{"name":"(anonymous_133)","line":385,"loc":{"start":{"line":385,"column":48},"end":{"line":385,"column":70}}},"134":{"name":"(anonymous_134)","line":389,"loc":{"start":{"line":389,"column":45},"end":{"line":389,"column":57}}},"135":{"name":"(anonymous_135)","line":391,"loc":{"start":{"line":391,"column":59},"end":{"line":391,"column":81}}},"136":{"name":"(anonymous_136)","line":392,"loc":{"start":{"line":392,"column":41},"end":{"line":392,"column":53}}},"137":{"name":"(anonymous_137)","line":397,"loc":{"start":{"line":397,"column":71},"end":{"line":397,"column":83}}},"138":{"name":"(anonymous_138)","line":399,"loc":{"start":{"line":399,"column":59},"end":{"line":399,"column":81}}},"139":{"name":"(anonymous_139)","line":400,"loc":{"start":{"line":400,"column":42},"end":{"line":400,"column":54}}},"140":{"name":"(anonymous_140)","line":405,"loc":{"start":{"line":405,"column":78},"end":{"line":405,"column":90}}},"141":{"name":"(anonymous_141)","line":407,"loc":{"start":{"line":407,"column":59},"end":{"line":407,"column":81}}},"142":{"name":"(anonymous_142)","line":408,"loc":{"start":{"line":408,"column":44},"end":{"line":408,"column":56}}},"143":{"name":"(anonymous_143)","line":413,"loc":{"start":{"line":413,"column":122},"end":{"line":413,"column":134}}},"144":{"name":"(anonymous_144)","line":415,"loc":{"start":{"line":415,"column":62},"end":{"line":415,"column":84}}},"145":{"name":"(anonymous_145)","line":416,"loc":{"start":{"line":416,"column":43},"end":{"line":416,"column":55}}},"146":{"name":"(anonymous_146)","line":425,"loc":{"start":{"line":425,"column":81},"end":{"line":425,"column":93}}},"147":{"name":"(anonymous_147)","line":428,"loc":{"start":{"line":428,"column":48},"end":{"line":428,"column":70}}},"148":{"name":"(anonymous_148)","line":429,"loc":{"start":{"line":429,"column":43},"end":{"line":429,"column":67}}},"149":{"name":"(anonymous_149)","line":434,"loc":{"start":{"line":434,"column":64},"end":{"line":434,"column":76}}},"150":{"name":"(anonymous_150)","line":436,"loc":{"start":{"line":436,"column":59},"end":{"line":436,"column":81}}},"151":{"name":"(anonymous_151)","line":437,"loc":{"start":{"line":437,"column":41},"end":{"line":437,"column":69}}},"152":{"name":"(anonymous_152)","line":443,"loc":{"start":{"line":443,"column":49},"end":{"line":443,"column":61}}},"153":{"name":"(anonymous_153)","line":444,"loc":{"start":{"line":444,"column":47},"end":{"line":444,"column":59}}},"154":{"name":"(anonymous_154)","line":445,"loc":{"start":{"line":445,"column":48},"end":{"line":445,"column":70}}},"155":{"name":"(anonymous_155)","line":446,"loc":{"start":{"line":446,"column":41},"end":{"line":446,"column":53}}},"156":{"name":"(anonymous_156)","line":449,"loc":{"start":{"line":449,"column":76},"end":{"line":449,"column":88}}},"157":{"name":"(anonymous_157)","line":451,"loc":{"start":{"line":451,"column":59},"end":{"line":451,"column":81}}},"158":{"name":"(anonymous_158)","line":456,"loc":{"start":{"line":456,"column":55},"end":{"line":456,"column":67}}},"159":{"name":"(anonymous_159)","line":457,"loc":{"start":{"line":457,"column":45},"end":{"line":457,"column":57}}},"160":{"name":"(anonymous_160)","line":459,"loc":{"start":{"line":459,"column":59},"end":{"line":459,"column":81}}},"161":{"name":"(anonymous_161)","line":460,"loc":{"start":{"line":460,"column":41},"end":{"line":460,"column":53}}},"162":{"name":"(anonymous_162)","line":464,"loc":{"start":{"line":464,"column":36},"end":{"line":464,"column":48}}},"163":{"name":"(anonymous_163)","line":465,"loc":{"start":{"line":465,"column":45},"end":{"line":465,"column":57}}},"164":{"name":"(anonymous_164)","line":467,"loc":{"start":{"line":467,"column":59},"end":{"line":467,"column":81}}},"165":{"name":"(anonymous_165)","line":471,"loc":{"start":{"line":471,"column":49},"end":{"line":471,"column":61}}},"166":{"name":"(anonymous_166)","line":473,"loc":{"start":{"line":473,"column":59},"end":{"line":473,"column":81}}},"167":{"name":"toArrayOperatorTests","line":481,"loc":{"start":{"line":481,"column":29},"end":{"line":481,"column":77}}},"168":{"name":"(anonymous_168)","line":482,"loc":{"start":{"line":482,"column":40},"end":{"line":482,"column":52}}},"169":{"name":"(anonymous_169)","line":483,"loc":{"start":{"line":483,"column":31},"end":{"line":483,"column":43}}},"170":{"name":"(anonymous_170)","line":486,"loc":{"start":{"line":486,"column":21},"end":{"line":486,"column":33}}},"171":{"name":"(anonymous_171)","line":487,"loc":{"start":{"line":487,"column":43},"end":{"line":487,"column":55}}},"172":{"name":"(anonymous_172)","line":490,"loc":{"start":{"line":490,"column":47},"end":{"line":490,"column":59}}},"173":{"name":"(anonymous_173)","line":491,"loc":{"start":{"line":491,"column":48},"end":{"line":491,"column":70}}},"174":{"name":"(anonymous_174)","line":495,"loc":{"start":{"line":495,"column":69},"end":{"line":495,"column":81}}},"175":{"name":"(anonymous_175)","line":498,"loc":{"start":{"line":498,"column":62},"end":{"line":498,"column":84}}},"176":{"name":"(anonymous_176)","line":503,"loc":{"start":{"line":503,"column":25},"end":{"line":503,"column":37}}},"177":{"name":"(anonymous_177)","line":504,"loc":{"start":{"line":504,"column":48},"end":{"line":504,"column":60}}},"178":{"name":"(anonymous_178)","line":506,"loc":{"start":{"line":506,"column":54},"end":{"line":506,"column":76}}},"179":{"name":"(anonymous_179)","line":510,"loc":{"start":{"line":510,"column":51},"end":{"line":510,"column":63}}},"180":{"name":"(anonymous_180)","line":512,"loc":{"start":{"line":512,"column":56},"end":{"line":512,"column":78}}},"181":{"name":"toSetOperatorTests","line":520,"loc":{"start":{"line":520,"column":27},"end":{"line":520,"column":73}}},"182":{"name":"(anonymous_182)","line":521,"loc":{"start":{"line":521,"column":38},"end":{"line":521,"column":50}}},"183":{"name":"(anonymous_183)","line":522,"loc":{"start":{"line":522,"column":31},"end":{"line":522,"column":43}}},"184":{"name":"(anonymous_184)","line":525,"loc":{"start":{"line":525,"column":21},"end":{"line":525,"column":33}}},"185":{"name":"(anonymous_185)","line":526,"loc":{"start":{"line":526,"column":43},"end":{"line":526,"column":55}}},"186":{"name":"(anonymous_186)","line":529,"loc":{"start":{"line":529,"column":47},"end":{"line":529,"column":59}}},"187":{"name":"(anonymous_187)","line":530,"loc":{"start":{"line":530,"column":48},"end":{"line":530,"column":70}}},"188":{"name":"(anonymous_188)","line":534,"loc":{"start":{"line":534,"column":74},"end":{"line":534,"column":86}}},"189":{"name":"(anonymous_189)","line":537,"loc":{"start":{"line":537,"column":62},"end":{"line":537,"column":84}}},"190":{"name":"(anonymous_190)","line":538,"loc":{"start":{"line":538,"column":48},"end":{"line":538,"column":63}}},"191":{"name":"(anonymous_191)","line":544,"loc":{"start":{"line":544,"column":25},"end":{"line":544,"column":37}}},"192":{"name":"(anonymous_192)","line":545,"loc":{"start":{"line":545,"column":45},"end":{"line":545,"column":57}}},"193":{"name":"(anonymous_193)","line":547,"loc":{"start":{"line":547,"column":54},"end":{"line":547,"column":76}}},"194":{"name":"(anonymous_194)","line":551,"loc":{"start":{"line":551,"column":49},"end":{"line":551,"column":61}}},"195":{"name":"(anonymous_195)","line":553,"loc":{"start":{"line":553,"column":59},"end":{"line":553,"column":81}}},"196":{"name":"toStringOperatorTests","line":561,"loc":{"start":{"line":561,"column":30},"end":{"line":561,"column":79}}},"197":{"name":"(anonymous_197)","line":562,"loc":{"start":{"line":562,"column":41},"end":{"line":562,"column":53}}},"198":{"name":"(anonymous_198)","line":563,"loc":{"start":{"line":563,"column":31},"end":{"line":563,"column":43}}},"199":{"name":"(anonymous_199)","line":566,"loc":{"start":{"line":566,"column":21},"end":{"line":566,"column":33}}},"200":{"name":"(anonymous_200)","line":567,"loc":{"start":{"line":567,"column":43},"end":{"line":567,"column":55}}},"201":{"name":"(anonymous_201)","line":570,"loc":{"start":{"line":570,"column":47},"end":{"line":570,"column":59}}},"202":{"name":"(anonymous_202)","line":571,"loc":{"start":{"line":571,"column":48},"end":{"line":571,"column":70}}},"203":{"name":"(anonymous_203)","line":575,"loc":{"start":{"line":575,"column":59},"end":{"line":575,"column":71}}},"204":{"name":"(anonymous_204)","line":578,"loc":{"start":{"line":578,"column":59},"end":{"line":578,"column":81}}},"205":{"name":"(anonymous_205)","line":582,"loc":{"start":{"line":582,"column":79},"end":{"line":582,"column":91}}},"206":{"name":"(anonymous_206)","line":585,"loc":{"start":{"line":585,"column":59},"end":{"line":585,"column":81}}},"207":{"name":"(anonymous_207)","line":589,"loc":{"start":{"line":589,"column":93},"end":{"line":589,"column":105}}},"208":{"name":"(anonymous_208)","line":592,"loc":{"start":{"line":592,"column":59},"end":{"line":592,"column":81}}},"209":{"name":"(anonymous_209)","line":596,"loc":{"start":{"line":596,"column":118},"end":{"line":596,"column":130}}},"210":{"name":"(anonymous_210)","line":599,"loc":{"start":{"line":599,"column":59},"end":{"line":599,"column":81}}},"211":{"name":"(anonymous_211)","line":604,"loc":{"start":{"line":604,"column":25},"end":{"line":604,"column":37}}},"212":{"name":"(anonymous_212)","line":605,"loc":{"start":{"line":605,"column":43},"end":{"line":605,"column":55}}},"213":{"name":"(anonymous_213)","line":607,"loc":{"start":{"line":607,"column":54},"end":{"line":607,"column":76}}},"214":{"name":"(anonymous_214)","line":611,"loc":{"start":{"line":611,"column":52},"end":{"line":611,"column":64}}},"215":{"name":"(anonymous_215)","line":613,"loc":{"start":{"line":613,"column":56},"end":{"line":613,"column":78}}},"216":{"name":"(anonymous_216)","line":618,"loc":{"start":{"line":618,"column":28},"end":{"line":618,"column":40}}},"217":{"name":"(anonymous_217)","line":619,"loc":{"start":{"line":619,"column":47},"end":{"line":619,"column":59}}},"218":{"name":"(anonymous_218)","line":620,"loc":{"start":{"line":620,"column":48},"end":{"line":620,"column":70}}},"219":{"name":"(anonymous_219)","line":624,"loc":{"start":{"line":624,"column":97},"end":{"line":624,"column":109}}},"220":{"name":"(anonymous_220)","line":628,"loc":{"start":{"line":628,"column":59},"end":{"line":628,"column":81}}},"221":{"name":"(anonymous_221)","line":633,"loc":{"start":{"line":633,"column":34},"end":{"line":633,"column":46}}},"222":{"name":"(anonymous_222)","line":634,"loc":{"start":{"line":634,"column":52},"end":{"line":634,"column":64}}},"223":{"name":"(anonymous_223)","line":637,"loc":{"start":{"line":637,"column":56},"end":{"line":637,"column":78}}},"224":{"name":"aeroflow","line":647,"loc":{"start":{"line":647,"column":17},"end":{"line":647,"column":54}}},"225":{"name":"(anonymous_225)","line":648,"loc":{"start":{"line":648,"column":25},"end":{"line":648,"column":41}}}},"statementMap":{"1":{"start":{"line":1,"column":-15},"end":{"line":1,"column":-15}},"2":{"start":{"line":2,"column":2},"end":{"line":4,"column":9}},"3":{"start":{"line":3,"column":4},"end":{"line":2,"column":50}},"4":{"start":{"line":4,"column":9},"end":{"line":4,"column":9}},"5":{"start":{"line":5,"column":4},"end":{"line":4,"column":45}},"6":{"start":{"line":7,"column":4},"end":{"line":6,"column":9}},"7":{"start":{"line":10,"column":4},"end":{"line":6,"column":9}},"8":{"start":{"line":11,"column":4},"end":{"line":6,"column":9}},"9":{"start":{"line":16,"column":2},"end":{"line":13,"column":36}},"10":{"start":{"line":20,"column":2},"end":{"line":13,"column":36}},"11":{"start":{"line":21,"column":4},"end":{"line":20,"column":77}},"12":{"start":{"line":22,"column":6},"end":{"line":21,"column":52}},"13":{"start":{"line":23,"column":8},"end":{"line":22,"column":43}},"14":{"start":{"line":25,"column":6},"end":{"line":21,"column":52}},"15":{"start":{"line":26,"column":8},"end":{"line":25,"column":33}},"16":{"start":{"line":27,"column":10},"end":{"line":26,"column":55}},"17":{"start":{"line":29,"column":8},"end":{"line":25,"column":33}},"18":{"start":{"line":30,"column":10},"end":{"line":29,"column":56}},"19":{"start":{"line":31,"column":12},"end":{"line":30,"column":70}},"20":{"start":{"line":34,"column":8},"end":{"line":25,"column":33}},"21":{"start":{"line":35,"column":10},"end":{"line":34,"column":80}},"22":{"start":{"line":37,"column":10},"end":{"line":34,"column":80}},"23":{"start":{"line":38,"column":12},"end":{"line":37,"column":81}},"24":{"start":{"line":41,"column":8},"end":{"line":25,"column":33}},"25":{"start":{"line":42,"column":10},"end":{"line":41,"column":81}},"26":{"start":{"line":43,"column":10},"end":{"line":41,"column":81}},"27":{"start":{"line":44,"column":12},"end":{"line":43,"column":75}},"28":{"start":{"line":47,"column":8},"end":{"line":25,"column":33}},"29":{"start":{"line":48,"column":10},"end":{"line":47,"column":96}},"30":{"start":{"line":50,"column":12},"end":{"line":49,"column":64}},"31":{"start":{"line":52,"column":10},"end":{"line":47,"column":96}},"32":{"start":{"line":53,"column":12},"end":{"line":52,"column":81}},"33":{"start":{"line":56,"column":8},"end":{"line":25,"column":33}},"34":{"start":{"line":57,"column":10},"end":{"line":56,"column":96}},"35":{"start":{"line":58,"column":10},"end":{"line":56,"column":96}},"36":{"start":{"line":59,"column":12},"end":{"line":58,"column":75}},"37":{"start":{"line":66,"column":2},"end":{"line":13,"column":36}},"38":{"start":{"line":67,"column":4},"end":{"line":66,"column":73}},"39":{"start":{"line":68,"column":6},"end":{"line":67,"column":50}},"40":{"start":{"line":69,"column":8},"end":{"line":68,"column":43}},"41":{"start":{"line":71,"column":6},"end":{"line":67,"column":50}},"42":{"start":{"line":72,"column":8},"end":{"line":71,"column":33}},"43":{"start":{"line":73,"column":10},"end":{"line":72,"column":55}},"44":{"start":{"line":75,"column":8},"end":{"line":71,"column":33}},"45":{"start":{"line":76,"column":10},"end":{"line":75,"column":59}},"46":{"start":{"line":77,"column":12},"end":{"line":76,"column":70}},"47":{"start":{"line":80,"column":8},"end":{"line":71,"column":33}},"48":{"start":{"line":81,"column":10},"end":{"line":80,"column":58}},"49":{"start":{"line":82,"column":12},"end":{"line":81,"column":79}},"50":{"start":{"line":86,"column":6},"end":{"line":67,"column":50}},"51":{"start":{"line":87,"column":8},"end":{"line":86,"column":54}},"52":{"start":{"line":88,"column":10},"end":{"line":87,"column":72}},"53":{"start":{"line":89,"column":12},"end":{"line":88,"column":70}},"54":{"start":{"line":92,"column":8},"end":{"line":86,"column":54}},"55":{"start":{"line":93,"column":10},"end":{"line":92,"column":83}},"56":{"start":{"line":94,"column":12},"end":{"line":93,"column":70}},"57":{"start":{"line":97,"column":8},"end":{"line":86,"column":54}},"58":{"start":{"line":98,"column":10},"end":{"line":97,"column":67}},"59":{"start":{"line":99,"column":12},"end":{"line":98,"column":70}},"60":{"start":{"line":102,"column":8},"end":{"line":86,"column":54}},"61":{"start":{"line":103,"column":10},"end":{"line":102,"column":85}},"62":{"start":{"line":104,"column":10},"end":{"line":102,"column":85}},"63":{"start":{"line":105,"column":12},"end":{"line":104,"column":81}},"64":{"start":{"line":106,"column":14},"end":{"line":105,"column":65}},"65":{"start":{"line":111,"column":6},"end":{"line":67,"column":50}},"66":{"start":{"line":112,"column":8},"end":{"line":111,"column":55}},"67":{"start":{"line":113,"column":10},"end":{"line":112,"column":73}},"68":{"start":{"line":114,"column":10},"end":{"line":112,"column":73}},"69":{"start":{"line":115,"column":12},"end":{"line":114,"column":81}},"70":{"start":{"line":122,"column":2},"end":{"line":13,"column":36}},"71":{"start":{"line":123,"column":4},"end":{"line":122,"column":73}},"72":{"start":{"line":124,"column":6},"end":{"line":123,"column":50}},"73":{"start":{"line":125,"column":8},"end":{"line":124,"column":43}},"74":{"start":{"line":127,"column":6},"end":{"line":123,"column":50}},"75":{"start":{"line":128,"column":8},"end":{"line":127,"column":33}},"76":{"start":{"line":129,"column":10},"end":{"line":128,"column":55}},"77":{"start":{"line":131,"column":8},"end":{"line":127,"column":33}},"78":{"start":{"line":132,"column":10},"end":{"line":131,"column":50}},"79":{"start":{"line":133,"column":10},"end":{"line":131,"column":50}},"80":{"start":{"line":134,"column":12},"end":{"line":133,"column":81}},"81":{"start":{"line":137,"column":8},"end":{"line":127,"column":33}},"82":{"start":{"line":138,"column":10},"end":{"line":137,"column":66}},"83":{"start":{"line":139,"column":10},"end":{"line":137,"column":66}},"84":{"start":{"line":140,"column":12},"end":{"line":139,"column":81}},"85":{"start":{"line":143,"column":8},"end":{"line":127,"column":33}},"86":{"start":{"line":144,"column":10},"end":{"line":143,"column":85}},"87":{"start":{"line":146,"column":10},"end":{"line":143,"column":85}},"88":{"start":{"line":147,"column":12},"end":{"line":146,"column":81}},"89":{"start":{"line":154,"column":2},"end":{"line":13,"column":36}},"90":{"start":{"line":155,"column":4},"end":{"line":154,"column":75}},"91":{"start":{"line":156,"column":6},"end":{"line":155,"column":51}},"92":{"start":{"line":157,"column":8},"end":{"line":156,"column":43}},"93":{"start":{"line":159,"column":6},"end":{"line":155,"column":51}},"94":{"start":{"line":160,"column":8},"end":{"line":159,"column":33}},"95":{"start":{"line":161,"column":10},"end":{"line":160,"column":55}},"96":{"start":{"line":163,"column":8},"end":{"line":159,"column":33}},"97":{"start":{"line":164,"column":10},"end":{"line":163,"column":59}},"98":{"start":{"line":165,"column":12},"end":{"line":164,"column":70}},"99":{"start":{"line":168,"column":8},"end":{"line":159,"column":33}},"100":{"start":{"line":169,"column":10},"end":{"line":168,"column":51}},"101":{"start":{"line":171,"column":12},"end":{"line":170,"column":59}},"102":{"start":{"line":173,"column":10},"end":{"line":168,"column":51}},"103":{"start":{"line":174,"column":12},"end":{"line":173,"column":77}},"104":{"start":{"line":178,"column":6},"end":{"line":155,"column":51}},"105":{"start":{"line":179,"column":8},"end":{"line":178,"column":52}},"106":{"start":{"line":180,"column":10},"end":{"line":179,"column":70}},"107":{"start":{"line":181,"column":12},"end":{"line":180,"column":70}},"108":{"start":{"line":184,"column":8},"end":{"line":178,"column":52}},"109":{"start":{"line":185,"column":10},"end":{"line":184,"column":66}},"110":{"start":{"line":186,"column":12},"end":{"line":185,"column":70}},"111":{"start":{"line":189,"column":8},"end":{"line":178,"column":52}},"112":{"start":{"line":190,"column":10},"end":{"line":189,"column":87}},"113":{"start":{"line":191,"column":10},"end":{"line":189,"column":87}},"114":{"start":{"line":192,"column":12},"end":{"line":191,"column":74}},"115":{"start":{"line":195,"column":8},"end":{"line":178,"column":52}},"116":{"start":{"line":196,"column":10},"end":{"line":195,"column":96}},"117":{"start":{"line":198,"column":10},"end":{"line":195,"column":96}},"118":{"start":{"line":199,"column":12},"end":{"line":198,"column":70}},"119":{"start":{"line":200,"column":14},"end":{"line":200,"column":14}},"120":{"start":{"line":200,"column":41},"end":{"line":200,"column":14}},"121":{"start":{"line":204,"column":8},"end":{"line":178,"column":52}},"122":{"start":{"line":205,"column":10},"end":{"line":204,"column":78}},"123":{"start":{"line":206,"column":10},"end":{"line":204,"column":78}},"124":{"start":{"line":207,"column":12},"end":{"line":206,"column":81}},"125":{"start":{"line":208,"column":14},"end":{"line":207,"column":66}},"126":{"start":{"line":212,"column":8},"end":{"line":178,"column":52}},"127":{"start":{"line":213,"column":10},"end":{"line":212,"column":68}},"128":{"start":{"line":215,"column":12},"end":{"line":214,"column":52}},"129":{"start":{"line":219,"column":10},"end":{"line":212,"column":68}},"130":{"start":{"line":220,"column":12},"end":{"line":219,"column":77}},"131":{"start":{"line":224,"column":6},"end":{"line":155,"column":51}},"132":{"start":{"line":225,"column":8},"end":{"line":224,"column":49}},"133":{"start":{"line":226,"column":10},"end":{"line":225,"column":68}},"134":{"start":{"line":229,"column":12},"end":{"line":228,"column":59}},"135":{"start":{"line":231,"column":10},"end":{"line":225,"column":68}},"136":{"start":{"line":232,"column":12},"end":{"line":231,"column":77}},"137":{"start":{"line":236,"column":6},"end":{"line":155,"column":51}},"138":{"start":{"line":237,"column":8},"end":{"line":236,"column":59}},"139":{"start":{"line":238,"column":10},"end":{"line":237,"column":64}},"140":{"start":{"line":241,"column":12},"end":{"line":240,"column":59}},"141":{"start":{"line":243,"column":10},"end":{"line":237,"column":64}},"142":{"start":{"line":244,"column":12},"end":{"line":243,"column":77}},"143":{"start":{"line":251,"column":2},"end":{"line":13,"column":36}},"144":{"start":{"line":252,"column":4},"end":{"line":251,"column":69}},"145":{"start":{"line":253,"column":6},"end":{"line":252,"column":48}},"146":{"start":{"line":254,"column":8},"end":{"line":253,"column":43}},"147":{"start":{"line":256,"column":6},"end":{"line":252,"column":48}},"148":{"start":{"line":257,"column":8},"end":{"line":256,"column":33}},"149":{"start":{"line":258,"column":10},"end":{"line":257,"column":55}},"150":{"start":{"line":260,"column":8},"end":{"line":256,"column":33}},"151":{"start":{"line":261,"column":10},"end":{"line":260,"column":56}},"152":{"start":{"line":262,"column":12},"end":{"line":261,"column":70}},"153":{"start":{"line":265,"column":8},"end":{"line":256,"column":33}},"154":{"start":{"line":266,"column":10},"end":{"line":265,"column":80}},"155":{"start":{"line":268,"column":10},"end":{"line":265,"column":80}},"156":{"start":{"line":269,"column":12},"end":{"line":268,"column":81}},"157":{"start":{"line":272,"column":8},"end":{"line":256,"column":33}},"158":{"start":{"line":273,"column":10},"end":{"line":272,"column":84}},"159":{"start":{"line":275,"column":10},"end":{"line":272,"column":84}},"160":{"start":{"line":276,"column":12},"end":{"line":275,"column":81}},"161":{"start":{"line":279,"column":8},"end":{"line":256,"column":33}},"162":{"start":{"line":280,"column":10},"end":{"line":279,"column":94}},"163":{"start":{"line":282,"column":10},"end":{"line":279,"column":94}},"164":{"start":{"line":285,"column":10},"end":{"line":279,"column":94}},"165":{"start":{"line":286,"column":12},"end":{"line":285,"column":81}},"166":{"start":{"line":289,"column":8},"end":{"line":256,"column":33}},"167":{"start":{"line":290,"column":10},"end":{"line":289,"column":98}},"168":{"start":{"line":292,"column":12},"end":{"line":291,"column":64}},"169":{"start":{"line":294,"column":10},"end":{"line":289,"column":98}},"170":{"start":{"line":295,"column":12},"end":{"line":294,"column":81}},"171":{"start":{"line":302,"column":2},"end":{"line":13,"column":36}},"172":{"start":{"line":303,"column":4},"end":{"line":302,"column":69}},"173":{"start":{"line":304,"column":6},"end":{"line":303,"column":48}},"174":{"start":{"line":305,"column":8},"end":{"line":304,"column":43}},"175":{"start":{"line":307,"column":6},"end":{"line":303,"column":48}},"176":{"start":{"line":308,"column":8},"end":{"line":307,"column":33}},"177":{"start":{"line":309,"column":10},"end":{"line":308,"column":55}},"178":{"start":{"line":311,"column":8},"end":{"line":307,"column":33}},"179":{"start":{"line":312,"column":10},"end":{"line":311,"column":56}},"180":{"start":{"line":313,"column":12},"end":{"line":312,"column":70}},"181":{"start":{"line":316,"column":8},"end":{"line":307,"column":33}},"182":{"start":{"line":317,"column":10},"end":{"line":316,"column":72}},"183":{"start":{"line":319,"column":10},"end":{"line":316,"column":72}},"184":{"start":{"line":320,"column":12},"end":{"line":319,"column":81}},"185":{"start":{"line":323,"column":8},"end":{"line":307,"column":33}},"186":{"start":{"line":324,"column":10},"end":{"line":323,"column":84}},"187":{"start":{"line":326,"column":10},"end":{"line":323,"column":84}},"188":{"start":{"line":327,"column":12},"end":{"line":326,"column":81}},"189":{"start":{"line":330,"column":8},"end":{"line":307,"column":33}},"190":{"start":{"line":331,"column":10},"end":{"line":330,"column":94}},"191":{"start":{"line":333,"column":10},"end":{"line":330,"column":94}},"192":{"start":{"line":336,"column":10},"end":{"line":330,"column":94}},"193":{"start":{"line":337,"column":12},"end":{"line":336,"column":81}},"194":{"start":{"line":340,"column":8},"end":{"line":307,"column":33}},"195":{"start":{"line":341,"column":10},"end":{"line":340,"column":98}},"196":{"start":{"line":343,"column":12},"end":{"line":342,"column":64}},"197":{"start":{"line":345,"column":10},"end":{"line":340,"column":98}},"198":{"start":{"line":346,"column":12},"end":{"line":345,"column":81}},"199":{"start":{"line":353,"column":2},"end":{"line":13,"column":36}},"200":{"start":{"line":354,"column":4},"end":{"line":353,"column":75}},"201":{"start":{"line":355,"column":6},"end":{"line":354,"column":51}},"202":{"start":{"line":356,"column":8},"end":{"line":355,"column":43}},"203":{"start":{"line":358,"column":6},"end":{"line":354,"column":51}},"204":{"start":{"line":359,"column":8},"end":{"line":358,"column":33}},"205":{"start":{"line":360,"column":10},"end":{"line":359,"column":55}},"206":{"start":{"line":362,"column":8},"end":{"line":358,"column":33}},"207":{"start":{"line":363,"column":10},"end":{"line":362,"column":59}},"208":{"start":{"line":364,"column":12},"end":{"line":363,"column":70}},"209":{"start":{"line":367,"column":8},"end":{"line":358,"column":33}},"210":{"start":{"line":368,"column":10},"end":{"line":367,"column":63}},"211":{"start":{"line":369,"column":12},"end":{"line":368,"column":70}},"212":{"start":{"line":373,"column":6},"end":{"line":354,"column":51}},"213":{"start":{"line":374,"column":8},"end":{"line":373,"column":50}},"214":{"start":{"line":375,"column":10},"end":{"line":374,"column":68}},"215":{"start":{"line":376,"column":12},"end":{"line":375,"column":70}},"216":{"start":{"line":379,"column":8},"end":{"line":373,"column":50}},"217":{"start":{"line":380,"column":10},"end":{"line":379,"column":78}},"218":{"start":{"line":381,"column":12},"end":{"line":380,"column":70}},"219":{"start":{"line":384,"column":8},"end":{"line":373,"column":50}},"220":{"start":{"line":385,"column":10},"end":{"line":384,"column":73}},"221":{"start":{"line":386,"column":12},"end":{"line":385,"column":70}},"222":{"start":{"line":389,"column":8},"end":{"line":373,"column":50}},"223":{"start":{"line":390,"column":10},"end":{"line":389,"column":57}},"224":{"start":{"line":391,"column":10},"end":{"line":389,"column":57}},"225":{"start":{"line":392,"column":12},"end":{"line":391,"column":81}},"226":{"start":{"line":393,"column":14},"end":{"line":392,"column":53}},"227":{"start":{"line":397,"column":8},"end":{"line":373,"column":50}},"228":{"start":{"line":398,"column":10},"end":{"line":397,"column":83}},"229":{"start":{"line":399,"column":10},"end":{"line":397,"column":83}},"230":{"start":{"line":400,"column":12},"end":{"line":399,"column":81}},"231":{"start":{"line":401,"column":14},"end":{"line":400,"column":54}},"232":{"start":{"line":405,"column":8},"end":{"line":373,"column":50}},"233":{"start":{"line":406,"column":10},"end":{"line":405,"column":90}},"234":{"start":{"line":407,"column":10},"end":{"line":405,"column":90}},"235":{"start":{"line":408,"column":12},"end":{"line":407,"column":81}},"236":{"start":{"line":409,"column":14},"end":{"line":408,"column":56}},"237":{"start":{"line":413,"column":8},"end":{"line":373,"column":50}},"238":{"start":{"line":414,"column":10},"end":{"line":413,"column":134}},"239":{"start":{"line":415,"column":10},"end":{"line":413,"column":134}},"240":{"start":{"line":416,"column":12},"end":{"line":415,"column":84}},"241":{"start":{"line":417,"column":14},"end":{"line":417,"column":14}},"242":{"start":{"line":418,"column":16},"end":{"line":417,"column":99}},"243":{"start":{"line":421,"column":14},"end":{"line":416,"column":55}},"244":{"start":{"line":425,"column":8},"end":{"line":373,"column":50}},"245":{"start":{"line":426,"column":10},"end":{"line":425,"column":93}},"246":{"start":{"line":428,"column":10},"end":{"line":425,"column":93}},"247":{"start":{"line":429,"column":12},"end":{"line":428,"column":70}},"248":{"start":{"line":430,"column":14},"end":{"line":430,"column":14}},"249":{"start":{"line":430,"column":41},"end":{"line":430,"column":14}},"250":{"start":{"line":434,"column":8},"end":{"line":373,"column":50}},"251":{"start":{"line":435,"column":10},"end":{"line":434,"column":76}},"252":{"start":{"line":436,"column":10},"end":{"line":434,"column":76}},"253":{"start":{"line":437,"column":12},"end":{"line":436,"column":81}},"254":{"start":{"line":438,"column":14},"end":{"line":437,"column":69}},"255":{"start":{"line":443,"column":6},"end":{"line":354,"column":51}},"256":{"start":{"line":444,"column":8},"end":{"line":443,"column":61}},"257":{"start":{"line":445,"column":10},"end":{"line":444,"column":59}},"258":{"start":{"line":446,"column":12},"end":{"line":445,"column":70}},"259":{"start":{"line":449,"column":8},"end":{"line":443,"column":61}},"260":{"start":{"line":450,"column":10},"end":{"line":449,"column":88}},"261":{"start":{"line":451,"column":10},"end":{"line":449,"column":88}},"262":{"start":{"line":452,"column":12},"end":{"line":451,"column":81}},"263":{"start":{"line":456,"column":6},"end":{"line":354,"column":51}},"264":{"start":{"line":457,"column":8},"end":{"line":456,"column":67}},"265":{"start":{"line":458,"column":10},"end":{"line":457,"column":57}},"266":{"start":{"line":459,"column":10},"end":{"line":457,"column":57}},"267":{"start":{"line":460,"column":12},"end":{"line":459,"column":81}},"268":{"start":{"line":464,"column":6},"end":{"line":354,"column":51}},"269":{"start":{"line":465,"column":8},"end":{"line":464,"column":48}},"270":{"start":{"line":466,"column":10},"end":{"line":465,"column":57}},"271":{"start":{"line":467,"column":10},"end":{"line":465,"column":57}},"272":{"start":{"line":468,"column":12},"end":{"line":467,"column":81}},"273":{"start":{"line":471,"column":8},"end":{"line":464,"column":48}},"274":{"start":{"line":472,"column":10},"end":{"line":471,"column":61}},"275":{"start":{"line":473,"column":10},"end":{"line":471,"column":61}},"276":{"start":{"line":474,"column":12},"end":{"line":473,"column":81}},"277":{"start":{"line":481,"column":2},"end":{"line":13,"column":36}},"278":{"start":{"line":482,"column":4},"end":{"line":481,"column":77}},"279":{"start":{"line":483,"column":6},"end":{"line":482,"column":52}},"280":{"start":{"line":484,"column":8},"end":{"line":483,"column":43}},"281":{"start":{"line":486,"column":6},"end":{"line":482,"column":52}},"282":{"start":{"line":487,"column":8},"end":{"line":486,"column":33}},"283":{"start":{"line":488,"column":10},"end":{"line":487,"column":55}},"284":{"start":{"line":490,"column":8},"end":{"line":486,"column":33}},"285":{"start":{"line":491,"column":10},"end":{"line":490,"column":59}},"286":{"start":{"line":492,"column":12},"end":{"line":491,"column":70}},"287":{"start":{"line":495,"column":8},"end":{"line":486,"column":33}},"288":{"start":{"line":496,"column":10},"end":{"line":495,"column":81}},"289":{"start":{"line":498,"column":10},"end":{"line":495,"column":81}},"290":{"start":{"line":499,"column":12},"end":{"line":498,"column":84}},"291":{"start":{"line":503,"column":6},"end":{"line":482,"column":52}},"292":{"start":{"line":504,"column":8},"end":{"line":503,"column":37}},"293":{"start":{"line":505,"column":10},"end":{"line":504,"column":60}},"294":{"start":{"line":506,"column":10},"end":{"line":504,"column":60}},"295":{"start":{"line":507,"column":12},"end":{"line":506,"column":76}},"296":{"start":{"line":510,"column":8},"end":{"line":503,"column":37}},"297":{"start":{"line":511,"column":10},"end":{"line":510,"column":63}},"298":{"start":{"line":512,"column":10},"end":{"line":510,"column":63}},"299":{"start":{"line":513,"column":12},"end":{"line":512,"column":78}},"300":{"start":{"line":520,"column":2},"end":{"line":13,"column":36}},"301":{"start":{"line":521,"column":4},"end":{"line":520,"column":73}},"302":{"start":{"line":522,"column":6},"end":{"line":521,"column":50}},"303":{"start":{"line":523,"column":8},"end":{"line":522,"column":43}},"304":{"start":{"line":525,"column":6},"end":{"line":521,"column":50}},"305":{"start":{"line":526,"column":8},"end":{"line":525,"column":33}},"306":{"start":{"line":527,"column":10},"end":{"line":526,"column":55}},"307":{"start":{"line":529,"column":8},"end":{"line":525,"column":33}},"308":{"start":{"line":530,"column":10},"end":{"line":529,"column":59}},"309":{"start":{"line":531,"column":12},"end":{"line":530,"column":70}},"310":{"start":{"line":534,"column":8},"end":{"line":525,"column":33}},"311":{"start":{"line":535,"column":10},"end":{"line":534,"column":86}},"312":{"start":{"line":537,"column":10},"end":{"line":534,"column":86}},"313":{"start":{"line":538,"column":12},"end":{"line":537,"column":84}},"314":{"start":{"line":539,"column":14},"end":{"line":538,"column":63}},"315":{"start":{"line":544,"column":6},"end":{"line":521,"column":50}},"316":{"start":{"line":545,"column":8},"end":{"line":544,"column":37}},"317":{"start":{"line":546,"column":10},"end":{"line":545,"column":57}},"318":{"start":{"line":547,"column":10},"end":{"line":545,"column":57}},"319":{"start":{"line":548,"column":12},"end":{"line":547,"column":76}},"320":{"start":{"line":551,"column":8},"end":{"line":544,"column":37}},"321":{"start":{"line":552,"column":10},"end":{"line":551,"column":61}},"322":{"start":{"line":553,"column":10},"end":{"line":551,"column":61}},"323":{"start":{"line":554,"column":12},"end":{"line":553,"column":81}},"324":{"start":{"line":561,"column":2},"end":{"line":13,"column":36}},"325":{"start":{"line":562,"column":4},"end":{"line":561,"column":79}},"326":{"start":{"line":563,"column":6},"end":{"line":562,"column":53}},"327":{"start":{"line":564,"column":8},"end":{"line":563,"column":43}},"328":{"start":{"line":566,"column":6},"end":{"line":562,"column":53}},"329":{"start":{"line":567,"column":8},"end":{"line":566,"column":33}},"330":{"start":{"line":568,"column":10},"end":{"line":567,"column":55}},"331":{"start":{"line":570,"column":8},"end":{"line":566,"column":33}},"332":{"start":{"line":571,"column":10},"end":{"line":570,"column":59}},"333":{"start":{"line":572,"column":12},"end":{"line":571,"column":70}},"334":{"start":{"line":575,"column":8},"end":{"line":566,"column":33}},"335":{"start":{"line":576,"column":10},"end":{"line":575,"column":71}},"336":{"start":{"line":578,"column":10},"end":{"line":575,"column":71}},"337":{"start":{"line":579,"column":12},"end":{"line":578,"column":81}},"338":{"start":{"line":582,"column":8},"end":{"line":566,"column":33}},"339":{"start":{"line":583,"column":10},"end":{"line":582,"column":91}},"340":{"start":{"line":585,"column":10},"end":{"line":582,"column":91}},"341":{"start":{"line":586,"column":12},"end":{"line":585,"column":81}},"342":{"start":{"line":589,"column":8},"end":{"line":566,"column":33}},"343":{"start":{"line":590,"column":10},"end":{"line":589,"column":105}},"344":{"start":{"line":592,"column":10},"end":{"line":589,"column":105}},"345":{"start":{"line":593,"column":12},"end":{"line":592,"column":81}},"346":{"start":{"line":596,"column":8},"end":{"line":566,"column":33}},"347":{"start":{"line":597,"column":10},"end":{"line":596,"column":130}},"348":{"start":{"line":599,"column":10},"end":{"line":596,"column":130}},"349":{"start":{"line":600,"column":12},"end":{"line":599,"column":81}},"350":{"start":{"line":604,"column":6},"end":{"line":562,"column":53}},"351":{"start":{"line":605,"column":8},"end":{"line":604,"column":37}},"352":{"start":{"line":606,"column":10},"end":{"line":605,"column":55}},"353":{"start":{"line":607,"column":10},"end":{"line":605,"column":55}},"354":{"start":{"line":608,"column":12},"end":{"line":607,"column":76}},"355":{"start":{"line":611,"column":8},"end":{"line":604,"column":37}},"356":{"start":{"line":612,"column":10},"end":{"line":611,"column":64}},"357":{"start":{"line":613,"column":10},"end":{"line":611,"column":64}},"358":{"start":{"line":614,"column":12},"end":{"line":613,"column":78}},"359":{"start":{"line":618,"column":6},"end":{"line":562,"column":53}},"360":{"start":{"line":619,"column":8},"end":{"line":618,"column":40}},"361":{"start":{"line":620,"column":10},"end":{"line":619,"column":59}},"362":{"start":{"line":621,"column":12},"end":{"line":620,"column":70}},"363":{"start":{"line":624,"column":8},"end":{"line":618,"column":40}},"364":{"start":{"line":625,"column":10},"end":{"line":624,"column":109}},"365":{"start":{"line":628,"column":10},"end":{"line":624,"column":109}},"366":{"start":{"line":629,"column":12},"end":{"line":628,"column":81}},"367":{"start":{"line":633,"column":6},"end":{"line":562,"column":53}},"368":{"start":{"line":634,"column":8},"end":{"line":633,"column":46}},"369":{"start":{"line":635,"column":10},"end":{"line":634,"column":64}},"370":{"start":{"line":637,"column":10},"end":{"line":634,"column":64}},"371":{"start":{"line":638,"column":12},"end":{"line":637,"column":78}},"372":{"start":{"line":645,"column":2},"end":{"line":13,"column":36}},"373":{"start":{"line":647,"column":2},"end":{"line":13,"column":36}},"374":{"start":{"line":648,"column":4},"end":{"line":647,"column":54}},"375":{"start":{"line":649,"column":6},"end":{"line":648,"column":41}},"376":{"start":{"line":653,"column":2},"end":{"line":13,"column":36}},"377":{"start":{"line":654,"column":2},"end":{"line":13,"column":36}}},"branchMap":{"1":{"line":2,"type":"if","locations":[{"start":{"line":2,"column":2},"end":{"line":2,"column":2}},{"start":{"line":2,"column":2},"end":{"line":2,"column":2}}]},"2":{"line":2,"type":"binary-expr","locations":[{"start":{"line":2,"column":6},"end":{"line":2,"column":6}},{"start":{"line":2,"column":38},"end":{"line":2,"column":38}}]},"3":{"line":4,"type":"if","locations":[{"start":{"line":4,"column":9},"end":{"line":4,"column":9}},{"start":{"line":4,"column":9},"end":{"line":4,"column":9}}]},"4":{"line":200,"type":"if","locations":[{"start":{"line":200,"column":14},"end":{"line":200,"column":14}},{"start":{"line":200,"column":14},"end":{"line":200,"column":14}}]},"5":{"line":292,"type":"cond-expr","locations":[{"start":{"line":292,"column":33},"end":{"line":292,"column":19}},{"start":{"line":292,"column":41},"end":{"line":292,"column":19}}]},"6":{"line":343,"type":"cond-expr","locations":[{"start":{"line":343,"column":33},"end":{"line":343,"column":19}},{"start":{"line":343,"column":41},"end":{"line":343,"column":19}}]},"7":{"line":430,"type":"if","locations":[{"start":{"line":430,"column":14},"end":{"line":430,"column":14}},{"start":{"line":430,"column":14},"end":{"line":430,"column":14}}]}}},"D:\\Project\\aeroflow\\build\\legacy\\index.js":{"path":"D:\\Project\\aeroflow\\build\\legacy\\index.js","s":{"1":1,"2":1},"b":{},"f":{},"fnMap":{},"statementMap":{"1":{"start":{"line":1,"column":-15},"end":{"line":1,"column":-15}},"2":{"start":{"line":2,"column":0},"end":{"line":2,"column":0}}},"branchMap":{}},"D:\\Project\\aeroflow\\build\\legacy\\aeroflow.js":{"path":"D:\\Project\\aeroflow\\build\\legacy\\aeroflow.js","s":{"1":1,"2":1,"3":0,"4":1,"5":1,"6":0,"7":0,"8":0,"9":1,"10":1,"11":1,"12":10,"13":0,"14":10,"15":10,"16":1,"17":1,"18":1,"19":1,"20":1,"21":1,"22":1,"23":1,"24":1,"25":1,"26":1,"27":1,"28":1,"29":1,"30":1,"31":1,"32":1,"33":1,"34":1,"35":1,"36":1,"37":1,"38":1,"39":1,"40":1,"41":1,"42":1,"43":0,"44":1,"45":11,"46":3,"47":1,"48":0,"49":1,"50":1,"51":203,"52":1,"53":3,"54":128,"55":1,"56":0,"57":1,"58":8,"59":1,"60":1,"61":265,"62":1,"63":1,"64":1,"65":1,"66":79,"67":1,"68":47,"69":47,"70":47,"71":5,"72":1,"73":0,"74":1,"75":0,"76":1,"77":0,"78":0,"79":0,"80":0,"81":0,"82":0,"83":0,"84":1,"85":0,"86":1,"87":0,"88":0,"89":0,"90":0,"91":0,"92":1,"93":0,"94":1,"95":137,"96":137,"97":0,"98":0,"99":0,"100":0,"101":0,"102":0,"103":0,"104":0,"105":0,"106":0,"107":0,"108":1,"109":19,"110":19,"111":19,"112":19,"113":66,"114":0,"115":19,"116":1,"117":4,"118":4,"119":1,"120":0,"121":0,"122":1,"123":4,"124":2,"125":2,"126":1,"127":26,"128":0,"129":0,"130":0,"131":0,"132":0,"133":0,"134":0,"135":1,"136":0,"137":0,"138":0,"139":0,"140":0,"141":1,"142":1,"143":53,"144":53,"145":53,"146":27,"147":26,"148":26,"149":26,"150":0,"151":26,"152":1,"153":55,"154":28,"155":27,"156":1,"157":7,"158":25,"159":1,"160":0,"161":0,"162":0,"163":0,"164":0,"165":0,"166":0,"167":0,"168":0,"169":0,"170":0,"171":0,"172":0,"173":0,"174":0,"175":0,"176":0,"177":0,"178":0,"179":0,"180":1,"181":0,"182":0,"183":0,"184":0,"185":1,"186":0,"187":0,"188":0,"189":0,"190":0,"191":0,"192":0,"193":1,"194":0,"195":0,"196":0,"197":0,"198":0,"199":1,"200":0,"201":0,"202":0,"203":0,"204":0,"205":0,"206":0,"207":1,"208":0,"209":0,"210":0,"211":0,"212":0,"213":0,"214":0,"215":0,"216":0,"217":0,"218":0,"219":0,"220":0,"221":0,"222":0,"223":0,"224":0,"225":0,"226":0,"227":0,"228":0,"229":0,"230":1,"231":0,"232":0,"233":0,"234":0,"235":0,"236":0,"237":1,"238":0,"239":0,"240":0,"241":0,"242":1,"243":0,"244":0,"245":1,"246":50,"247":3,"248":47,"249":2,"250":45,"251":45,"252":40,"253":40,"254":53,"255":26,"256":26,"257":16,"258":16,"259":37,"260":36,"261":40,"262":40,"263":1,"264":6,"265":7,"266":1,"267":8,"268":8,"269":8,"270":7,"271":7,"272":1,"273":4,"274":4,"275":1,"276":0,"277":0,"278":0,"279":0,"280":0,"281":0,"282":0,"283":0,"284":0,"285":0,"286":0,"287":1,"288":0,"289":0,"290":0,"291":0,"292":0,"293":0,"294":0,"295":0,"296":0,"297":0,"298":0,"299":0,"300":0,"301":0,"302":0,"303":1,"304":0,"305":0,"306":0,"307":0,"308":0,"309":0,"310":0,"311":1,"312":0,"313":0,"314":0,"315":0,"316":0,"317":0,"318":0,"319":1,"320":0,"321":1,"322":0,"323":0,"324":0,"325":0,"326":0,"327":0,"328":0,"329":0,"330":0,"331":0,"332":0,"333":0,"334":0,"335":0,"336":0,"337":0,"338":0,"339":0,"340":0,"341":0,"342":0,"343":0,"344":0,"345":0,"346":1,"347":11,"348":11,"349":6,"350":6,"351":1,"352":4,"353":1,"354":3,"355":7,"356":3,"357":1,"358":3,"359":1,"360":11,"361":11,"362":10,"363":10,"364":25,"365":1,"366":0,"367":0,"368":0,"369":0,"370":0,"371":0,"372":0,"373":0,"374":0,"375":0,"376":0,"377":0,"378":0,"379":0,"380":0,"381":0,"382":0,"383":0,"384":1,"385":0,"386":0,"387":0,"388":0,"389":0,"390":0,"391":0,"392":0,"393":0,"394":0,"395":0,"396":0,"397":0,"398":0,"399":0,"400":0,"401":0,"402":0,"403":0,"404":0,"405":1,"406":9,"407":9,"408":8,"409":8,"410":14,"411":14,"412":14,"413":8,"414":8,"415":1,"416":1,"417":0,"418":1,"419":1,"420":1,"421":1,"422":1,"423":1,"424":1,"425":0,"426":0,"427":0,"428":0,"429":0,"430":0,"431":0,"432":0,"433":0,"434":0,"435":0,"436":1,"437":6,"438":4,"439":1,"440":0,"441":0,"442":0,"443":0,"444":0,"445":0,"446":0,"447":1,"448":6,"449":4,"450":1,"451":0,"452":0,"453":0,"454":0,"455":0,"456":0,"457":0,"458":0,"459":0,"460":0,"461":0,"462":0,"463":0,"464":0,"465":0,"466":0,"467":0,"468":0,"469":0,"470":0,"471":0,"472":0,"473":0,"474":0,"475":0,"476":1,"477":0,"478":0,"479":0,"480":0,"481":0,"482":0,"483":0,"484":1,"485":0,"486":1,"487":0,"488":0,"489":0,"490":1,"491":0,"492":0,"493":0,"494":0,"495":0,"496":0,"497":0,"498":0,"499":1,"500":0,"501":0,"502":0,"503":1,"504":0,"505":0,"506":0,"507":0,"508":0,"509":1,"510":0,"511":0,"512":0,"513":0,"514":0,"515":0,"516":0,"517":0,"518":0,"519":0,"520":0,"521":1,"522":0,"523":0,"524":0,"525":0,"526":0,"527":0,"528":0,"529":1,"530":0,"531":0,"532":0,"533":0,"534":0,"535":1,"536":0,"537":0,"538":0,"539":0,"540":0,"541":0,"542":0,"543":0,"544":0,"545":0,"546":0,"547":0,"548":0,"549":0,"550":0,"551":0,"552":0,"553":0,"554":1,"555":0,"556":0,"557":0,"558":0,"559":0,"560":0,"561":0,"562":0,"563":0,"564":0,"565":0,"566":0,"567":0,"568":0,"569":0,"570":0,"571":0,"572":0,"573":0,"574":0,"575":0,"576":0,"577":0,"578":1,"579":0,"580":0,"581":0,"582":0,"583":0,"584":0,"585":0,"586":0,"587":0,"588":0,"589":0,"590":0,"591":0,"592":0,"593":0,"594":0,"595":0,"596":0,"597":0,"598":0,"599":0,"600":0,"601":0,"602":0,"603":0,"604":0,"605":0,"606":0,"607":0,"608":0,"609":0,"610":1,"611":0,"612":0,"613":1,"614":0,"615":0,"616":0,"617":0,"618":0,"619":0,"620":0,"621":0,"622":0,"623":0,"624":0,"625":0,"626":1,"627":0,"628":0,"629":0,"630":0,"631":0,"632":0,"633":0,"634":0,"635":0,"636":0,"637":0,"638":1,"639":0,"640":0,"641":0,"642":0,"643":0,"644":1,"645":0,"646":0,"647":0,"648":0,"649":1,"650":0,"651":0,"652":0,"653":0,"654":0,"655":0,"656":1,"657":0,"658":0,"659":0,"660":0,"661":0,"662":0,"663":0,"664":0,"665":0,"666":0,"667":1,"668":5,"669":5,"670":4,"671":4,"672":6,"673":6,"674":6,"675":4,"676":4,"677":1,"678":11,"679":11,"680":0,"681":0,"682":2,"683":2,"684":8,"685":11,"686":11,"687":11,"688":8,"689":1,"690":43,"691":43,"692":90,"693":42,"694":48,"695":48,"696":48,"697":48,"698":1,"699":1,"700":45,"701":51,"702":45,"703":1,"704":0,"705":1,"706":0,"707":1,"708":0,"709":1,"710":0,"711":1,"712":0,"713":1,"714":0,"715":1,"716":130,"717":1,"718":6,"719":1,"720":0,"721":0,"722":0,"723":1,"724":8,"725":1,"726":84,"727":1,"728":0,"729":0,"730":0,"731":1,"732":4,"733":1,"734":0,"735":1,"736":0,"737":1,"738":0,"739":1,"740":0,"741":1,"742":11,"743":1,"744":0,"745":1,"746":0,"747":0,"748":0,"749":1,"750":0,"751":1,"752":1,"753":1,"754":6,"755":1,"756":0,"757":1,"758":6,"759":1,"760":17,"761":1,"762":0,"763":1,"764":0,"765":1,"766":0,"767":1,"768":69,"769":69,"770":69,"771":0,"772":0,"773":0,"774":0,"775":69,"776":69,"777":69,"778":48,"779":69,"780":69,"781":0,"782":69,"783":1,"784":0,"785":1,"786":0,"787":1,"788":0,"789":1,"790":0,"791":0,"792":0,"793":1,"794":0,"795":1,"796":0,"797":1,"798":0,"799":1,"800":9,"801":1,"802":0,"803":1,"804":5,"805":1,"806":11,"807":1,"808":1,"809":1,"810":1,"811":1},"b":{"1":[0,1],"2":[1,0],"3":[1,0],"4":[0,10],"5":[0,0],"6":[0,0],"7":[0,0],"8":[0,0,0],"9":[0,0],"10":[0,0],"11":[0,0],"12":[0,0],"13":[0,0],"14":[0,0],"15":[137,0],"16":[0,0],"17":[0,0],"18":[0,66],"19":[2,0],"20":[0,26],"21":[26,0],"22":[0,0],"23":[0,0],"24":[27,26],"25":[0,26],"26":[27,0],"27":[0,0],"28":[0,0],"29":[0,0],"30":[0,0],"31":[0,0],"32":[0,0],"33":[0,0],"34":[0,0],"35":[0,0],"36":[0,0],"37":[0,0],"38":[0,0],"39":[0,0],"40":[0,0],"41":[0,0],"42":[0,0],"43":[0,0],"44":[0,0],"45":[0,0],"46":[0,0],"47":[0,0],"48":[0,0],"49":[3,47],"50":[2,45],"51":[26,27],"52":[16,10],"53":[40,0],"54":[40,39,32],"55":[5,3],"56":[4,3],"57":[0,0],"58":[0,0],"59":[0,0],"60":[0,0],"61":[0,0],"62":[0,0],"63":[0,0],"64":[0,0],"65":[0,0],"66":[0,0,0,0],"67":[0,0],"68":[0,0],"69":[0,0],"70":[0,0],"71":[6,1,3,1],"72":[25,8],"73":[0,0],"74":[0,0],"75":[0,0],"76":[0,0],"77":[0,0],"78":[0,0],"79":[0,0],"80":[0,0],"81":[8,0],"82":[8,8,7],"83":[0,1],"84":[1,0],"85":[2,2],"86":[0,0],"87":[0,4],"88":[0,0],"89":[0,0],"90":[0,0],"91":[0,0],"92":[0,0],"93":[0,0],"94":[0,0],"95":[0,0],"96":[0,0],"97":[0,0],"98":[0,0],"99":[0,0],"100":[0,0],"101":[0,0],"102":[0,0],"103":[0,0],"104":[0,0,0,0],"105":[0,0],"106":[0,0],"107":[0,0],"108":[0,0],"109":[0,0],"110":[0,0],"111":[0,0],"112":[0,0],"113":[0,0],"114":[0,0],"115":[0,0],"116":[0,0,0],"117":[0,0,0,0],"118":[0,0],"119":[0,0],"120":[0,0],"121":[0,0,0,0],"122":[0,0],"123":[0,0],"124":[0,0],"125":[0,0],"126":[0,0],"127":[0,0],"128":[0,0],"129":[0,0],"130":[0,0],"131":[0,0],"132":[0,0],"133":[0,0],"134":[0,0,0],"135":[0,0],"136":[0,0],"137":[0,0],"138":[0,0],"139":[0,0],"140":[0,0],"141":[0,0],"142":[0,0],"143":[0,0],"144":[0,0],"145":[4,0],"146":[4,4,3],"147":[0,2,8,11],"148":[2,0],"149":[3,5],"150":[42,48],"151":[90,86],"152":[69,0],"153":[0,69],"154":[1,68]},"f":{"1":1,"2":1,"3":10,"4":0,"5":11,"6":3,"7":0,"8":0,"9":203,"10":3,"11":128,"12":0,"13":8,"14":265,"15":79,"16":47,"17":5,"18":0,"19":0,"20":0,"21":0,"22":0,"23":0,"24":137,"25":0,"26":0,"27":19,"28":19,"29":19,"30":4,"31":4,"32":0,"33":0,"34":4,"35":2,"36":26,"37":0,"38":0,"39":0,"40":0,"41":0,"42":0,"43":53,"44":55,"45":28,"46":7,"47":25,"48":0,"49":0,"50":0,"51":0,"52":0,"53":0,"54":0,"55":0,"56":0,"57":0,"58":0,"59":0,"60":0,"61":0,"62":0,"63":0,"64":0,"65":0,"66":0,"67":0,"68":0,"69":0,"70":0,"71":0,"72":0,"73":50,"74":45,"75":40,"76":53,"77":40,"78":6,"79":7,"80":8,"81":8,"82":7,"83":7,"84":4,"85":4,"86":0,"87":0,"88":0,"89":0,"90":0,"91":0,"92":0,"93":0,"94":0,"95":0,"96":0,"97":0,"98":0,"99":0,"100":0,"101":0,"102":0,"103":0,"104":0,"105":0,"106":0,"107":0,"108":0,"109":0,"110":0,"111":0,"112":0,"113":0,"114":0,"115":0,"116":0,"117":11,"118":4,"119":7,"120":3,"121":11,"122":10,"123":25,"124":0,"125":0,"126":0,"127":0,"128":0,"129":0,"130":0,"131":0,"132":0,"133":0,"134":0,"135":0,"136":9,"137":9,"138":8,"139":14,"140":8,"141":1,"142":1,"143":1,"144":1,"145":0,"146":0,"147":0,"148":0,"149":0,"150":0,"151":0,"152":0,"153":0,"154":6,"155":4,"156":0,"157":0,"158":0,"159":0,"160":6,"161":4,"162":0,"163":0,"164":0,"165":0,"166":0,"167":0,"168":0,"169":0,"170":0,"171":0,"172":0,"173":0,"174":0,"175":0,"176":0,"177":0,"178":0,"179":0,"180":0,"181":0,"182":0,"183":0,"184":0,"185":0,"186":0,"187":0,"188":0,"189":0,"190":0,"191":0,"192":0,"193":0,"194":0,"195":0,"196":0,"197":0,"198":0,"199":0,"200":0,"201":0,"202":0,"203":0,"204":0,"205":0,"206":0,"207":0,"208":0,"209":0,"210":0,"211":0,"212":0,"213":0,"214":0,"215":0,"216":0,"217":0,"218":0,"219":0,"220":0,"221":0,"222":0,"223":0,"224":0,"225":0,"226":0,"227":0,"228":0,"229":0,"230":0,"231":0,"232":0,"233":0,"234":0,"235":0,"236":0,"237":0,"238":0,"239":0,"240":0,"241":0,"242":0,"243":0,"244":0,"245":0,"246":0,"247":0,"248":0,"249":5,"250":5,"251":4,"252":6,"253":4,"254":11,"255":8,"256":43,"257":90,"258":45,"259":0,"260":0,"261":0,"262":0,"263":0,"264":0,"265":130,"266":6,"267":0,"268":8,"269":84,"270":0,"271":4,"272":0,"273":0,"274":0,"275":0,"276":11,"277":0,"278":0,"279":0,"280":1,"281":6,"282":0,"283":6,"284":17,"285":0,"286":0,"287":0,"288":69,"289":69,"290":48,"291":69,"292":0,"293":0,"294":0,"295":0,"296":0,"297":0,"298":0,"299":9,"300":0,"301":5,"302":11},"fnMap":{"1":{"name":"(anonymous_1)","line":1,"loc":{"start":{"line":1,"column":-14},"end":{"line":1,"column":13}}},"2":{"name":"(anonymous_2)","line":13,"loc":{"start":{"line":13,"column":9},"end":{"line":13,"column":36}}},"3":{"name":"_defineProperty","line":22,"loc":{"start":{"line":22,"column":2},"end":{"line":22,"column":44}}},"4":{"name":"compare","line":64,"loc":{"start":{"line":64,"column":16},"end":{"line":64,"column":57}}},"5":{"name":"constant","line":68,"loc":{"start":{"line":68,"column":17},"end":{"line":68,"column":42}}},"6":{"name":"(anonymous_6)","line":69,"loc":{"start":{"line":69,"column":11},"end":{"line":69,"column":23}}},"7":{"name":"identity","line":74,"loc":{"start":{"line":74,"column":17},"end":{"line":74,"column":42}}},"8":{"name":"noop","line":78,"loc":{"start":{"line":78,"column":13},"end":{"line":78,"column":29}}},"9":{"name":"classOf","line":80,"loc":{"start":{"line":80,"column":16},"end":{"line":80,"column":40}}},"10":{"name":"classIs","line":84,"loc":{"start":{"line":84,"column":16},"end":{"line":84,"column":44}}},"11":{"name":"(anonymous_11)","line":85,"loc":{"start":{"line":85,"column":11},"end":{"line":85,"column":28}}},"12":{"name":"isBoolean","line":90,"loc":{"start":{"line":90,"column":18},"end":{"line":90,"column":44}}},"13":{"name":"isDefined","line":94,"loc":{"start":{"line":94,"column":18},"end":{"line":94,"column":44}}},"14":{"name":"isFunction","line":100,"loc":{"start":{"line":100,"column":19},"end":{"line":100,"column":46}}},"15":{"name":"isUndefined","line":108,"loc":{"start":{"line":108,"column":20},"end":{"line":108,"column":48}}},"16":{"name":"tie","line":112,"loc":{"start":{"line":112,"column":12},"end":{"line":112,"column":31}}},"17":{"name":"(anonymous_17)","line":117,"loc":{"start":{"line":117,"column":11},"end":{"line":117,"column":23}}},"18":{"name":"falsey","line":122,"loc":{"start":{"line":122,"column":15},"end":{"line":122,"column":33}}},"19":{"name":"truthy","line":126,"loc":{"start":{"line":126,"column":15},"end":{"line":126,"column":33}}},"20":{"name":"toDelay","line":130,"loc":{"start":{"line":130,"column":16},"end":{"line":130,"column":45}}},"21":{"name":"toFunction","line":147,"loc":{"start":{"line":147,"column":19},"end":{"line":147,"column":51}}},"22":{"name":"toNumber","line":151,"loc":{"start":{"line":151,"column":17},"end":{"line":151,"column":47}}},"23":{"name":"toError","line":160,"loc":{"start":{"line":160,"column":16},"end":{"line":160,"column":40}}},"24":{"name":"unsync","line":164,"loc":{"start":{"line":164,"column":2},"end":{"line":164,"column":38}}},"25":{"name":"(anonymous_25)","line":176,"loc":{"start":{"line":176,"column":20},"end":{"line":176,"column":45}}},"26":{"name":"(anonymous_26)","line":178,"loc":{"start":{"line":178,"column":11},"end":{"line":178,"column":35}}},"27":{"name":"arrayAdapter","line":191,"loc":{"start":{"line":191,"column":2},"end":{"line":191,"column":32}}},"28":{"name":"(anonymous_28)","line":192,"loc":{"start":{"line":192,"column":11},"end":{"line":192,"column":42}}},"29":{"name":"proceed","line":194,"loc":{"start":{"line":194,"column":7},"end":{"line":194,"column":26}}},"30":{"name":"errorAdapter","line":204,"loc":{"start":{"line":204,"column":2},"end":{"line":204,"column":31}}},"31":{"name":"(anonymous_31)","line":205,"loc":{"start":{"line":205,"column":11},"end":{"line":205,"column":33}}},"32":{"name":"flowAdapter","line":210,"loc":{"start":{"line":210,"column":2},"end":{"line":210,"column":29}}},"33":{"name":"(anonymous_33)","line":211,"loc":{"start":{"line":211,"column":11},"end":{"line":211,"column":42}}},"34":{"name":"functionAdapter","line":223,"loc":{"start":{"line":223,"column":2},"end":{"line":223,"column":35}}},"35":{"name":"(anonymous_35)","line":224,"loc":{"start":{"line":224,"column":11},"end":{"line":224,"column":42}}},"36":{"name":"iterableAdapter","line":229,"loc":{"start":{"line":229,"column":2},"end":{"line":229,"column":48}}},"37":{"name":"(anonymous_37)","line":230,"loc":{"start":{"line":230,"column":67},"end":{"line":230,"column":98}}},"38":{"name":"proceed","line":233,"loc":{"start":{"line":233,"column":7},"end":{"line":233,"column":26}}},"39":{"name":"promiseAdapter","line":243,"loc":{"start":{"line":243,"column":2},"end":{"line":243,"column":34}}},"40":{"name":"(anonymous_40)","line":244,"loc":{"start":{"line":244,"column":11},"end":{"line":244,"column":42}}},"41":{"name":"(anonymous_41)","line":245,"loc":{"start":{"line":245,"column":25},"end":{"line":245,"column":43}}},"42":{"name":"(anonymous_42)","line":247,"loc":{"start":{"line":247,"column":9},"end":{"line":247,"column":27}}},"43":{"name":"adapterSelector","line":273,"loc":{"start":{"line":273,"column":2},"end":{"line":273,"column":40}}},"44":{"name":"scalarAdapter","line":286,"loc":{"start":{"line":286,"column":2},"end":{"line":286,"column":32}}},"45":{"name":"(anonymous_45)","line":287,"loc":{"start":{"line":287,"column":11},"end":{"line":287,"column":33}}},"46":{"name":"emptyGenerator","line":292,"loc":{"start":{"line":292,"column":2},"end":{"line":292,"column":34}}},"47":{"name":"(anonymous_47)","line":293,"loc":{"start":{"line":293,"column":11},"end":{"line":293,"column":33}}},"48":{"name":"customGenerator","line":298,"loc":{"start":{"line":298,"column":2},"end":{"line":298,"column":38}}},"49":{"name":"(anonymous_49)","line":301,"loc":{"start":{"line":301,"column":11},"end":{"line":301,"column":42}}},"50":{"name":"(anonymous_50)","line":306,"loc":{"start":{"line":306,"column":28},"end":{"line":306,"column":46}}},"51":{"name":"(anonymous_51)","line":311,"loc":{"start":{"line":311,"column":9},"end":{"line":311,"column":27}}},"52":{"name":"complete","line":319,"loc":{"start":{"line":319,"column":6},"end":{"line":319,"column":32}}},"53":{"name":"proceed","line":325,"loc":{"start":{"line":325,"column":6},"end":{"line":325,"column":31}}},"54":{"name":"expandGenerator","line":338,"loc":{"start":{"line":338,"column":2},"end":{"line":338,"column":44}}},"55":{"name":"(anonymous_55)","line":340,"loc":{"start":{"line":340,"column":11},"end":{"line":340,"column":42}}},"56":{"name":"proceed","line":343,"loc":{"start":{"line":343,"column":7},"end":{"line":343,"column":26}}},"57":{"name":"randomGenerator","line":349,"loc":{"start":{"line":349,"column":2},"end":{"line":349,"column":45}}},"58":{"name":"(anonymous_58)","line":354,"loc":{"start":{"line":354,"column":11},"end":{"line":354,"column":33}}},"59":{"name":"proceed","line":355,"loc":{"start":{"line":355,"column":7},"end":{"line":355,"column":26}}},"60":{"name":"rangeGenerator","line":361,"loc":{"start":{"line":361,"column":2},"end":{"line":361,"column":44}}},"61":{"name":"(anonymous_61)","line":375,"loc":{"start":{"line":375,"column":25},"end":{"line":375,"column":42}}},"62":{"name":"(anonymous_62)","line":377,"loc":{"start":{"line":377,"column":8},"end":{"line":377,"column":25}}},"63":{"name":"(anonymous_63)","line":380,"loc":{"start":{"line":380,"column":11},"end":{"line":380,"column":42}}},"64":{"name":"proceed","line":382,"loc":{"start":{"line":382,"column":7},"end":{"line":382,"column":26}}},"65":{"name":"repeatDeferredGenerator","line":392,"loc":{"start":{"line":392,"column":2},"end":{"line":392,"column":54}}},"66":{"name":"(anonymous_66)","line":393,"loc":{"start":{"line":393,"column":11},"end":{"line":393,"column":42}}},"67":{"name":"proceed","line":395,"loc":{"start":{"line":395,"column":7},"end":{"line":395,"column":32}}},"68":{"name":"(anonymous_68)","line":396,"loc":{"start":{"line":396,"column":19},"end":{"line":396,"column":31}}},"69":{"name":"repeatImmediateGenerator","line":403,"loc":{"start":{"line":403,"column":2},"end":{"line":403,"column":46}}},"70":{"name":"(anonymous_70)","line":404,"loc":{"start":{"line":404,"column":11},"end":{"line":404,"column":42}}},"71":{"name":"proceed","line":406,"loc":{"start":{"line":406,"column":7},"end":{"line":406,"column":26}}},"72":{"name":"repeatGenerator","line":412,"loc":{"start":{"line":412,"column":2},"end":{"line":412,"column":44}}},"73":{"name":"reduceOperator","line":417,"loc":{"start":{"line":417,"column":2},"end":{"line":417,"column":51}}},"74":{"name":"(anonymous_74)","line":420,"loc":{"start":{"line":420,"column":11},"end":{"line":420,"column":30}}},"75":{"name":"(anonymous_75)","line":421,"loc":{"start":{"line":421,"column":13},"end":{"line":421,"column":44}}},"76":{"name":"(anonymous_76)","line":425,"loc":{"start":{"line":425,"column":16},"end":{"line":425,"column":34}}},"77":{"name":"(anonymous_77)","line":437,"loc":{"start":{"line":437,"column":11},"end":{"line":437,"column":29}}},"78":{"name":"averageOperator","line":444,"loc":{"start":{"line":444,"column":2},"end":{"line":444,"column":29}}},"79":{"name":"(anonymous_79)","line":445,"loc":{"start":{"line":445,"column":26},"end":{"line":445,"column":60}}},"80":{"name":"catchOperator","line":450,"loc":{"start":{"line":450,"column":2},"end":{"line":450,"column":38}}},"81":{"name":"(anonymous_81)","line":452,"loc":{"start":{"line":452,"column":11},"end":{"line":452,"column":30}}},"82":{"name":"(anonymous_82)","line":453,"loc":{"start":{"line":453,"column":13},"end":{"line":453,"column":44}}},"83":{"name":"(anonymous_83)","line":454,"loc":{"start":{"line":454,"column":29},"end":{"line":454,"column":47}}},"84":{"name":"countOperator","line":461,"loc":{"start":{"line":461,"column":2},"end":{"line":461,"column":27}}},"85":{"name":"(anonymous_85)","line":462,"loc":{"start":{"line":462,"column":26},"end":{"line":462,"column":43}}},"86":{"name":"delayOperator","line":467,"loc":{"start":{"line":467,"column":2},"end":{"line":467,"column":35}}},"87":{"name":"(anonymous_87)","line":469,"loc":{"start":{"line":469,"column":11},"end":{"line":469,"column":30}}},"88":{"name":"(anonymous_88)","line":470,"loc":{"start":{"line":470,"column":13},"end":{"line":470,"column":44}}},"89":{"name":"(anonymous_89)","line":472,"loc":{"start":{"line":472,"column":23},"end":{"line":472,"column":41}}},"90":{"name":"(anonymous_90)","l
[...]
"if","locations":[{"start":{"line":426,"column":10},"end":{"line":426,"column":10}},{"start":{"line":426,"column":10},"end":{"line":426,"column":10}}]},"52":{"line":429,"type":"if","locations":[{"start":{"line":429,"column":12},"end":{"line":429,"column":12}},{"start":{"line":429,"column":12},"end":{"line":429,"column":12}}]},"53":{"line":438,"type":"if","locations":[{"start":{"line":438,"column":10},"end":{"line":438,"column":10}},{"start":{"line":438,"column":10},"end":{"line":438,"column":10}}]},"54":{"line":438,"type":"binary-expr","locations":[{"start":{"line":438,"column":14},"end":{"line":438,"column":14}},{"start":{"line":438,"column":33},"end":{"line":438,"column":14}},{"start":{"line":438,"column":42},"end":{"line":438,"column":42}}]},"55":{"line":451,"type":"cond-expr","locations":[{"start":{"line":451,"column":45},"end":{"line":451,"column":20}},{"start":{"line":451,"column":104},"end":{"line":451,"column":20}}]},"56":{"line":455,"type":"cond-expr","locations":[{"start":{"line":455,"column":35},"end":{"line":455,"column":17}},{"start":{"line":455,"column":68},"end":{"line":455,"column":17}}]},"57":{"line":476,"type":"if","locations":[{"start":{"line":476,"column":16},"end":{"line":476,"column":16}},{"start":{"line":476,"column":16},"end":{"line":476,"column":16}}]},"58":{"line":489,"type":"cond-expr","locations":[{"start":{"line":489,"column":28},"end":{"line":489,"column":28}},{"start":{"line":498,"column":10},"end":{"line":498,"column":10}}]},"59":{"line":493,"type":"if","locations":[{"start":{"line":493,"column":10},"end":{"line":493,"column":10}},{"start":{"line":493,"column":10},"end":{"line":493,"column":10}}]},"60":{"line":493,"type":"binary-expr","locations":[{"start":{"line":493,"column":14},"end":{"line":493,"column":14}},{"start":{"line":493,"column":23},"end":{"line":493,"column":23}}]},"61":{"line":501,"type":"if","locations":[{"start":{"line":501,"column":10},"end":{"line":501,"column":10}},{"start":{"line":501,"column":10},"end":{"line":501,"column":10}}]},"62":{"line":516,"type":"cond-expr","locations":[{"start":{"line":516,"column":36},"end":{"line":516,"column":18}},{"start":{"line":516,"column":46},"end":{"line":516,"column":18}}]},"63":{"line":538,"type":"cond-expr","locations":[{"start":{"line":538,"column":32},"end":{"line":538,"column":11}},{"start":{"line":538,"column":67},"end":{"line":538,"column":127}}]},"64":{"line":538,"type":"cond-expr","locations":[{"start":{"line":538,"column":88},"end":{"line":538,"column":67}},{"start":{"line":538,"column":127},"end":{"line":538,"column":127}}]},"65":{"line":538,"type":"cond-expr","locations":[{"start":{"line":538,"column":149},"end":{"line":538,"column":127}},{"start":{"line":538,"column":177},"end":{"line":538,"column":127}}]},"66":{"line":544,"type":"switch","locations":[{"start":{"line":545,"column":6},"end":{"line":545,"column":6}},{"start":{"line":544,"column":4},"end":{"line":549,"column":6}},{"start":{"line":544,"column":4},"end":{"line":556,"column":6}},{"start":{"line":544,"column":4},"end":{"line":563,"column":6}}]},"67":{"line":577,"type":"if","locations":[{"start":{"line":577,"column":10},"end":{"line":577,"column":10}},{"start":{"line":577,"column":10},"end":{"line":577,"column":10}}]},"68":{"line":581,"type":"if","locations":[{"start":{"line":581,"column":10},"end":{"line":581,"column":10}},{"start":{"line":581,"column":10},"end":{"line":581,"column":10}}]},"69":{"line":581,"type":"binary-expr","locations":[{"start":{"line":581,"column":14},"end":{"line":581,"column":14}},{"start":{"line":581,"column":33},"end":{"line":581,"column":33}}]},"70":{"line":581,"type":"binary-expr","locations":[{"start":{"line":581,"column":46},"end":{"line":581,"column":46}},{"start":{"line":581,"column":55},"end":{"line":581,"column":46}}]},"71":{"line":590,"type":"switch","locations":[{"start":{"line":591,"column":6},"end":{"line":591,"column":6}},{"start":{"line":590,"column":4},"end":{"line":595,"column":6}},{"start":{"line":590,"column":4},"end":{"line":602,"column":6}},{"start":{"line":590,"column":4},"end":{"line":609,"column":6}}]},"72":{"line":621,"type":"binary-expr","locations":[{"start":{"line":621,"column":17},"end":{"line":621,"column":17}},{"start":{"line":621,"column":62},"end":{"line":621,"column":17}}]},"73":{"line":629,"type":"if","locations":[{"start":{"line":629,"column":4},"end":{"line":629,"column":4}},{"start":{"line":629,"column":4},"end":{"line":629,"column":4}}]},"74":{"line":635,"type":"if","locations":[{"start":{"line":635,"column":10},"end":{"line":635,"column":10}},{"start":{"line":635,"column":10},"end":{"line":635,"column":10}}]},"75":{"line":638,"type":"if","locations":[{"start":{"line":638,"column":10},"end":{"line":638,"column":10}},{"start":{"line":638,"column":10},"end":{"line":638,"column":10}}]},"76":{"line":655,"type":"cond-expr","locations":[{"start":{"line":655,"column":35},"end":{"line":655,"column":16}},{"start":{"line":657,"column":9},"end":{"line":655,"column":16}}]},"77":{"line":656,"type":"cond-expr","locations":[{"start":{"line":656,"column":36},"end":{"line":656,"column":13}},{"start":{"line":656,"column":47},"end":{"line":656,"column":13}}]},"78":{"line":671,"type":"if","locations":[{"start":{"line":671,"column":12},"end":{"line":671,"column":12}},{"start":{"line":671,"column":12},"end":{"line":671,"column":12}}]},"79":{"line":672,"type":"cond-expr","locations":[{"start":{"line":672,"column":41},"end":{"line":672,"column":27}},{"start":{"line":672,"column":46},"end":{"line":672,"column":27}}]},"80":{"line":682,"type":"if","locations":[{"start":{"line":682,"column":10},"end":{"line":682,"column":10}},{"start":{"line":682,"column":10},"end":{"line":682,"column":10}}]},"81":{"line":698,"type":"if","locations":[{"start":{"line":698,"column":10},"end":{"line":698,"column":10}},{"start":{"line":698,"column":10},"end":{"line":698,"column":10}}]},"82":{"line":698,"type":"binary-expr","locations":[{"start":{"line":698,"column":14},"end":{"line":698,"column":14}},{"start":{"line":698,"column":33},"end":{"line":698,"column":14}},{"start":{"line":698,"column":42},"end":{"line":698,"column":42}}]},"83":{"line":705,"type":"if","locations":[{"start":{"line":705,"column":4},"end":{"line":705,"column":4}},{"start":{"line":705,"column":4},"end":{"line":705,"column":4}}]},"84":{"line":706,"type":"cond-expr","locations":[{"start":{"line":706,"column":39},"end":{"line":706,"column":17}},{"start":{"line":706,"column":49},"end":{"line":706,"column":17}}]},"85":{"line":744,"type":"cond-expr","locations":[{"start":{"line":744,"column":32},"end":{"line":744,"column":13}},{"start":{"line":744,"column":41},"end":{"line":744,"column":13}}]},"86":{"line":752,"type":"if","locations":[{"start":{"line":752,"column":10},"end":{"line":752,"column":10}},{"start":{"line":752,"column":10},"end":{"line":752,"column":10}}]},"87":{"line":762,"type":"cond-expr","locations":[{"start":{"line":762,"column":32},"end":{"line":762,"column":13}},{"start":{"line":762,"column":41},"end":{"line":762,"column":13}}]},"88":{"line":772,"type":"cond-expr","locations":[{"start":{"line":772,"column":34},"end":{"line":772,"column":34}},{"start":{"line":780,"column":12},"end":{"line":780,"column":12}}]},"89":{"line":790,"type":"if","locations":[{"start":{"line":790,"column":10},"end":{"line":790,"column":10}},{"start":{"line":790,"column":10},"end":{"line":790,"column":10}}]},"90":{"line":794,"type":"if","locations":[{"start":{"line":794,"column":16},"end":{"line":794,"column":16}},{"start":{"line":794,"column":16},"end":{"line":794,"column":16}}]},"91":{"line":797,"type":"cond-expr","locations":[{"start":{"line":797,"column":35},"end":{"line":797,"column":35}},{"start":{"line":797,"column":53},"end":{"line":797,"column":53}}]},"92":{"line":798,"type":"cond-expr","locations":[{"start":{"line":798,"column":28},"end":{"line":798,"column":17}},{"start":{"line":798,"column":41},"end":{"line":798,"column":17}}]},"93":{"line":799,"type":"if","locations":[{"start":{"line":799,"column":18},"end":{"line":799,"column":18}},{"start":{"line":799,"column":18},"end":{"line":799,"column":18}}]},"94":{"line":811,"type":"if","locations":[{"start":{"line":811,"column":4},"end":{"line":811,"column":4}},{"start":{"line":811,"column":4},"end":{"line":811,"column":4}}]},"95":{"line":822,"type":"if","locations":[{"start":{"line":822,"column":10},"end":{"line":822,"column":10}},{"start":{"line":822,"column":10},"end":{"line":822,"column":10}}]},"96":{"line":822,"type":"binary-expr","locations":[{"start":{"line":822,"column":14},"end":{"line":822,"column":14}},{"start":{"line":822,"column":39},"end":{"line":822,"column":14}}]},"97":{"line":835,"type":"binary-expr","locations":[{"start":{"line":835,"column":21},"end":{"line":835,"column":21}},{"start":{"line":835,"column":37},"end":{"line":835,"column":37}}]},"98":{"line":858,"type":"binary-expr","locations":[{"start":{"line":858,"column":17},"end":{"line":858,"column":17}},{"start":{"line":858,"column":36},"end":{"line":858,"column":17}}]},"99":{"line":872,"type":"if","locations":[{"start":{"line":872,"column":10},"end":{"line":872,"column":10}},{"start":{"line":872,"column":10},"end":{"line":872,"column":10}}]},"100":{"line":872,"type":"if","locations":[{"start":{"line":872,"column":49},"end":{"line":872,"column":49}},{"start":{"line":872,"column":49},"end":{"line":872,"column":49}}]},"101":{"line":884,"type":"if","locations":[{"start":{"line":884,"column":10},"end":{"line":884,"column":10}},{"start":{"line":884,"column":10},"end":{"line":884,"column":10}}]},"102":{"line":884,"type":"binary-expr","locations":[{"start":{"line":884,"column":14},"end":{"line":884,"column":14}},{"start":{"line":884,"column":26},"end":{"line":884,"column":26}}]},"103":{"line":885,"type":"binary-expr","locations":[{"start":{"line":885,"column":17},"end":{"line":885,"column":17}},{"start":{"line":885,"column":29},"end":{"line":885,"column":17}}]},"104":{"line":892,"type":"switch","locations":[{"start":{"line":893,"column":6},"end":{"line":893,"column":6}},{"start":{"line":892,"column":4},"end":{"line":896,"column":6}},{"start":{"line":892,"column":4},"end":{"line":899,"column":6}},{"start":{"line":892,"column":4},"end":{"line":902,"column":6}}]},"105":{"line":894,"type":"cond-expr","locations":[{"start":{"line":894,"column":31},"end":{"line":894,"column":15}},{"start":{"line":894,"column":62},"end":{"line":894,"column":62}}]},"106":{"line":894,"type":"cond-expr","locations":[{"start":{"line":894,"column":78},"end":{"line":894,"column":62}},{"start":{"line":894,"column":109},"end":{"line":894,"column":62}}]},"107":{"line":903,"type":"cond-expr","locations":[{"start":{"line":903,"column":27},"end":{"line":903,"column":15}},{"start":{"line":903,"column":47},"end":{"line":903,"column":15}}]},"108":{"line":910,"type":"cond-expr","locations":[{"start":{"line":910,"column":34},"end":{"line":910,"column":34}},{"start":{"line":926,"column":8},"end":{"line":926,"column":8}}]},"109":{"line":910,"type":"binary-expr","locations":[{"start":{"line":910,"column":11},"end":{"line":910,"column":11}},{"start":{"line":910,"column":24},"end":{"line":910,"column":24}}]},"110":{"line":913,"type":"cond-expr","locations":[{"start":{"line":913,"column":34},"end":{"line":913,"column":34}},{"start":{"line":913,"column":58},"end":{"line":913,"column":22}}]},"111":{"line":914,"type":"cond-expr","locations":[{"start":{"line":914,"column":32},"end":{"line":914,"column":32}},{"start":{"line":914,"column":54},"end":{"line":914,"column":22}}]},"112":{"line":915,"type":"if","locations":[{"start":{"line":915,"column":10},"end":{"line":915,"column":10}},{"start":{"line":915,"column":10},"end":{"line":915,"column":10}}]},"113":{"line":916,"type":"if","locations":[{"start":{"line":916,"column":10},"end":{"line":916,"column":10}},{"start":{"line":916,"column":10},"end":{"line":916,"column":10}}]},"114":{"line":917,"type":"binary-expr","locations":[{"start":{"line":917,"column":17},"end":{"line":917,"column":17}},{"start":{"line":917,"column":35},"end":{"line":917,"column":17}}]},"115":{"line":919,"type":"binary-expr","locations":[{"start":{"line":919,"column":21},"end":{"line":919,"column":21}},{"start":{"line":919,"column":73},"end":{"line":919,"column":73}}]},"116":{"line":930,"type":"binary-expr","locations":[{"start":{"line":930,"column":17},"end":{"line":930,"column":17}},{"start":{"line":930,"column":36},"end":{"line":930,"column":36}},{"start":{"line":930,"column":51},"end":{"line":930,"column":36}}]},"117":{"line":939,"type":"switch","locations":[{"start":{"line":940,"column":6},"end":{"line":940,"column":6}},{"start":{"line":939,"column":4},"end":{"line":944,"column":6}},{"start":{"line":939,"column":4},"end":{"line":951,"column":6}},{"start":{"line":939,"column":4},"end":{"line":958,"column":6}}]},"118":{"line":970,"type":"if","locations":[{"start":{"line":970,"column":10},"end":{"line":970,"column":10}},{"start":{"line":970,"column":10},"end":{"line":970,"column":10}}]},"119":{"line":974,"type":"if","locations":[{"start":{"line":974,"column":10},"end":{"line":974,"column":10}},{"start":{"line":974,"column":10},"end":{"line":974,"column":10}}]},"120":{"line":974,"type":"binary-expr","locations":[{"start":{"line":974,"column":14},"end":{"line":974,"column":14}},{"start":{"line":974,"column":33},"end":{"line":974,"column":33}}]},"121":{"line":988,"type":"switch","locations":[{"start":{"line":989,"column":8},"end":{"line":989,"column":8}},{"start":{"line":988,"column":6},"end":{"line":994,"column":8}},{"start":{"line":988,"column":6},"end":{"line":998,"column":8}},{"start":{"line":988,"column":6},"end":{"line":1002,"column":8}}]},"122":{"line":995,"type":"cond-expr","locations":[{"start":{"line":995,"column":38},"end":{"line":995,"column":22}},{"start":{"line":995,"column":42},"end":{"line":995,"column":42}}]},"123":{"line":999,"type":"cond-expr","locations":[{"start":{"line":999,"column":59},"end":{"line":999,"column":59}},{"start":{"line":999,"column":64},"end":{"line":999,"column":22}}]},"124":{"line":1003,"type":"cond-expr","locations":[{"start":{"line":1003,"column":34},"end":{"line":1003,"column":22}},{"start":{"line":1003,"column":38},"end":{"line":1003,"column":38}}]},"125":{"line":1007,"type":"if","locations":[{"start":{"line":1007,"column":6},"end":{"line":1007,"column":6}},{"start":{"line":1007,"column":6},"end":{"line":1007,"column":6}}]},"126":{"line":1010,"type":"cond-expr","locations":[{"start":{"line":1010,"column":38},"end":{"line":1010,"column":38}},{"start":{"line":1020,"column":8},"end":{"line":1020,"column":8}}]},"127":{"line":1016,"type":"if","locations":[{"start":{"line":1016,"column":8},"end":{"line":1016,"column":8}},{"start":{"line":1016,"column":8},"end":{"line":1016,"column":8}}]},"128":{"line":1045,"type":"if","locations":[{"start":{"line":1045,"column":10},"end":{"line":1045,"column":10}},{"start":{"line":1045,"column":10},"end":{"line":1045,"column":10}}]},"129":{"line":1047,"type":"if","locations":[{"start":{"line":1047,"column":10},"end":{"line":1047,"column":10}},{"start":{"line":1047,"column":10},"end":{"line":1047,"column":10}}]},"130":{"line":1048,"type":"if","locations":[{"start":{"line":1048,"column":10},"end":{"line":1048,"column":10}},{"start":{"line":1048,"column":10},"end":{"line":1048,"column":10}}]},"131":{"line":1060,"type":"if","locations":[{"start":{"line":1060,"column":10},"end":{"line":1060,"column":10}},{"start":{"line":1060,"column":10},"end":{"line":1060,"column":10}}]},"132":{"line":1064,"type":"if","locations":[{"start":{"line":1064,"column":10},"end":{"line":1064,"column":10}},{"start":{"line":1064,"column":10},"end":{"line":1064,"column":10}}]},"133":{"line":1075,"type":"binary-expr","locations":[{"start":{"line":1075,"column":17},"end":{"line":1075,"column":17}},{"start":{"line":1075,"column":60},"end":{"line":1075,"column":17}}]},"134":{"line":1082,"type":"switch","locations":[{"start":{"line":1083,"column":6},"end":{"line":1083,"column":6}},{"start":{"line":1082,"column":4},"end":{"line":1086,"column":6}},{"start":{"line":1082,"column":4},"end":{"line":1089,"column":6}}]},"135":{"line":1084,"type":"cond-expr","locations":[{"start":{"line":1084,"column":31},"end":{"line":1084,"column":15}},{"start":{"line":1084,"column":62},"end":{"line":1084,"column":62}}]},"136":{"line":1084,"type":"cond-expr","locations":[{"start":{"line":1084,"column":78},"end":{"line":1084,"column":62}},{"start":{"line":1084,"column":109},"end":{"line":1084,"column":62}}]},"137":{"line":1090,"type":"cond-expr","locations":[{"start":{"line":1090,"column":27},"end":{"line":1090,"column":15}},{"start":{"line":1090,"column":38},"end":{"line":1090,"column":15}}]},"138":{"line":1096,"type":"cond-expr","locations":[{"start":{"line":1096,"column":36},"end":{"line":1096,"column":36}},{"start":{"line":1102,"column":10},"end":{"line":1096,"column":13}}]},"139":{"line":1107,"type":"cond-expr","locations":[{"start":{"line":1107,"column":58},"end":{"line":1107,"column":25}},{"start":{"line":1107,"column":69},"end":{"line":1107,"column":69}}]},"140":{"line":1107,"type":"cond-expr","locations":[{"start":{"line":1107,"column":101},"end":{"line":1107,"column":69}},{"start":{"line":1107,"column":121},"end":{"line":1107,"column":69}}]},"141":{"line":1108,"type":"cond-expr","locations":[{"start":{"line":1108,"column":62},"end":{"line":1108,"column":27}},{"start":{"line":1108,"column":73},"end":{"line":1108,"column":73}}]},"142":{"line":1108,"type":"cond-expr","locations":[{"start":{"line":1108,"column":107},"end":{"line":1108,"column":73}},{"start":{"line":1108,"column":129},"end":{"line":1108,"column":73}}]},"143":{"line":1117,"type":"if","locations":[{"start":{"line":1117,"column":10},"end":{"line":1117,"column":10}},{"start":{"line":1117,"column":10},"end":{"line":1117,"column":10}}]},"144":{"line":1117,"type":"binary-expr","locations":[{"start":{"line":1117,"column":14},"end":{"line":1117,"column":14}},{"start":{"line":1117,"column":33},"end":{"line":1117,"column":33}}]},"145":{"line":1133,"type":"if","locations":[{"start":{"line":1133,"column":10},"end":{"line":1133,"column":10}},{"start":{"line":1133,"column":10},"end":{"line":1133,"column":10}}]},"146":{"line":1133,"type":"binary-expr","locations":[{"start":{"line":1133,"column":14},"end":{"line":1133,"column":14}},{"start":{"line":1133,"column":33},"end":{"line":1133,"column":14}},{"start":{"line":1133,"column":42},"end":{"line":1133,"column":42}}]},"147":{"line":1142,"type":"switch","locations":[{"start":{"line":1143,"column":6},"end":{"line":1143,"column":6}},{"start":{"line":1142,"column":4},"end":{"line":1148,"column":8}},{"start":{"line":1142,"column":4},"end":{"line":1150,"column":6}},{"start":{"line":1142,"column":4},"end":{"line":1153,"column":6}}]},"148":{"line":1148,"type":"if","locations":[{"start":{"line":1148,"column":8},"end":{"line":1148,"column":8}},{"start":{"line":1148,"column":8},"end":{"line":1148,"column":8}}]},"149":{"line":1159,"type":"cond-expr","locations":[{"start":{"line":1159,"column":29},"end":{"line":1159,"column":29}},{"start":{"line":1159,"column":77},"end":{"line":1159,"column":77}}]},"150":{"line":1166,"type":"if","locations":[{"start":{"line":1166,"column":6},"end":{"line":1166,"column":6}},{"start":{"line":1166,"column":6},"end":{"line":1166,"column":6}}]},"151":{"line":1166,"type":"binary-expr","locations":[{"start":{"line":1166,"column":10},"end":{"line":1166,"column":10}},{"start":{"line":1166,"column":29},"end":{"line":1166,"column":40}}]},"152":{"line":1322,"type":"if","locations":[{"start":{"line":1322,"column":4},"end":{"line":1322,"column":4}},{"start":{"line":1322,"column":4},"end":{"line":1322,"column":4}}]},"153":{"line":1323,"type":"if","locations":[{"start":{"line":1323,"column":6},"end":{"line":1323,"column":6}},{"start":{"line":1323,"column":6},"end":{"line":1323,"column":6}}]},"154":{"line":1350,"type":"cond-expr","locations":[{"start":{"line":1350,"column":27},"end":{"line":1350,"column":9}},{"start":{"line":1350,"column":36},"end":{"line":1350,"column":9}}]}}}}