TN:
SF:D:\Project\aeroflow\build\coverage.js
FNF:0
FNH:0
DA:1,1
LF:1
LH:1
BRF:0
BRH:0
end_of_record
TN:
SF:D:\Project\aeroflow\build\legacy\aeroflow.tests.js
FN:1,(anonymous_1)
FN:13,(anonymous_2)
FN:20,aeroflow
FNF:3
FNH:3
FNDA:1,(anonymous_1)
FNDA:1,(anonymous_2)
FNDA:1,aeroflow
DA:1,1
DA:2,1
DA:3,0
DA:4,1
DA:5,1
DA:7,0
DA:10,0
DA:11,0
DA:16,1
DA:20,1
DA:22,1
DA:23,1
LF:12
LH:8
BRDA:2,1,0,0
BRDA:2,1,1,1
BRDA:2,2,0,1
BRDA:2,2,1,0
BRDA:4,3,0,1
BRDA:4,3,1,0
BRF:6
BRH:3
end_of_record
TN:
SF:D:\Project\aeroflow\build\legacy\index.js
FNF:0
FNH:0
DA:1,1
DA:2,1
LF:2
LH:2
BRF:0
BRH:0
end_of_record
TN:
SF:D:\Project\aeroflow\build\legacy\aeroflow.js
FN:1,(anonymous_1)
FN:13,(anonymous_2)
FN:20,_classCallCheck
FN:28,_defineProperty
FN:66,constant
FN:67,(anonymous_6)
FN:72,identity
FN:76,noop
FN:78,classOf
FN:82,classIs
FN:83,(anonymous_11)
FN:88,isDefined
FN:97,isTrue
FN:101,isUndefined
FN:105,toNumber
FN:114,emptyEmitter
FN:115,(anonymous_17)
FN:120,scalarEmitter
FN:121,(anonymous_19)
FN:127,arrayEmitter
FN:128,(anonymous_21)
FN:130,proceed
FN:141,functionEmitter
FN:142,(anonymous_24)
FN:152,promiseEmitter
FN:153,(anonymous_26)
FN:154,(anonymous_27)
FN:184,iterableEmitter
FN:185,(anonymous_29)
FN:203,emitterSelector
FN:212,finalize
FN:216,customEmitter
FN:219,(anonymous_33)
FN:224,(anonymous_34)
FN:229,(anonymous_35)
FN:248,expandEmitter
FN:250,(anonymous_37)
FN:260,randomDecimalEmitter
FN:261,(anonymous_39)
FN:268,randomIntegerEmitter
FN:269,(anonymous_41)
FN:276,randomEmitter
FN:283,rangeEmitter
FN:291,(anonymous_44)
FN:302,(anonymous_45)
FN:311,repeatDynamicEmitter
FN:312,(anonymous_47)
FN:325,repeatStaticEmitter
FN:326,(anonymous_49)
FN:333,repeatEmitter
FN:337,timerEmitter
FN:339,(anonymous_52)
FN:340,(anonymous_53)
FN:349,reduceAlongOperator
FN:350,(anonymous_55)
FN:351,(anonymous_56)
FN:355,(anonymous_57)
FN:362,(anonymous_58)
FN:370,reduceGeneralOperator
FN:371,(anonymous_60)
FN:372,(anonymous_61)
FN:375,(anonymous_62)
FN:378,(anonymous_63)
FN:386,reduceOptionalOperator
FN:387,(anonymous_65)
FN:388,(anonymous_66)
FN:392,(anonymous_67)
FN:396,(anonymous_68)
FN:404,reduceOperator
FN:405,(anonymous_70)
FN:410,countOperator
FN:411,(anonymous_72)
FN:416,delayOperator
FN:418,(anonymous_74)
FN:419,(anonymous_75)
FN:425,schedule
FN:447,(anonymous_77)
FN:458,(anonymous_78)
FN:462,(anonymous_79)
FN:470,dumpToConsoleOperator
FN:471,(anonymous_81)
FN:472,(anonymous_82)
FN:473,(anonymous_83)
FN:476,(anonymous_84)
FN:484,dumpToLoggerOperator
FN:485,(anonymous_86)
FN:486,(anonymous_87)
FN:487,(anonymous_88)
FN:490,(anonymous_89)
FN:498,dumpOperator
FN:502,everyOperator
FN:511,predicate
FN:518,predicate
FN:525,predicate
FN:532,(anonymous_95)
FN:533,(anonymous_96)
FN:536,(anonymous_97)
FN:540,(anonymous_98)
FN:548,filterOperator
FN:557,predicate
FN:564,predicate
FN:571,predicate
FN:578,(anonymous_103)
FN:579,(anonymous_104)
FN:581,(anonymous_105)
FN:588,groupOperator
FN:589,(anonymous_107)
FN:593,(anonymous_108)
FN:594,(anonymous_109)
FN:597,(anonymous_110)
FN:615,(anonymous_111)
FN:625,joinOperator
FN:627,(anonymous_113)
FN:632,mapOperator
FN:635,(anonymous_115)
FN:636,(anonymous_116)
FN:638,(anonymous_117)
FN:645,maxOperator
FN:646,(anonymous_119)
FN:651,toArrayOperator
FN:652,(anonymous_121)
FN:653,(anonymous_122)
FN:655,(anonymous_123)
FN:658,(anonymous_124)
FN:666,meanOperator
FN:667,(anonymous_126)
FN:668,(anonymous_127)
FN:669,(anonymous_128)
FN:678,minOperator
FN:679,(anonymous_130)
FN:684,reverseOperator
FN:685,(anonymous_132)
FN:686,(anonymous_133)
FN:687,(anonymous_134)
FN:698,skipAllOperator
FN:699,(anonymous_136)
FN:700,(anonymous_137)
FN:706,skipFirstOperator
FN:707,(anonymous_139)
FN:708,(anonymous_140)
FN:710,(anonymous_141)
FN:717,skipLastOperator
FN:718,(anonymous_143)
FN:719,(anonymous_144)
FN:720,(anonymous_145)
FN:732,skipWhileOperator
FN:733,(anonymous_147)
FN:734,(anonymous_148)
FN:737,(anonymous_149)
FN:745,skipOperator
FN:761,someOperator
FN:770,predicate
FN:777,predicate
FN:784,predicate
FN:791,(anonymous_155)
FN:792,(anonymous_156)
FN:794,(anonymous_157)
FN:798,(anonymous_158)
FN:806,sumOperator
FN:807,(anonymous_160)
FN:812,takeFirstOperator
FN:813,(anonymous_162)
FN:814,(anonymous_163)
FN:816,(anonymous_164)
FN:823,takeLastOperator
FN:824,(anonymous_166)
FN:825,(anonymous_167)
FN:826,(anonymous_168)
FN:838,takeWhileOperator
FN:839,(anonymous_170)
FN:840,(anonymous_171)
FN:842,(anonymous_172)
FN:849,takeOperator
FN:862,tapOperator
FN:863,(anonymous_175)
FN:864,(anonymous_176)
FN:866,(anonymous_177)
FN:874,timestampOperator
FN:875,(anonymous_179)
FN:876,(anonymous_180)
FN:878,(anonymous_181)
FN:892,toMapOperator
FN:895,(anonymous_183)
FN:896,(anonymous_184)
FN:899,(anonymous_185)
FN:902,(anonymous_186)
FN:910,toSetOperator
FN:911,(anonymous_188)
FN:912,(anonymous_189)
FN:914,(anonymous_190)
FN:917,(anonymous_191)
FN:925,Aeroflow
FN:938,append
FN:946,bind
FN:954,chain
FN:958,count
FN:962,delay
FN:966,dump
FN:970,every
FN:974,filter
FN:978,group
FN:986,join
FN:990,map
FN:994,max
FN:998,mean
FN:1002,min
FN:1006,prepend
FN:1014,reduce
FN:1018,reverse
FN:1022,run
FN:1033,(anonymous_211)
FN:1034,(anonymous_212)
FN:1036,(anonymous_213)
FN:1043,skip
FN:1047,some
FN:1051,sum
FN:1055,take
FN:1059,tap
FN:1063,timestamp
FN:1067,toArray
FN:1071,toMap
FN:1075,toSet
FN:1183,emit
FN:1187,proceed
FN:1192,aeroflow
FN:1200,create
FN:1204,expand
FN:1208,just
FN:1212,random
FN:1216,range
FN:1220,repeat
FN:1224,timer
FN:1230,get
FN:1248,get
FNF:234
FNH:7
FNDA:1,(anonymous_1)
FNDA:1,(anonymous_2)
FNDA:1,_classCallCheck
FNDA:13,_defineProperty
FNDA:0,constant
FNDA:0,(anonymous_6)
FNDA:0,identity
FNDA:0,noop
FNDA:0,classOf
FNDA:3,classIs
FNDA:0,(anonymous_11)
FNDA:0,isDefined
FNDA:0,isTrue
FNDA:0,isUndefined
FNDA:0,toNumber
FNDA:1,emptyEmitter
FNDA:0,(anonymous_17)
FNDA:0,scalarEmitter
FNDA:0,(anonymous_19)
FNDA:0,arrayEmitter
FNDA:0,(anonymous_21)
FNDA:0,proceed
FNDA:0,functionEmitter
FNDA:0,(anonymous_24)
FNDA:0,promiseEmitter
FNDA:0,(anonymous_26)
FNDA:0,(anonymous_27)
FNDA:0,iterableEmitter
FNDA:0,(anonymous_29)
FNDA:0,emitterSelector
FNDA:0,finalize
FNDA:0,customEmitter
FNDA:0,(anonymous_33)
FNDA:0,(anonymous_34)
FNDA:0,(anonymous_35)
FNDA:0,expandEmitter
FNDA:0,(anonymous_37)
FNDA:0,randomDecimalEmitter
FNDA:0,(anonymous_39)
FNDA:0,randomIntegerEmitter
FNDA:0,(anonymous_41)
FNDA:0,randomEmitter
FNDA:0,rangeEmitter
FNDA:0,(anonymous_44)
FNDA:0,(anonymous_45)
FNDA:0,repeatDynamicEmitter
FNDA:0,(anonymous_47)
FNDA:0,repeatStaticEmitter
FNDA:0,(anonymous_49)
FNDA:0,repeatEmitter
FNDA:0,timerEmitter
FNDA:0,(anonymous_52)
FNDA:0,(anonymous_53)
FNDA:0,reduceAlongOperator
FNDA:0,(anonymous_55)
FNDA:0,(anonymous_56)
FNDA:0,(anonymous_57)
FNDA:0,(anonymous_58)
FNDA:0,reduceGeneralOperator
FNDA:0,(anonymous_60)
FNDA:0,(anonymous_61)
FNDA:0,(anonymous_62)
FNDA:0,(anonymous_63)
FNDA:0,reduceOptionalOperator
FNDA:0,(anonymous_65)
FNDA:0,(anonymous_66)
FNDA:0,(anonymous_67)
FNDA:0,(anonymous_68)
FNDA:0,reduceOperator
FNDA:0,(anonymous_70)
FNDA:0,countOperator
FNDA:0,(anonymous_72)
FNDA:0,delayOperator
FNDA:0,(anonymous_74)
FNDA:0,(anonymous_75)
FNDA:0,schedule
FNDA:0,(anonymous_77)
FNDA:0,(anonymous_78)
FNDA:0,(anonymous_79)
FNDA:0,dumpToConsoleOperator
FNDA:0,(anonymous_81)
FNDA:0,(anonymous_82)
FNDA:0,(anonymous_83)
FNDA:0,(anonymous_84)
FNDA:0,dumpToLoggerOperator
FNDA:0,(anonymous_86)
FNDA:0,(anonymous_87)
FNDA:0,(anonymous_88)
FNDA:0,(anonymous_89)
FNDA:0,dumpOperator
FNDA:0,everyOperator
FNDA:0,predicate
FNDA:0,predicate
FNDA:0,predicate
FNDA:0,(anonymous_95)
FNDA:0,(anonymous_96)
FNDA:0,(anonymous_97)
FNDA:0,(anonymous_98)
FNDA:0,filterOperator
FNDA:0,predicate
FNDA:0,predicate
FNDA:0,predicate
FNDA:0,(anonymous_103)
FNDA:0,(anonymous_104)
FNDA:0,(anonymous_105)
FNDA:0,groupOperator
FNDA:0,(anonymous_107)
FNDA:0,(anonymous_108)
FNDA:0,(anonymous_109)
FNDA:0,(anonymous_110)
FNDA:0,(anonymous_111)
FNDA:0,joinOperator
FNDA:0,(anonymous_113)
FNDA:0,mapOperator
FNDA:0,(anonymous_115)
FNDA:0,(anonymous_116)
FNDA:0,(anonymous_117)
FNDA:0,maxOperator
FNDA:0,(anonymous_119)
FNDA:0,toArrayOperator
FNDA:0,(anonymous_121)
FNDA:0,(anonymous_122)
FNDA:0,(anonymous_123)
FNDA:0,(anonymous_124)
FNDA:0,meanOperator
FNDA:0,(anonymous_126)
FNDA:0,(anonymous_127)
FNDA:0,(anonymous_128)
FNDA:0,minOperator
FNDA:0,(anonymous_130)
FNDA:0,reverseOperator
FNDA:0,(anonymous_132)
FNDA:0,(anonymous_133)
FNDA:0,(anonymous_134)
FNDA:0,skipAllOperator
FNDA:0,(anonymous_136)
FNDA:0,(anonymous_137)
FNDA:0,skipFirstOperator
FNDA:0,(anonymous_139)
FNDA:0,(anonymous_140)
FNDA:0,(anonymous_141)
FNDA:0,skipLastOperator
FNDA:0,(anonymous_143)
FNDA:0,(anonymous_144)
FNDA:0,(anonymous_145)
FNDA:0,skipWhileOperator
FNDA:0,(anonymous_147)
FNDA:0,(anonymous_148)
FNDA:0,(anonymous_149)
FNDA:0,skipOperator
FNDA:0,someOperator
FNDA:0,predicate
FNDA:0,predicate
FNDA:0,predicate
FNDA:0,(anonymous_155)
FNDA:0,(anonymous_156)
FNDA:0,(anonymous_157)
FNDA:0,(anonymous_158)
FNDA:0,sumOperator
FNDA:0,(anonymous_160)
FNDA:0,takeFirstOperator
FNDA:0,(anonymous_162)
FNDA:0,(anonymous_163)
FNDA:0,(anonymous_164)
FNDA:0,takeLastOperator
FNDA:0,(anonymous_166)
FNDA:0,(anonymous_167)
FNDA:0,(anonymous_168)
FNDA:0,takeWhileOperator
FNDA:0,(anonymous_170)
FNDA:0,(anonymous_171)
FNDA:0,(anonymous_172)
FNDA:0,takeOperator
FNDA:0,tapOperator
FNDA:0,(anonymous_175)
FNDA:0,(anonymous_176)
FNDA:0,(anonymous_177)
FNDA:0,timestampOperator
FNDA:0,(anonymous_179)
FNDA:0,(anonymous_180)
FNDA:0,(anonymous_181)
FNDA:0,toMapOperator
FNDA:0,(anonymous_183)
FNDA:0,(anonymous_184)
FNDA:0,(anonymous_185)
FNDA:0,(anonymous_186)
FNDA:0,toSetOperator
FNDA:0,(anonymous_188)
FNDA:0,(anonymous_189)
FNDA:0,(anonymous_190)
FNDA:0,(anonymous_191)
FNDA:1,Aeroflow
FNDA:0,append
FNDA:0,bind
FNDA:0,chain
FNDA:0,count
FNDA:0,delay
FNDA:0,dump
FNDA:0,every
FNDA:0,filter
FNDA:0,group
FNDA:0,join
FNDA:0,map
FNDA:0,max
FNDA:0,mean
FNDA:0,min
FNDA:0,prepend
FNDA:0,reduce
FNDA:0,reverse
FNDA:0,run
FNDA:0,(anonymous_211)
FNDA:0,(anonymous_212)
FNDA:0,(anonymous_213)
FNDA:0,skip
FNDA:0,some
FNDA:0,sum
FNDA:0,take
FNDA:0,tap
FNDA:0,timestamp
FNDA:0,toArray
FNDA:0,toMap
FNDA:0,toSet
FNDA:0,emit
FNDA:0,proceed
FNDA:0,aeroflow
FNDA:0,create
FNDA:0,expand
FNDA:0,just
FNDA:0,random
FNDA:0,range
FNDA:0,repeat
FNDA:0,timer
FNDA:0,get
FNDA:0,get
DA:1,1
DA:2,1
DA:3,0
DA:4,1
DA:5,1
DA:7,0
DA:10,0
DA:11,0
DA:16,1
DA:20,1
DA:21,1
DA:22,0
DA:26,1
DA:28,1
DA:29,13
DA:30,0
DA:37,13
DA:40,13
DA:43,1
DA:44,1
DA:45,1
DA:46,1
DA:47,1
DA:48,1
DA:49,1
DA:50,1
DA:51,1
DA:52,1
DA:53,1
DA:54,1
DA:55,1
DA:56,1
DA:57,1
DA:58,1
DA:59,1
DA:60,1
DA:61,1
DA:62,1
DA:63,1
DA:64,1
DA:66,1
DA:67,0
DA:68,0
DA:72,1
DA:73,0
DA:76,1
DA:78,1
DA:79,0
DA:82,1
DA:83,3
DA:84,0
DA:88,1
DA:89,0
DA:92,1
DA:93,1
DA:94,1
DA:95,1
DA:97,1
DA:98,0
DA:101,1
DA:102,0
DA:105,1
DA:106,0
DA:107,0
DA:108,0
DA:111,0
DA:114,1
DA:115,1
DA:116,0
DA:120,1
DA:121,0
DA:122,0
DA:123,0
DA:127,1
DA:128,0
DA:129,0
DA:130,0
DA:131,0
DA:132,0
DA:133,0
DA:134,0
DA:136,0
DA:141,1
DA:142,0
DA:143,0
DA:144,0
DA:145,0
DA:147,0
DA:152,1
DA:153,0
DA:154,0
DA:155,0
DA:156,0
DA:161,1
DA:184,1
DA:185,0
DA:186,0
DA:187,0
DA:189,0
DA:190,0
DA:191,0
DA:194,0
DA:196,0
DA:201,1
DA:203,1
DA:204,0
DA:205,0
DA:206,0
DA:207,0
DA:208,0
DA:209,0
DA:212,1
DA:213,0
DA:216,1
DA:217,0
DA:218,0
DA:219,0
DA:220,0
DA:223,0
DA:224,0
DA:225,0
DA:226,0
DA:227,0
DA:228,0
DA:230,0
DA:231,0
DA:232,0
DA:235,0
DA:236,0
DA:237,0
DA:240,0
DA:241,0
DA:244,0
DA:248,1
DA:249,0
DA:250,0
DA:251,0
DA:254,0
DA:256,0
DA:260,1
DA:261,0
DA:262,0
DA:264,0
DA:268,1
DA:269,0
DA:270,0
DA:272,0
DA:276,1
DA:277,0
DA:278,0
DA:279,0
DA:280,0
DA:283,1
DA:284,0
DA:285,0
DA:286,0
DA:288,0
DA:289,0
DA:290,0
DA:291,0
DA:292,0
DA:294,0
DA:296,0
DA:300,0
DA:301,0
DA:302,0
DA:303,0
DA:305,0
DA:307,0
DA:311,1
DA:312,0
DA:313,0
DA:315,0
DA:316,0
DA:318,0
DA:320,0
DA:325,1
DA:326,0
DA:327,0
DA:329,0
DA:333,1
DA:334,0
DA:337,1
DA:338,0
DA:339,0
DA:340,0
DA:341,0
DA:342,0
DA:343,0
DA:349,1
DA:350,0
DA:351,0
DA:352,0
DA:355,0
DA:356,0
DA:357,0
DA:358,0
DA:359,0
DA:361,0
DA:363,0
DA:364,0
DA:370,1
DA:371,0
DA:372,0
DA:373,0
DA:375,0
DA:376,0
DA:377,0
DA:379,0
DA:380,0
DA:386,1
DA:387,0
DA:388,0
DA:389,0
DA:392,0
DA:393,0
DA:394,0
DA:395,0
DA:397,0
DA:398,0
DA:404,1
DA:405,0
DA:406,0
DA:410,1
DA:411,0
DA:412,0
DA:416,1
DA:417,0
DA:418,0
DA:419,0
DA:420,0
DA:425,1
DA:426,0
DA:427,0
DA:428,0
DA:431,0
DA:432,0
DA:434,0
DA:436,0
DA:437,0
DA:440,0
DA:443,0
DA:446,0
DA:447,0
DA:448,0
DA:450,0
DA:451,0
DA:452,0
DA:453,0
DA:458,0
DA:459,0
DA:460,0
DA:461,0
DA:463,0
DA:464,0
DA:470,1
DA:471,0
DA:472,0
DA:473,0
DA:474,0
DA:475,0
DA:477,0
DA:478,0
DA:484,1
DA:485,0
DA:486,0
DA:487,0
DA:488,0
DA:489,0
DA:491,0
DA:492,0
DA:498,1
DA:499,0
DA:502,1
DA:503,0
DA:505,0
DA:507,0
DA:508,0
DA:511,0
DA:512,0
DA:515,0
DA:518,0
DA:519,0
DA:522,0
DA:525,0
DA:526,0
DA:529,0
DA:532,0
DA:533,0
DA:534,0
DA:536,0
DA:537,0
DA:538,0
DA:539,0
DA:541,0
DA:542,0
DA:548,1
DA:549,0
DA:551,0
DA:553,0
DA:554,0
DA:557,0
DA:558,0
DA:561,0
DA:564,0
DA:565,0
DA:568,0
DA:571,0
DA:572,0
DA:575,0
DA:578,0
DA:579,0
DA:580,0
DA:581,0
DA:582,0
DA:588,1
DA:589,0
DA:590,0
DA:592,0
DA:593,0
DA:594,0
DA:595,0
DA:596,0
DA:597,0
DA:598,0
DA:601,0
DA:602,0
DA:603,0
DA:605,0
DA:606,0
DA:607,0
DA:610,0
DA:613,0
DA:614,0
DA:616,0
DA:617,0
DA:618,0
DA:625,1
DA:626,0
DA:627,0
DA:628,0
DA:632,1
DA:633,0
DA:634,0
DA:635,0
DA:636,0
DA:637,0
DA:638,0
DA:639,0
DA:645,1
DA:646,0
DA:647,0
DA:651,1
DA:652,0
DA:653,0
DA:654,0
DA:655,0
DA:656,0
DA:657,0
DA:659,0
DA:660,0
DA:666,1
DA:667,0
DA:668,0
DA:669,0
DA:670,0
DA:671,0
DA:672,0
DA:678,1
DA:679,0
DA:680,0
DA:684,1
DA:685,0
DA:686,0
DA:687,0
DA:688,0
DA:689,0
DA:692,0
DA:698,1
DA:699,0
DA:700,0
DA:701,0
DA:706,1
DA:707,0
DA:708,0
DA:709,0
DA:710,0
DA:711,0
DA:717,1
DA:718,0
DA:719,0
DA:720,0
DA:721,0
DA:722,0
DA:724,0
DA:726,0
DA:732,1
DA:733,0
DA:734,0
DA:735,0
DA:737,0
DA:738,0
DA:739,0
DA:745,1
DA:746,0
DA:748,0
DA:751,0
DA:754,0
DA:757,0
DA:761,1
DA:762,0
DA:764,0
DA:766,0
DA:767,0
DA:770,0
DA:771,0
DA:774,0
DA:777,0
DA:778,0
DA:781,0
DA:784,0
DA:785,0
DA:788,0
DA:791,0
DA:792,0
DA:793,0
DA:794,0
DA:795,0
DA:796,0
DA:797,0
DA:799,0
DA:800,0
DA:806,1
DA:807,0
DA:808,0
DA:812,1
DA:813,0
DA:814,0
DA:815,0
DA:816,0
DA:817,0
DA:823,1
DA:824,0
DA:825,0
DA:826,0
DA:827,0
DA:828,0
DA:830,0
DA:832,0
DA:838,1
DA:839,0
DA:840,0
DA:841,0
DA:842,0
DA:843,0
DA:849,1
DA:850,0
DA:852,0
DA:855,0
DA:858,0
DA:862,1
DA:863,0
DA:864,0
DA:865,0
DA:866,0
DA:867,0
DA:868,0
DA:874,1
DA:875,0
DA:876,0
DA:877,0
DA:878,0
DA:879,0
DA:885,0
DA:886,0
DA:892,1
DA:893,0
DA:894,0
DA:895,0
DA:896,0
DA:897,0
DA:899,0
DA:900,0
DA:901,0
DA:903,0
DA:904,0
DA:910,1
DA:911,0
DA:912,0
DA:913,0
DA:914,0
DA:915,0
DA:916,0
DA:918,0
DA:919,0
DA:925,1
DA:926,1
DA:928,1
DA:938,1
DA:939,0
DA:940,0
DA:943,0
DA:946,1
DA:947,0
DA:948,0
DA:951,0
DA:954,1
DA:955,0
DA:958,1
DA:959,0
DA:962,1
DA:963,0
DA:966,1
DA:967,0
DA:970,1
DA:971,0
DA:974,1
DA:975,0
DA:978,1
DA:979,0
DA:980,0
DA:983,0
DA:986,1
DA:987,0
DA:990,1
DA:991,0
DA:994,1
DA:995,0
DA:998,1
DA:999,0
DA:1002,1
DA:1003,0
DA:1006,1
DA:1007,0
DA:1008,0
DA:1011,0
DA:1014,1
DA:1015,0
DA:1018,1
DA:1019,0
DA:1022,1
DA:1023,0
DA:1024,0
DA:1025,0
DA:1033,0
DA:1034,0
DA:1035,0
DA:1037,0
DA:1040,0
DA:1043,1
DA:1044,0
DA:1047,1
DA:1048,0
DA:1051,1
DA:1052,0
DA:1055,1
DA:1056,0
DA:1059,1
DA:1060,0
DA:1063,1
DA:1064,0
DA:1067,1
DA:1068,0
DA:1071,1
DA:1072,0
DA:1075,1
DA:1076,0
DA:1079,1
DA:1169,1
DA:1183,1
DA:1184,0
DA:1186,0
DA:1187,0
DA:1188,0
DA:1192,1
DA:1193,0
DA:1194,0
DA:1197,0
DA:1200,1
DA:1201,0
DA:1204,1
DA:1205,0
DA:1208,1
DA:1209,0
DA:1212,1
DA:1213,0
DA:1216,1
DA:1217,0
DA:1220,1
DA:1221,0
DA:1224,1
DA:1225,0
DA:1228,1
DA:1231,0
DA:1249,0
DA:1265,1
DA:1266,1
LF:597
LH:148
BRDA:2,1,0,0
BRDA:2,1,1,1
BRDA:2,2,0,1
BRDA:2,2,1,0
BRDA:4,3,0,1
BRDA:4,3,1,0
BRDA:21,4,0,0
BRDA:21,4,1,1
BRDA:29,5,0,0
BRDA:29,5,1,13
BRDA:106,6,0,0
BRDA:106,6,1,0
BRDA:108,7,0,0
BRDA:108,7,1,0
BRDA:131,8,0,0
BRDA:131,8,1,0
BRDA:133,9,0,0
BRDA:133,9,1,0
BRDA:134,10,0,0
BRDA:134,10,1,0
BRDA:192,11,0,0
BRDA:192,11,1,0
BRDA:205,12,0,0
BRDA:205,12,1,0
BRDA:207,13,0,0
BRDA:207,13,1,0
BRDA:208,14,0,0
BRDA:208,14,1,0
BRDA:208,15,0,0
BRDA:208,15,1,0
BRDA:209,16,0,0
BRDA:209,16,1,0
BRDA:213,17,0,0
BRDA:213,17,1,0
BRDA:217,18,0,0
BRDA:217,18,1,0
BRDA:218,19,0,0
BRDA:218,19,1,0
BRDA:225,20,0,0
BRDA:225,20,1,0
BRDA:226,21,0,0
BRDA:226,21,1,0
BRDA:230,22,0,0
BRDA:230,22,1,0
BRDA:235,23,0,0
BRDA:235,23,1,0
BRDA:249,24,0,0
BRDA:249,24,1,0
BRDA:280,25,0,0
BRDA:280,25,1,0
BRDA:280,26,0,0
BRDA:280,26,1,0
BRDA:286,27,0,0
BRDA:286,27,1,0
BRDA:288,28,0,0
BRDA:288,28,1,0
BRDA:290,29,0,0
BRDA:290,29,1,0
BRDA:294,30,0,0
BRDA:294,30,1,0
BRDA:301,31,0,0
BRDA:301,31,1,0
BRDA:305,32,0,0
BRDA:305,32,1,0
BRDA:334,33,0,0
BRDA:334,33,1,0
BRDA:339,34,0,0
BRDA:339,34,1,0
BRDA:341,35,0,0
BRDA:341,35,1,0
BRDA:356,36,0,0
BRDA:356,36,1,0
BRDA:363,37,0,0
BRDA:363,37,1,0
BRDA:363,38,0,0
BRDA:363,38,1,0
BRDA:379,39,0,0
BRDA:379,39,1,0
BRDA:397,40,0,0
BRDA:397,40,1,0
BRDA:397,41,0,0
BRDA:397,41,1,0
BRDA:405,42,0,0
BRDA:405,42,1,0
BRDA:405,43,0,0
BRDA:405,43,1,0
BRDA:407,44,0,0
BRDA:407,44,1,0
BRDA:407,45,0,0
BRDA:407,45,1,0
BRDA:411,46,0,0
BRDA:411,46,1,0
BRDA:417,47,0,0
BRDA:417,47,1,0
BRDA:426,48,0,0
BRDA:426,48,1,0
BRDA:434,49,0,0
BRDA:434,49,1,0
BRDA:434,49,2,0
BRDA:446,50,0,0
BRDA:446,50,1,0
BRDA:450,51,0,0
BRDA:450,51,1,0
BRDA:453,52,0,0
BRDA:453,52,1,0
BRDA:459,53,0,0
BRDA:459,53,1,0
BRDA:477,54,0,0
BRDA:477,54,1,0
BRDA:491,55,0,0
BRDA:491,55,1,0
BRDA:499,56,0,0
BRDA:499,56,1,0
BRDA:499,57,0,0
BRDA:499,57,1,0
BRDA:499,58,0,0
BRDA:499,58,1,0
BRDA:505,59,0,0
BRDA:505,59,1,0
BRDA:505,59,2,0
BRDA:505,59,3,0
BRDA:538,60,0,0
BRDA:538,60,1,0
BRDA:541,61,0,0
BRDA:541,61,1,0
BRDA:541,62,0,0
BRDA:541,62,1,0
BRDA:551,63,0,0
BRDA:551,63,1,0
BRDA:551,63,2,0
BRDA:551,63,3,0
BRDA:582,64,0,0
BRDA:582,64,1,0
BRDA:589,65,0,0
BRDA:589,65,1,0
BRDA:590,66,0,0
BRDA:590,66,1,0
BRDA:605,67,0,0
BRDA:605,67,1,0
BRDA:606,68,0,0
BRDA:606,68,1,0
BRDA:616,69,0,0
BRDA:616,69,1,0
BRDA:626,70,0,0
BRDA:626,70,1,0
BRDA:626,71,0,0
BRDA:626,71,1,0
BRDA:627,72,0,0
BRDA:627,72,1,0
BRDA:628,73,0,0
BRDA:628,73,1,0
BRDA:633,74,0,0
BRDA:633,74,1,0
BRDA:634,75,0,0
BRDA:634,75,1,0
BRDA:647,76,0,0
BRDA:647,76,1,0
BRDA:659,77,0,0
BRDA:659,77,1,0
BRDA:670,78,0,0
BRDA:670,78,1,0
BRDA:680,79,0,0
BRDA:680,79,1,0
BRDA:711,80,0,0
BRDA:711,80,1,0
BRDA:724,81,0,0
BRDA:724,81,1,0
BRDA:738,82,0,0
BRDA:738,82,1,0
BRDA:738,83,0,0
BRDA:738,83,1,0
BRDA:739,84,0,0
BRDA:739,84,1,0
BRDA:746,85,0,0
BRDA:746,85,1,0
BRDA:746,85,2,0
BRDA:746,85,3,0
BRDA:748,86,0,0
BRDA:748,86,1,0
BRDA:748,87,0,0
BRDA:748,87,1,0
BRDA:757,88,0,0
BRDA:757,88,1,0
BRDA:764,89,0,0
BRDA:764,89,1,0
BRDA:764,89,2,0
BRDA:764,89,3,0
BRDA:795,90,0,0
BRDA:795,90,1,0
BRDA:799,91,0,0
BRDA:799,91,1,0
BRDA:817,92,0,0
BRDA:817,92,1,0
BRDA:830,93,0,0
BRDA:830,93,1,0
BRDA:843,94,0,0
BRDA:843,94,1,0
BRDA:850,95,0,0
BRDA:850,95,1,0
BRDA:850,95,2,0
BRDA:852,96,0,0
BRDA:852,96,1,0
BRDA:852,97,0,0
BRDA:852,97,1,0
BRDA:858,98,0,0
BRDA:858,98,1,0
BRDA:864,99,0,0
BRDA:864,99,1,0
BRDA:893,100,0,0
BRDA:893,100,1,0
BRDA:893,101,0,0
BRDA:893,101,1,0
BRDA:894,102,0,0
BRDA:894,102,1,0
BRDA:894,103,0,0
BRDA:894,103,1,0
BRDA:903,104,0,0
BRDA:903,104,1,0
BRDA:918,105,0,0
BRDA:918,105,1,0
BRDA:1023,106,0,0
BRDA:1023,106,1,0
BRDA:1024,107,0,0
BRDA:1024,107,1,0
BRDA:1188,108,0,0
BRDA:1188,108,1,0
BRDA:1188,109,0,0
BRDA:1188,109,1,0
BRF:228
BRH:5
end_of_record
