TN:
SF:D:\Project\aeroflow\build\coverage.js
FNF:0
FNH:0
DA:1,1
LF:1
LH:1
BRF:0
BRH:0
end_of_record
TN:
SF:D:\Project\aeroflow\build\legacy\aeroflow.tests.js
FN:1,(anonymous_1)
FN:13,(anonymous_2)
FN:20,aeroflow
FNF:3
FNH:3
FNDA:1,(anonymous_1)
FNDA:1,(anonymous_2)
FNDA:1,aeroflow
DA:1,1
DA:2,1
DA:3,0
DA:4,1
DA:5,1
DA:7,0
DA:10,0
DA:11,0
DA:16,1
DA:20,1
DA:22,1
DA:23,1
LF:12
LH:8
BRDA:2,1,0,0
BRDA:2,1,1,1
BRDA:2,2,0,1
BRDA:2,2,1,0
BRDA:4,3,0,1
BRDA:4,3,1,0
BRF:6
BRH:3
end_of_record
TN:
SF:D:\Project\aeroflow\build\legacy\index.js
FNF:0
FNH:0
DA:1,1
DA:2,1
LF:2
LH:2
BRF:0
BRH:0
end_of_record
TN:
SF:D:\Project\aeroflow\build\legacy\aeroflow.js
FN:1,(anonymous_1)
FN:13,(anonymous_2)
FN:22,_defineProperty
FN:37,_classCallCheck
FN:43,(anonymous_5)
FN:44,defineProperties
FN:54,(anonymous_7)
FN:75,classOf
FN:79,classIs
FN:80,(anonymous_10)
FN:85,constant
FN:86,(anonymous_12)
FN:93,identity$1
FN:101,isNothing$1
FN:109,noop
FN:115,arrayEmitter
FN:116,(anonymous_17)
FN:127,emptyEmitter
FN:128,(anonymous_19)
FN:133,functionEmitter
FN:134,(anonymous_21)
FN:140,promiseEmitter
FN:141,(anonymous_23)
FN:142,(anonymous_24)
FN:145,(anonymous_25)
FN:151,valueEmitter
FN:152,(anonymous_27)
FN:158,customEmitter
FN:159,(anonymous_29)
FN:160,(anonymous_30)
FN:162,(anonymous_31)
FN:170,expandEmitter
FN:172,(anonymous_33)
FN:184,randomDecimalEmitter
FN:185,(anonymous_35)
FN:194,randomIntegerEmitter
FN:195,(anonymous_37)
FN:204,randomEmitter
FN:211,rangeEmitter
FN:212,(anonymous_40)
FN:223,repeatDynamicEmitter
FN:224,(anonymous_42)
FN:236,repeatStaticEmitter
FN:237,(anonymous_44)
FN:246,repeatEmitter
FN:250,reduceAlongOperator
FN:251,(anonymous_47)
FN:252,(anonymous_48)
FN:256,(anonymous_49)
FN:261,(anonymous_50)
FN:269,reduceGeneralOperator
FN:270,(anonymous_52)
FN:271,(anonymous_53)
FN:274,(anonymous_54)
FN:276,(anonymous_55)
FN:284,reduceOptionalOperator
FN:285,(anonymous_57)
FN:286,(anonymous_58)
FN:290,(anonymous_59)
FN:293,(anonymous_60)
FN:301,reduceOperator
FN:303,(anonymous_62)
FN:315,(anonymous_63)
FN:321,countOperator
FN:322,(anonymous_65)
FN:327,delayDynamicOperator
FN:328,(anonymous_67)
FN:329,(anonymous_68)
FN:332,(anonymous_69)
FN:342,(anonymous_70)
FN:345,(anonymous_71)
FN:347,(anonymous_72)
FN:355,delayStaticOperator
FN:356,(anonymous_74)
FN:357,(anonymous_75)
FN:358,(anonymous_76)
FN:359,(anonymous_77)
FN:362,(anonymous_78)
FN:363,(anonymous_79)
FN:371,delayOperator
FN:374,(anonymous_81)
FN:386,dumpToConsoleOperator
FN:387,(anonymous_83)
FN:388,(anonymous_84)
FN:389,(anonymous_85)
FN:392,(anonymous_86)
FN:400,dumpToLoggerOperator
FN:401,(anonymous_88)
FN:402,(anonymous_89)
FN:403,(anonymous_90)
FN:406,(anonymous_91)
FN:414,dumpOperator
FN:418,everyOperator
FN:427,predicate
FN:434,predicate
FN:441,predicate
FN:448,(anonymous_97)
FN:449,(anonymous_98)
FN:453,(anonymous_99)
FN:458,(anonymous_100)
FN:466,filterOperator
FN:475,predicate
FN:482,predicate
FN:489,predicate
FN:496,(anonymous_105)
FN:497,(anonymous_106)
FN:499,(anonymous_107)
FN:506,joinOperator
FN:508,(anonymous_109)
FN:513,mapOperator
FN:516,(anonymous_111)
FN:517,(anonymous_112)
FN:519,(anonymous_113)
FN:526,maxOperator
FN:527,(anonymous_115)
FN:532,toArrayOperator
FN:533,(anonymous_117)
FN:534,(anonymous_118)
FN:536,(anonymous_119)
FN:538,(anonymous_120)
FN:546,meanOperator
FN:547,(anonymous_122)
FN:548,(anonymous_123)
FN:549,(anonymous_124)
FN:558,minOperator
FN:559,(anonymous_126)
FN:564,skipAllOperator
FN:565,(anonymous_128)
FN:566,(anonymous_129)
FN:572,skipFirstOperator
FN:573,(anonymous_131)
FN:574,(anonymous_132)
FN:576,(anonymous_133)
FN:583,skipLastOperator
FN:584,(anonymous_135)
FN:585,(anonymous_136)
FN:586,(anonymous_137)
FN:595,skipWhileOperator
FN:596,(anonymous_139)
FN:597,(anonymous_140)
FN:600,(anonymous_141)
FN:608,skipOperator
FN:621,someOperator
FN:630,predicate
FN:637,predicate
FN:644,predicate
FN:651,(anonymous_147)
FN:652,(anonymous_148)
FN:655,(anonymous_149)
FN:659,(anonymous_150)
FN:667,sumOperator
FN:668,(anonymous_152)
FN:669,(anonymous_153)
FN:675,takeFirstOperator
FN:676,(anonymous_155)
FN:677,(anonymous_156)
FN:680,(anonymous_157)
FN:688,takeLastOperator
FN:689,(anonymous_159)
FN:690,(anonymous_160)
FN:691,(anonymous_161)
FN:703,takeWhileOperator
FN:704,(anonymous_163)
FN:705,(anonymous_164)
FN:708,(anonymous_165)
FN:715,takeOperator
FN:728,tapOperator
FN:729,(anonymous_168)
FN:730,(anonymous_169)
FN:732,(anonymous_170)
FN:740,timestampOperator
FN:741,(anonymous_172)
FN:742,(anonymous_173)
FN:744,(anonymous_174)
FN:757,toMapOperator
FN:760,(anonymous_176)
FN:761,(anonymous_177)
FN:764,(anonymous_178)
FN:766,(anonymous_179)
FN:774,toSetOperator
FN:775,(anonymous_181)
FN:776,(anonymous_182)
FN:778,(anonymous_183)
FN:780,(anonymous_184)
FN:791,(anonymous_185)
FN:792,Context
FN:807,done
FN:815,(anonymous_188)
FN:825,spawn
FN:827,(anonymous_190)
FN:834,track
FN:845,get
FN:853,Aeroflow
FN:866,append
FN:874,bind
FN:882,chain
FN:886,count
FN:890,delay
FN:894,dump
FN:898,every
FN:902,filter
FN:906,join
FN:910,map
FN:914,max
FN:918,mean
FN:922,min
FN:926,prepend
FN:934,reduce
FN:938,run
FN:943,(anonymous_210)
FN:945,(anonymous_211)
FN:947,(anonymous_212)
FN:955,skip
FN:959,some
FN:963,sum
FN:967,take
FN:971,tap
FN:975,timestamp
FN:979,toArray
FN:983,toMap
FN:987,toSet
FN:1109,adapt
FN:1124,(anonymous_223)
FN:1139,emit
FN:1143,proceed
FN:1148,aeroflow
FN:1156,create
FN:1160,expand
FN:1164,just
FN:1168,random
FN:1172,range
FN:1176,repeat
FN:1182,get
FN:1200,get
FNF:234
FNH:11
FNDA:1,(anonymous_1)
FNDA:1,(anonymous_2)
FNDA:13,_defineProperty
FNDA:1,_classCallCheck
FNDA:1,(anonymous_5)
FNDA:1,defineProperties
FNDA:1,(anonymous_7)
FNDA:0,classOf
FNDA:2,classIs
FNDA:0,(anonymous_10)
FNDA:0,constant
FNDA:0,(anonymous_12)
FNDA:0,identity$1
FNDA:0,isNothing$1
FNDA:0,noop
FNDA:0,arrayEmitter
FNDA:0,(anonymous_17)
FNDA:1,emptyEmitter
FNDA:0,(anonymous_19)
FNDA:0,functionEmitter
FNDA:0,(anonymous_21)
FNDA:0,promiseEmitter
FNDA:0,(anonymous_23)
FNDA:0,(anonymous_24)
FNDA:0,(anonymous_25)
FNDA:0,valueEmitter
FNDA:0,(anonymous_27)
FNDA:0,customEmitter
FNDA:0,(anonymous_29)
FNDA:0,(anonymous_30)
FNDA:0,(anonymous_31)
FNDA:0,expandEmitter
FNDA:0,(anonymous_33)
FNDA:0,randomDecimalEmitter
FNDA:0,(anonymous_35)
FNDA:0,randomIntegerEmitter
FNDA:0,(anonymous_37)
FNDA:0,randomEmitter
FNDA:0,rangeEmitter
FNDA:0,(anonymous_40)
FNDA:0,repeatDynamicEmitter
FNDA:0,(anonymous_42)
FNDA:0,repeatStaticEmitter
FNDA:0,(anonymous_44)
FNDA:0,repeatEmitter
FNDA:0,reduceAlongOperator
FNDA:0,(anonymous_47)
FNDA:0,(anonymous_48)
FNDA:0,(anonymous_49)
FNDA:0,(anonymous_50)
FNDA:0,reduceGeneralOperator
FNDA:0,(anonymous_52)
FNDA:0,(anonymous_53)
FNDA:0,(anonymous_54)
FNDA:0,(anonymous_55)
FNDA:0,reduceOptionalOperator
FNDA:0,(anonymous_57)
FNDA:0,(anonymous_58)
FNDA:0,(anonymous_59)
FNDA:0,(anonymous_60)
FNDA:0,reduceOperator
FNDA:0,(anonymous_62)
FNDA:0,(anonymous_63)
FNDA:0,countOperator
FNDA:0,(anonymous_65)
FNDA:0,delayDynamicOperator
FNDA:0,(anonymous_67)
FNDA:0,(anonymous_68)
FNDA:0,(anonymous_69)
FNDA:0,(anonymous_70)
FNDA:0,(anonymous_71)
FNDA:0,(anonymous_72)
FNDA:0,delayStaticOperator
FNDA:0,(anonymous_74)
FNDA:0,(anonymous_75)
FNDA:0,(anonymous_76)
FNDA:0,(anonymous_77)
FNDA:0,(anonymous_78)
FNDA:0,(anonymous_79)
FNDA:0,delayOperator
FNDA:0,(anonymous_81)
FNDA:0,dumpToConsoleOperator
FNDA:0,(anonymous_83)
FNDA:0,(anonymous_84)
FNDA:0,(anonymous_85)
FNDA:0,(anonymous_86)
FNDA:0,dumpToLoggerOperator
FNDA:0,(anonymous_88)
FNDA:0,(anonymous_89)
FNDA:0,(anonymous_90)
FNDA:0,(anonymous_91)
FNDA:0,dumpOperator
FNDA:0,everyOperator
FNDA:0,predicate
FNDA:0,predicate
FNDA:0,predicate
FNDA:0,(anonymous_97)
FNDA:0,(anonymous_98)
FNDA:0,(anonymous_99)
FNDA:0,(anonymous_100)
FNDA:0,filterOperator
FNDA:0,predicate
FNDA:0,predicate
FNDA:0,predicate
FNDA:0,(anonymous_105)
FNDA:0,(anonymous_106)
FNDA:0,(anonymous_107)
FNDA:0,joinOperator
FNDA:0,(anonymous_109)
FNDA:0,mapOperator
FNDA:0,(anonymous_111)
FNDA:0,(anonymous_112)
FNDA:0,(anonymous_113)
FNDA:0,maxOperator
FNDA:0,(anonymous_115)
FNDA:0,toArrayOperator
FNDA:0,(anonymous_117)
FNDA:0,(anonymous_118)
FNDA:0,(anonymous_119)
FNDA:0,(anonymous_120)
FNDA:0,meanOperator
FNDA:0,(anonymous_122)
FNDA:0,(anonymous_123)
FNDA:0,(anonymous_124)
FNDA:0,minOperator
FNDA:0,(anonymous_126)
FNDA:0,skipAllOperator
FNDA:0,(anonymous_128)
FNDA:0,(anonymous_129)
FNDA:0,skipFirstOperator
FNDA:0,(anonymous_131)
FNDA:0,(anonymous_132)
FNDA:0,(anonymous_133)
FNDA:0,skipLastOperator
FNDA:0,(anonymous_135)
FNDA:0,(anonymous_136)
FNDA:0,(anonymous_137)
FNDA:0,skipWhileOperator
FNDA:0,(anonymous_139)
FNDA:0,(anonymous_140)
FNDA:0,(anonymous_141)
FNDA:0,skipOperator
FNDA:0,someOperator
FNDA:0,predicate
FNDA:0,predicate
FNDA:0,predicate
FNDA:0,(anonymous_147)
FNDA:0,(anonymous_148)
FNDA:0,(anonymous_149)
FNDA:0,(anonymous_150)
FNDA:0,sumOperator
FNDA:0,(anonymous_152)
FNDA:0,(anonymous_153)
FNDA:0,takeFirstOperator
FNDA:0,(anonymous_155)
FNDA:0,(anonymous_156)
FNDA:0,(anonymous_157)
FNDA:0,takeLastOperator
FNDA:0,(anonymous_159)
FNDA:0,(anonymous_160)
FNDA:0,(anonymous_161)
FNDA:0,takeWhileOperator
FNDA:0,(anonymous_163)
FNDA:0,(anonymous_164)
FNDA:0,(anonymous_165)
FNDA:0,takeOperator
FNDA:0,tapOperator
FNDA:0,(anonymous_168)
FNDA:0,(anonymous_169)
FNDA:0,(anonymous_170)
FNDA:0,timestampOperator
FNDA:0,(anonymous_172)
FNDA:0,(anonymous_173)
FNDA:0,(anonymous_174)
FNDA:0,toMapOperator
FNDA:0,(anonymous_176)
FNDA:0,(anonymous_177)
FNDA:0,(anonymous_178)
FNDA:0,(anonymous_179)
FNDA:0,toSetOperator
FNDA:0,(anonymous_181)
FNDA:0,(anonymous_182)
FNDA:0,(anonymous_183)
FNDA:0,(anonymous_184)
FNDA:1,(anonymous_185)
FNDA:0,Context
FNDA:0,done
FNDA:0,(anonymous_188)
FNDA:0,spawn
FNDA:0,(anonymous_190)
FNDA:0,track
FNDA:0,get
FNDA:1,Aeroflow
FNDA:0,append
FNDA:0,bind
FNDA:0,chain
FNDA:0,count
FNDA:0,delay
FNDA:0,dump
FNDA:0,every
FNDA:0,filter
FNDA:0,join
FNDA:0,map
FNDA:0,max
FNDA:0,mean
FNDA:0,min
FNDA:0,prepend
FNDA:0,reduce
FNDA:0,run
FNDA:0,(anonymous_210)
FNDA:0,(anonymous_211)
FNDA:0,(anonymous_212)
FNDA:0,skip
FNDA:0,some
FNDA:0,sum
FNDA:0,take
FNDA:0,tap
FNDA:0,timestamp
FNDA:0,toArray
FNDA:0,toMap
FNDA:0,toSet
FNDA:0,adapt
FNDA:0,(anonymous_223)
FNDA:0,emit
FNDA:0,proceed
FNDA:0,aeroflow
FNDA:0,create
FNDA:0,expand
FNDA:0,just
FNDA:0,random
FNDA:0,range
FNDA:0,repeat
FNDA:0,get
FNDA:0,get
DA:1,1
DA:2,1
DA:3,0
DA:4,1
DA:5,1
DA:7,0
DA:10,0
DA:11,0
DA:16,1
DA:20,1
DA:22,1
DA:23,13
DA:24,0
DA:31,13
DA:34,13
DA:37,1
DA:38,1
DA:39,0
DA:43,1
DA:44,1
DA:45,1
DA:46,4
DA:47,4
DA:48,4
DA:49,4
DA:50,4
DA:54,1
DA:55,1
DA:56,1
DA:57,1
DA:61,1
DA:62,1
DA:63,1
DA:64,1
DA:65,1
DA:66,1
DA:67,1
DA:68,1
DA:69,1
DA:70,1
DA:71,1
DA:72,1
DA:73,1
DA:75,1
DA:76,0
DA:79,1
DA:80,2
DA:81,0
DA:85,1
DA:86,0
DA:87,0
DA:91,1
DA:93,1
DA:94,0
DA:97,1
DA:98,1
DA:99,1
DA:101,1
DA:102,0
DA:105,1
DA:106,1
DA:107,1
DA:109,1
DA:111,1
DA:112,1
DA:113,1
DA:115,1
DA:116,0
DA:117,0
DA:119,0
DA:120,0
DA:123,0
DA:127,1
DA:128,1
DA:129,0
DA:133,1
DA:134,0
DA:135,0
DA:136,0
DA:140,1
DA:141,0
DA:142,0
DA:143,0
DA:144,0
DA:146,0
DA:151,1
DA:152,0
DA:153,0
DA:154,0
DA:158,1
DA:159,0
DA:160,0
DA:161,0
DA:163,0
DA:164,0
DA:165,0
DA:170,1
DA:171,0
DA:172,0
DA:173,0
DA:176,0
DA:177,0
DA:180,0
DA:184,1
DA:185,0
DA:186,0
DA:187,0
DA:190,0
DA:194,1
DA:195,0
DA:196,0
DA:197,0
DA:200,0
DA:204,1
DA:205,0
DA:206,0
DA:207,0
DA:208,0
DA:211,1
DA:212,0
DA:213,0
DA:214,0
DA:215,0
DA:216,0
DA:217,0
DA:219,0
DA:223,1
DA:224,0
DA:225,0
DA:228,0
DA:229,0
DA:232,0
DA:236,1
DA:237,0
DA:238,0
DA:239,0
DA:242,0
DA:246,1
DA:247,0
DA:250,1
DA:251,0
DA:252,0
DA:253,0
DA:256,0
DA:257,0
DA:258,0
DA:259,0
DA:260,0
DA:262,0
DA:263,0
DA:269,1
DA:270,0
DA:271,0
DA:272,0
DA:274,0
DA:275,0
DA:277,0
DA:278,0
DA:284,1
DA:285,0
DA:286,0
DA:287,0
DA:290,0
DA:291,0
DA:292,0
DA:294,0
DA:295,0
DA:301,1
DA:302,0
DA:303,0
DA:304,0
DA:307,0
DA:309,0
DA:312,0
DA:315,0
DA:316,0
DA:321,1
DA:322,0
DA:323,0
DA:327,1
DA:328,0
DA:329,0
DA:330,0
DA:332,0
DA:333,0
DA:336,0
DA:337,0
DA:338,0
DA:339,0
DA:341,0
DA:342,0
DA:343,0
DA:346,0
DA:347,0
DA:348,0
DA:355,1
DA:356,0
DA:357,0
DA:358,0
DA:359,0
DA:360,0
DA:363,0
DA:364,0
DA:371,1
DA:372,0
DA:374,0
DA:375,0
DA:379,0
DA:382,0
DA:386,1
DA:387,0
DA:388,0
DA:389,0
DA:390,0
DA:391,0
DA:393,0
DA:394,0
DA:400,1
DA:401,0
DA:402,0
DA:403,0
DA:404,0
DA:405,0
DA:407,0
DA:408,0
DA:414,1
DA:415,0
DA:418,1
DA:419,0
DA:421,0
DA:423,0
DA:424,0
DA:427,0
DA:428,0
DA:431,0
DA:434,0
DA:435,0
DA:438,0
DA:441,0
DA:442,0
DA:445,0
DA:448,0
DA:449,0
DA:450,0
DA:452,0
DA:453,0
DA:454,0
DA:455,0
DA:456,0
DA:457,0
DA:459,0
DA:460,0
DA:466,1
DA:467,0
DA:469,0
DA:471,0
DA:472,0
DA:475,0
DA:476,0
DA:479,0
DA:482,0
DA:483,0
DA:486,0
DA:489,0
DA:490,0
DA:493,0
DA:496,0
DA:497,0
DA:498,0
DA:499,0
DA:500,0
DA:506,1
DA:507,0
DA:508,0
DA:509,0
DA:513,1
DA:514,0
DA:515,0
DA:516,0
DA:517,0
DA:518,0
DA:519,0
DA:520,0
DA:526,1
DA:527,0
DA:528,0
DA:532,1
DA:533,0
DA:534,0
DA:535,0
DA:536,0
DA:537,0
DA:539,0
DA:540,0
DA:546,1
DA:547,0
DA:548,0
DA:549,0
DA:550,0
DA:551,0
DA:552,0
DA:558,1
DA:559,0
DA:560,0
DA:564,1
DA:565,0
DA:566,0
DA:567,0
DA:572,1
DA:573,0
DA:574,0
DA:575,0
DA:576,0
DA:577,0
DA:583,1
DA:584,0
DA:585,0
DA:586,0
DA:587,0
DA:588,0
DA:595,1
DA:596,0
DA:597,0
DA:598,0
DA:600,0
DA:601,0
DA:602,0
DA:608,1
DA:609,0
DA:611,0
DA:614,0
DA:617,0
DA:621,1
DA:622,0
DA:624,0
DA:626,0
DA:627,0
DA:630,0
DA:631,0
DA:634,0
DA:637,0
DA:638,0
DA:641,0
DA:644,0
DA:645,0
DA:648,0
DA:651,0
DA:652,0
DA:653,0
DA:654,0
DA:655,0
DA:656,0
DA:657,0
DA:658,0
DA:660,0
DA:661,0
DA:667,1
DA:668,0
DA:669,0
DA:670,0
DA:675,1
DA:676,0
DA:677,0
DA:678,0
DA:679,0
DA:680,0
DA:681,0
DA:682,0
DA:688,1
DA:689,0
DA:690,0
DA:691,0
DA:692,0
DA:693,0
DA:695,0
DA:696,0
DA:703,1
DA:704,0
DA:705,0
DA:706,0
DA:707,0
DA:708,0
DA:709,0
DA:715,1
DA:716,0
DA:718,0
DA:721,0
DA:724,0
DA:728,1
DA:729,0
DA:730,0
DA:731,0
DA:732,0
DA:733,0
DA:734,0
DA:740,1
DA:741,0
DA:742,0
DA:743,0
DA:744,0
DA:745,0
DA:746,0
DA:751,0
DA:757,1
DA:758,0
DA:759,0
DA:760,0
DA:761,0
DA:762,0
DA:764,0
DA:765,0
DA:767,0
DA:768,0
DA:774,1
DA:775,0
DA:776,0
DA:777,0
DA:778,0
DA:779,0
DA:781,0
DA:782,0
DA:788,1
DA:789,1
DA:791,1
DA:792,1
DA:793,0
DA:795,0
DA:805,1
DA:808,0
DA:809,0
DA:812,0
DA:814,0
DA:815,0
DA:816,0
DA:818,0
DA:821,0
DA:826,0
DA:827,0
DA:828,0
DA:830,0
DA:835,0
DA:836,0
DA:837,0
DA:838,0
DA:846,0
DA:850,1
DA:853,1
DA:854,1
DA:856,1
DA:866,1
DA:867,0
DA:868,0
DA:871,0
DA:874,1
DA:875,0
DA:876,0
DA:879,0
DA:882,1
DA:883,0
DA:886,1
DA:887,0
DA:890,1
DA:891,0
DA:894,1
DA:895,0
DA:898,1
DA:899,0
DA:902,1
DA:903,0
DA:906,1
DA:907,0
DA:910,1
DA:911,0
DA:914,1
DA:915,0
DA:918,1
DA:919,0
DA:922,1
DA:923,0
DA:926,1
DA:927,0
DA:928,0
DA:931,0
DA:934,1
DA:935,0
DA:938,1
DA:939,0
DA:940,0
DA:941,0
DA:943,0
DA:944,0
DA:945,0
DA:946,0
DA:948,0
DA:949,0
DA:952,0
DA:955,1
DA:956,0
DA:959,1
DA:960,0
DA:963,1
DA:964,0
DA:967,1
DA:968,0
DA:971,1
DA:972,0
DA:975,1
DA:976,0
DA:979,1
DA:980,0
DA:983,1
DA:984,0
DA:987,1
DA:988,0
DA:991,1
DA:1073,1
DA:1086,1
DA:1109,1
DA:1110,0
DA:1111,0
DA:1112,0
DA:1113,0
DA:1114,0
DA:1116,0
DA:1120,0
DA:1123,0
DA:1124,0
DA:1125,0
DA:1127,0
DA:1128,0
DA:1129,0
DA:1130,0
DA:1133,0
DA:1135,0
DA:1139,1
DA:1140,0
DA:1141,0
DA:1143,0
DA:1144,0
DA:1148,1
DA:1149,0
DA:1150,0
DA:1153,0
DA:1156,1
DA:1157,0
DA:1160,1
DA:1161,0
DA:1164,1
DA:1165,0
DA:1168,1
DA:1169,0
DA:1172,1
DA:1173,0
DA:1176,1
DA:1177,0
DA:1180,1
DA:1183,0
DA:1201,0
DA:1214,1
DA:1215,1
LF:560
LH:152
BRDA:2,1,0,0
BRDA:2,1,1,1
BRDA:2,2,0,1
BRDA:2,2,1,0
BRDA:4,3,0,1
BRDA:4,3,1,0
BRDA:23,4,0,0
BRDA:23,4,1,13
BRDA:38,5,0,0
BRDA:38,5,1,1
BRDA:47,6,0,4
BRDA:47,6,1,4
BRDA:49,7,0,3
BRDA:49,7,1,1
BRDA:55,8,0,1
BRDA:55,8,1,0
BRDA:56,9,0,0
BRDA:56,9,1,1
BRDA:119,10,0,0
BRDA:119,10,1,0
BRDA:159,11,0,0
BRDA:159,11,1,0
BRDA:159,12,0,0
BRDA:159,12,1,0
BRDA:161,13,0,0
BRDA:161,13,1,0
BRDA:163,14,0,0
BRDA:163,14,1,0
BRDA:171,15,0,0
BRDA:171,15,1,0
BRDA:205,16,0,0
BRDA:205,16,1,0
BRDA:206,17,0,0
BRDA:206,17,1,0
BRDA:208,18,0,0
BRDA:208,18,1,0
BRDA:208,19,0,0
BRDA:208,19,1,0
BRDA:214,20,0,0
BRDA:214,20,1,0
BRDA:214,21,0,0
BRDA:214,21,1,0
BRDA:216,22,0,0
BRDA:216,22,1,0
BRDA:228,23,0,0
BRDA:228,23,1,0
BRDA:247,24,0,0
BRDA:247,24,1,0
BRDA:257,25,0,0
BRDA:257,25,1,0
BRDA:262,26,0,0
BRDA:262,26,1,0
BRDA:294,27,0,0
BRDA:294,27,1,0
BRDA:303,28,0,0
BRDA:303,28,1,0
BRDA:303,29,0,0
BRDA:303,29,1,0
BRDA:307,30,0,0
BRDA:307,30,1,0
BRDA:307,30,2,0
BRDA:315,31,0,0
BRDA:315,31,1,0
BRDA:315,32,0,0
BRDA:315,32,1,0
BRDA:322,33,0,0
BRDA:322,33,1,0
BRDA:336,34,0,0
BRDA:336,34,1,0
BRDA:341,35,0,0
BRDA:341,35,1,0
BRDA:372,36,0,0
BRDA:372,36,1,0
BRDA:372,36,2,0
BRDA:382,37,0,0
BRDA:382,37,1,0
BRDA:393,38,0,0
BRDA:393,38,1,0
BRDA:407,39,0,0
BRDA:407,39,1,0
BRDA:415,40,0,0
BRDA:415,40,1,0
BRDA:415,41,0,0
BRDA:415,41,1,0
BRDA:415,42,0,0
BRDA:415,42,1,0
BRDA:421,43,0,0
BRDA:421,43,1,0
BRDA:421,43,2,0
BRDA:421,43,3,0
BRDA:455,44,0,0
BRDA:455,44,1,0
BRDA:459,45,0,0
BRDA:459,45,1,0
BRDA:469,46,0,0
BRDA:469,46,1,0
BRDA:469,46,2,0
BRDA:469,46,3,0
BRDA:500,47,0,0
BRDA:500,47,1,0
BRDA:507,48,0,0
BRDA:507,48,1,0
BRDA:507,49,0,0
BRDA:507,49,1,0
BRDA:508,50,0,0
BRDA:508,50,1,0
BRDA:509,51,0,0
BRDA:509,51,1,0
BRDA:514,52,0,0
BRDA:514,52,1,0
BRDA:515,53,0,0
BRDA:515,53,1,0
BRDA:528,54,0,0
BRDA:528,54,1,0
BRDA:550,55,0,0
BRDA:550,55,1,0
BRDA:560,56,0,0
BRDA:560,56,1,0
BRDA:577,57,0,0
BRDA:577,57,1,0
BRDA:601,58,0,0
BRDA:601,58,1,0
BRDA:601,59,0,0
BRDA:601,59,1,0
BRDA:602,60,0,0
BRDA:602,60,1,0
BRDA:609,61,0,0
BRDA:609,61,1,0
BRDA:609,61,2,0
BRDA:611,62,0,0
BRDA:611,62,1,0
BRDA:611,63,0,0
BRDA:611,63,1,0
BRDA:617,64,0,0
BRDA:617,64,1,0
BRDA:624,65,0,0
BRDA:624,65,1,0
BRDA:624,65,2,0
BRDA:624,65,3,0
BRDA:656,66,0,0
BRDA:656,66,1,0
BRDA:682,67,0,0
BRDA:682,67,1,0
BRDA:709,68,0,0
BRDA:709,68,1,0
BRDA:716,69,0,0
BRDA:716,69,1,0
BRDA:716,69,2,0
BRDA:718,70,0,0
BRDA:718,70,1,0
BRDA:718,71,0,0
BRDA:718,71,1,0
BRDA:724,72,0,0
BRDA:724,72,1,0
BRDA:730,73,0,0
BRDA:730,73,1,0
BRDA:758,74,0,0
BRDA:758,74,1,0
BRDA:758,75,0,0
BRDA:758,75,1,0
BRDA:759,76,0,0
BRDA:759,76,1,0
BRDA:759,77,0,0
BRDA:759,77,1,0
BRDA:808,78,0,0
BRDA:808,78,1,0
BRDA:814,79,0,0
BRDA:814,79,1,0
BRDA:835,80,0,0
BRDA:835,80,1,0
BRDA:836,81,0,0
BRDA:836,81,1,0
BRDA:838,82,0,0
BRDA:838,82,1,0
BRDA:939,83,0,0
BRDA:939,83,1,0
BRDA:940,84,0,0
BRDA:940,84,1,0
BRDA:1110,85,0,0
BRDA:1110,85,1,0
BRDA:1112,86,0,0
BRDA:1112,86,1,0
BRDA:1114,87,0,0
BRDA:1114,87,1,0
BRDA:1116,88,0,0
BRDA:1116,88,1,0
BRDA:1116,88,2,0
BRDA:1116,88,3,0
BRDA:1124,89,0,0
BRDA:1124,89,1,0
BRDA:1129,90,0,0
BRDA:1129,90,1,0
BRDA:1144,91,0,0
BRDA:1144,91,1,0
BRDA:1144,92,0,0
BRDA:1144,92,1,0
BRDA:1144,92,2,0
BRF:197
BRH:11
end_of_record
